{
  "stats": {
    "suites": 2,
    "tests": 25,
    "passes": 24,
    "pending": 1,
    "failures": 0,
    "start": "2020-11-30T23:16:15.451Z",
    "end": "2020-11-30T23:17:10.931Z",
    "duration": 55480,
    "testsRegistered": 26,
    "passPercent": 96,
    "pendingPercent": 3.8461538461538463,
    "other": 1,
    "hasOther": true,
    "skipped": 1,
    "hasSkipped": true
  },
  "results": [
    {
      "uuid": "b495fede-1e0b-47eb-aa73-6585989cdb26",
      "title": "",
      "fullFile": "cypress/integration/homepage-smoke.spec.js",
      "file": "cypress/integration/homepage-smoke.spec.js",
      "beforeHooks": [],
      "afterHooks": [],
      "tests": [],
      "suites": [
        {
          "uuid": "f5003cec-fb04-41fa-aecb-8b3644d1cc55",
          "title": "Home page tests : Tests execution date and time : Mon Nov 30 2020 23:16:15 GMT+0000 (Coordinated Universal Time)",
          "fullFile": "",
          "file": "",
          "beforeHooks": [],
          "afterHooks": [],
          "tests": [
            {
              "title": "It shows the home page",
              "fullTitle": "Home page tests : Tests execution date and time : Mon Nov 30 2020 23:16:15 GMT+0000 (Coordinated Universal Time) It shows the home page",
              "timedOut": null,
              "duration": 967,
              "state": "passed",
              "speed": "slow",
              "pass": true,
              "fail": false,
              "pending": false,
              "context": null,
              "code": "homePage.getCovidMessage().should(\"exist\");\nhomePage.getTeachingImage().should(\"exist\");\nhomePage.getMailingStripText().should(\"exist\");\nhomePage.getMailingStripText().siblings().should(\"exist\");\ncy.shouldHaveTalkToUsSection();\ncy.shouldHaveFooter();",
              "err": {},
              "uuid": "73fbe4ba-72b0-48a1-9a20-4cd5776621a6",
              "parentUUID": "f5003cec-fb04-41fa-aecb-8b3644d1cc55",
              "isHook": false,
              "skipped": false
            },
            {
              "title": "Links through to \"Funding your training\"",
              "fullTitle": "Home page tests : Tests execution date and time : Mon Nov 30 2020 23:16:15 GMT+0000 (Coordinated Universal Time) Links through to \"Funding your training\"",
              "timedOut": null,
              "duration": 1859,
              "state": "passed",
              "speed": "slow",
              "pass": true,
              "fail": false,
              "pending": false,
              "context": null,
              "code": "homePage.getFundingyourTrainingLink().then(function (linkText) {\n  cy.contains(linkText.text()).should(function (el) {\n    expect(el).to.have.attr(\"href\", _Navlinks[\"default\"].fundingYourTraining);\n  }).click();\n});\ncy.location(\"pathname\").should(\"equal\", _Navlinks[\"default\"].fundingYourTraining);\ncy.shouldHaveTalkToUsSection();\ncy.shouldHaveFooter();",
              "err": {},
              "uuid": "625b121d-25a1-44a4-bc9b-33299c35d6ec",
              "parentUUID": "f5003cec-fb04-41fa-aecb-8b3644d1cc55",
              "isHook": false,
              "skipped": false
            },
            {
              "title": "Links through to \"Steps to become a teacher\"",
              "fullTitle": "Home page tests : Tests execution date and time : Mon Nov 30 2020 23:16:15 GMT+0000 (Coordinated Universal Time) Links through to \"Steps to become a teacher\"",
              "timedOut": null,
              "duration": 1126,
              "state": "passed",
              "speed": "slow",
              "pass": true,
              "fail": false,
              "pending": false,
              "context": null,
              "code": "homePage.getStepstoBecomeTeacherLink().then(function (linkText) {\n  cy.contains(linkText.text()).should(function (el) {\n    expect(el).to.have.attr(\"href\", _Navlinks[\"default\"].stepsToBecomeATeacher);\n  }).click();\n});\ncy.location(\"pathname\").should(\"equal\", _Navlinks[\"default\"].stepsToBecomeATeacher);\ncy.shouldHaveTalkToUsSection();\ncy.shouldHaveFooter();",
              "err": {},
              "uuid": "4e4895da-083a-4972-8fc6-b266949906ba",
              "parentUUID": "f5003cec-fb04-41fa-aecb-8b3644d1cc55",
              "isHook": false,
              "skipped": false
            },
            {
              "title": "Links through to \"Teaching as a career\"",
              "fullTitle": "Home page tests : Tests execution date and time : Mon Nov 30 2020 23:16:15 GMT+0000 (Coordinated Universal Time) Links through to \"Teaching as a career\"",
              "timedOut": null,
              "duration": 1018,
              "state": "passed",
              "speed": "slow",
              "pass": true,
              "fail": false,
              "pending": false,
              "context": null,
              "code": "homePage.getTeachingAsaCareerLink().then(function (linkText) {\n  cy.contains(linkText.text()).should(function (el) {\n    expect(el).to.have.attr(\"href\", _Navlinks[\"default\"].lifeAsATeacher);\n  }).click();\n});\ncy.location(\"pathname\").should(\"equal\", _Navlinks[\"default\"].lifeAsATeacher);\ncy.shouldHaveTalkToUsSection();\ncy.shouldHaveFooter();",
              "err": {},
              "uuid": "4ea9d299-c63b-4b32-b551-39adea519370",
              "parentUUID": "f5003cec-fb04-41fa-aecb-8b3644d1cc55",
              "isHook": false,
              "skipped": false
            },
            {
              "title": "Links through to \"Salaries and benefits\"",
              "fullTitle": "Home page tests : Tests execution date and time : Mon Nov 30 2020 23:16:15 GMT+0000 (Coordinated Universal Time) Links through to \"Salaries and benefits\"",
              "timedOut": null,
              "duration": 1172,
              "state": "passed",
              "speed": "slow",
              "pass": true,
              "fail": false,
              "pending": false,
              "context": null,
              "code": "homePage.getSalariesAndBenefitsLink().then(function (linkText) {\n  cy.contains(linkText.text()).should(function (el) {\n    expect(el).to.have.attr(\"href\", _Navlinks[\"default\"].salariesAndBenefits);\n  }).click();\n});\ncy.location(\"pathname\").should(\"equal\", _Navlinks[\"default\"].salariesAndBenefits);\ncy.shouldHaveTalkToUsSection();\ncy.shouldHaveFooter();",
              "err": {},
              "uuid": "79ab62a1-0154-465c-8c1f-3d9ac43323aa",
              "parentUUID": "f5003cec-fb04-41fa-aecb-8b3644d1cc55",
              "isHook": false,
              "skipped": false
            },
            {
              "title": "Links through to \"Find an event near you\"",
              "fullTitle": "Home page tests : Tests execution date and time : Mon Nov 30 2020 23:16:15 GMT+0000 (Coordinated Universal Time) Links through to \"Find an event near you\"",
              "timedOut": null,
              "duration": 1103,
              "state": "passed",
              "speed": "slow",
              "pass": true,
              "fail": false,
              "pending": false,
              "context": null,
              "code": "homePage.getFindanEventNearYouLink().then(function (linkText) {\n  cy.contains(linkText.text()).should(function (el) {\n    expect(el).to.have.attr(\"href\", _Navlinks[\"default\"].events);\n  }).click();\n});\ncy.location(\"pathname\").should(\"equal\", _Navlinks[\"default\"].events);\ncy.shouldHaveTalkToUsSection();\ncy.shouldHaveFooter();",
              "err": {},
              "uuid": "9c365b3f-7f46-43cd-8432-33e4b9cad4c7",
              "parentUUID": "f5003cec-fb04-41fa-aecb-8b3644d1cc55",
              "isHook": false,
              "skipped": false
            },
            {
              "title": "Links through to \"Please check here for updates\"",
              "fullTitle": "Home page tests : Tests execution date and time : Mon Nov 30 2020 23:16:15 GMT+0000 (Coordinated Universal Time) Links through to \"Please check here for updates\"",
              "timedOut": null,
              "duration": 1045,
              "state": "passed",
              "speed": "slow",
              "pass": true,
              "fail": false,
              "pending": false,
              "context": null,
              "code": "cy.contains(\"Please check here for updates\").then(function (linkText) {\n  cy.contains(linkText.text()).should(function (el) {\n    expect(el).to.have.attr(\"href\", _Navlinks[\"default\"].covid19);\n  }).click();\n});\ncy.location(\"pathname\").should(\"equal\", _Navlinks[\"default\"].covid19);\ncy.shouldHaveTalkToUsSection();\ncy.shouldHaveFooter();",
              "err": {},
              "uuid": "369f3c7a-ffea-4b1b-b74b-ac773780ac57",
              "parentUUID": "f5003cec-fb04-41fa-aecb-8b3644d1cc55",
              "isHook": false,
              "skipped": false
            },
            {
              "title": "Links through to \"Sign up here\"",
              "fullTitle": "Home page tests : Tests execution date and time : Mon Nov 30 2020 23:16:15 GMT+0000 (Coordinated Universal Time) Links through to \"Sign up here\"",
              "timedOut": null,
              "duration": 1161,
              "state": "passed",
              "speed": "slow",
              "pass": true,
              "fail": false,
              "pending": false,
              "context": null,
              "code": "homePage.getMailingStripButton().dblclick();\ncy.location(\"pathname\").should(\"equal\", _Navlinks[\"default\"].mailingListSignup);",
              "err": {},
              "uuid": "3bc0e534-883c-48db-bba3-1a51b9cfae67",
              "parentUUID": "f5003cec-fb04-41fa-aecb-8b3644d1cc55",
              "isHook": false,
              "skipped": false
            },
            {
              "title": "Links through to \"My story into teaching\"",
              "fullTitle": "Home page tests : Tests execution date and time : Mon Nov 30 2020 23:16:15 GMT+0000 (Coordinated Universal Time) Links through to \"My story into teaching\"",
              "timedOut": null,
              "duration": 1071,
              "state": "passed",
              "speed": "slow",
              "pass": true,
              "fail": false,
              "pending": false,
              "context": null,
              "code": "homePage.getMyStoryInToTeaching().click();\ncy.location(\"pathname\").should(\"equal\", _Navlinks[\"default\"].myStoryIntoTeaching);\ncy.shouldHaveTalkToUsSection();\ncy.shouldHaveFooter();",
              "err": {},
              "uuid": "2dd349da-5cef-4485-9486-2732240b07c8",
              "parentUUID": "f5003cec-fb04-41fa-aecb-8b3644d1cc55",
              "isHook": false,
              "skipped": false
            },
            {
              "title": "Links through to \"career-changers stories\"",
              "fullTitle": "Home page tests : Tests execution date and time : Mon Nov 30 2020 23:16:15 GMT+0000 (Coordinated Universal Time) Links through to \"career-changers stories\"",
              "timedOut": null,
              "duration": 1551,
              "state": "passed",
              "speed": "slow",
              "pass": true,
              "fail": false,
              "pending": false,
              "context": null,
              "code": "homePage.getMyStoryInToTeaching().click();\ncy.contains(\"a\", \"Read all stories about changing career\").click();\ncy.location(\"pathname\").should(\"equal\", _Navlinks[\"default\"].careerChangers);",
              "err": {},
              "uuid": "b690a924-3cce-47ef-92ed-dbd1b7760d2e",
              "parentUUID": "f5003cec-fb04-41fa-aecb-8b3644d1cc55",
              "isHook": false,
              "skipped": false
            },
            {
              "title": "Links through to \"international-career-changers\"",
              "fullTitle": "Home page tests : Tests execution date and time : Mon Nov 30 2020 23:16:15 GMT+0000 (Coordinated Universal Time) Links through to \"international-career-changers\"",
              "timedOut": null,
              "duration": 1794,
              "state": "passed",
              "speed": "slow",
              "pass": true,
              "fail": false,
              "pending": false,
              "context": null,
              "code": "homePage.getMyStoryInToTeaching().click();\ncy.contains(\"a\", \"Read all stories about international returning teachers\").click();\ncy.location(\"pathname\").should(\"equal\", _Navlinks[\"default\"].internationalCareerChangers);",
              "err": {},
              "uuid": "f57a4dbf-5fea-455b-84a7-8c5fedb178dd",
              "parentUUID": "f5003cec-fb04-41fa-aecb-8b3644d1cc55",
              "isHook": false,
              "skipped": false
            },
            {
              "title": "Links through to \"teacher-training-stories\"",
              "fullTitle": "Home page tests : Tests execution date and time : Mon Nov 30 2020 23:16:15 GMT+0000 (Coordinated Universal Time) Links through to \"teacher-training-stories\"",
              "timedOut": null,
              "duration": 2096,
              "state": "passed",
              "speed": "slow",
              "pass": true,
              "fail": false,
              "pending": false,
              "context": null,
              "code": "homePage.getMyStoryInToTeaching().click();\ncy.contains(\"a\", \"Read all stories about teacher training\").click();\ncy.location(\"pathname\").should(\"equal\", _Navlinks[\"default\"].teacherTrainingStories);",
              "err": {},
              "uuid": "09f8ece5-da00-4232-8c38-d9af5e04ae81",
              "parentUUID": "f5003cec-fb04-41fa-aecb-8b3644d1cc55",
              "isHook": false,
              "skipped": false
            },
            {
              "title": "Links through to \"making-a-difference\"",
              "fullTitle": "Home page tests : Tests execution date and time : Mon Nov 30 2020 23:16:15 GMT+0000 (Coordinated Universal Time) Links through to \"making-a-difference\"",
              "timedOut": null,
              "duration": 1367,
              "state": "passed",
              "speed": "slow",
              "pass": true,
              "fail": false,
              "pending": false,
              "context": null,
              "code": "homePage.getMyStoryInToTeaching().click();\ncy.contains(\"a\", \"Read all stories about making a difference\").click();\ncy.location(\"pathname\").should(\"equal\", _Navlinks[\"default\"].makingADifference);",
              "err": {},
              "uuid": "5767e4fe-869e-4a56-a542-73c54ff45c47",
              "parentUUID": "f5003cec-fb04-41fa-aecb-8b3644d1cc55",
              "isHook": false,
              "skipped": false
            },
            {
              "title": "Links through to \"career-progression\"",
              "fullTitle": "Home page tests : Tests execution date and time : Mon Nov 30 2020 23:16:15 GMT+0000 (Coordinated Universal Time) Links through to \"career-progression\"",
              "timedOut": null,
              "duration": 1754,
              "state": "passed",
              "speed": "slow",
              "pass": true,
              "fail": false,
              "pending": false,
              "context": null,
              "code": "homePage.getMyStoryInToTeaching().click();\ncy.contains(\"a\", \"Read all stories about career progression\").click();\ncy.location(\"pathname\").should(\"equal\", _Navlinks[\"default\"].careerProgression);",
              "err": {},
              "uuid": "7b2bcac7-4e2c-4d16-99bc-e858b0305eba",
              "parentUUID": "f5003cec-fb04-41fa-aecb-8b3644d1cc55",
              "isHook": false,
              "skipped": false
            },
            {
              "title": "Links through to \"returning to teaching\"",
              "fullTitle": "Home page tests : Tests execution date and time : Mon Nov 30 2020 23:16:15 GMT+0000 (Coordinated Universal Time) Links through to \"returning to teaching\"",
              "timedOut": null,
              "duration": 2145,
              "state": "passed",
              "speed": "slow",
              "pass": true,
              "fail": false,
              "pending": false,
              "context": null,
              "code": "homePage.getMyStoryInToTeaching().click();\ncy.contains(\"a\", \"Read all stories about returning to teaching\").click();\ncy.location(\"pathname\").should(\"equal\", _Navlinks[\"default\"].returners);",
              "err": {},
              "uuid": "2aed23d4-dc0c-4624-9641-8252c7b76b3d",
              "parentUUID": "f5003cec-fb04-41fa-aecb-8b3644d1cc55",
              "isHook": false,
              "skipped": false
            },
            {
              "title": "Links through to \"Find events\"",
              "fullTitle": "Home page tests : Tests execution date and time : Mon Nov 30 2020 23:16:15 GMT+0000 (Coordinated Universal Time) Links through to \"Find events\"",
              "timedOut": null,
              "duration": 1114,
              "state": "passed",
              "speed": "slow",
              "pass": true,
              "fail": false,
              "pending": false,
              "context": null,
              "code": "homePage.getFindEventLink().click();\ncy.location(\"pathname\").should(\"equal\", _Navlinks[\"default\"].events);\nhomePage.getBannerText().should(\"exist\").should(\"have.text\", \"Find an event near you\");\ncy.shouldHavePageNavigation();\ncy.shouldHaveTalkToUsSection();\ncy.shouldHaveFooter();",
              "err": {},
              "uuid": "10fe4018-65dc-403b-ae9e-ebecaab8cad4",
              "parentUUID": "f5003cec-fb04-41fa-aecb-8b3644d1cc55",
              "isHook": false,
              "skipped": false
            },
            {
              "title": "Links through to \"Check your qualifications\"",
              "fullTitle": "Home page tests : Tests execution date and time : Mon Nov 30 2020 23:16:15 GMT+0000 (Coordinated Universal Time) Links through to \"Check your qualifications\"",
              "timedOut": null,
              "duration": 1481,
              "state": "passed",
              "speed": "slow",
              "pass": true,
              "fail": false,
              "pending": false,
              "context": null,
              "code": "homePage.getCheckYourQualificationsLink().click();\ncy.location(\"pathname\").should(\"equal\", _Navlinks[\"default\"].stepsToBecomeATeacher);\nhomePage.getBannerText().should(\"exist\");\ncy.shouldHaveTalkToUsSection();\ncy.shouldHaveFooter();",
              "err": {},
              "uuid": "e6566235-22da-4dc3-9867-f2911b64165f",
              "parentUUID": "f5003cec-fb04-41fa-aecb-8b3644d1cc55",
              "isHook": false,
              "skipped": false
            },
            {
              "title": "Links through to \"Ways to train\"",
              "fullTitle": "Home page tests : Tests execution date and time : Mon Nov 30 2020 23:16:15 GMT+0000 (Coordinated Universal Time) Links through to \"Ways to train\"",
              "timedOut": null,
              "duration": 1516,
              "state": "passed",
              "speed": "slow",
              "pass": true,
              "fail": false,
              "pending": false,
              "context": null,
              "code": "homePage.getWaystoTrainLink().siblings().click();\ncy.location(\"pathname\").should(\"equal\", _Navlinks[\"default\"].stepsToBecomeATeacher);\nhomePage.getBannerText().should(\"exist\");\ncy.shouldHaveTalkToUsSection();\ncy.shouldHaveFooter();",
              "err": {},
              "uuid": "33650c2a-923e-4915-a242-60aead5f576b",
              "parentUUID": "f5003cec-fb04-41fa-aecb-8b3644d1cc55",
              "isHook": false,
              "skipped": false
            },
            {
              "title": "Links through to facebook page",
              "fullTitle": "Home page tests : Tests execution date and time : Mon Nov 30 2020 23:16:15 GMT+0000 (Coordinated Universal Time) Links through to facebook page",
              "timedOut": null,
              "duration": 8014,
              "state": "passed",
              "speed": "slow",
              "pass": true,
              "fail": false,
              "pending": false,
              "context": null,
              "code": "homePage.getSocialMediaLink(0).invoke(\"removeAttr\", \"target\").click();\ncy.url().then(function (url) {\n  expect(url).equal(_Navlinks[\"default\"].facebook);\n});",
              "err": {},
              "uuid": "8a8e2d14-fb3c-4b69-a01d-d888aca97e7e",
              "parentUUID": "f5003cec-fb04-41fa-aecb-8b3644d1cc55",
              "isHook": false,
              "skipped": false
            },
            {
              "title": "Links through to instagram page",
              "fullTitle": "Home page tests : Tests execution date and time : Mon Nov 30 2020 23:16:15 GMT+0000 (Coordinated Universal Time) Links through to instagram page",
              "timedOut": null,
              "duration": 2743,
              "state": "passed",
              "speed": "slow",
              "pass": true,
              "fail": false,
              "pending": false,
              "context": null,
              "code": "homePage.getSocialMediaLink(1).invoke(\"removeAttr\", \"target\").click();\ncy.url().then(function (url) {\n  expect(url).contains(_Navlinks[\"default\"].instagram);\n});",
              "err": {},
              "uuid": "15d1dae8-b813-4ea7-960b-d11c943efb89",
              "parentUUID": "f5003cec-fb04-41fa-aecb-8b3644d1cc55",
              "isHook": false,
              "skipped": false
            },
            {
              "title": "Links through to linkedin page",
              "fullTitle": "Home page tests : Tests execution date and time : Mon Nov 30 2020 23:16:15 GMT+0000 (Coordinated Universal Time) Links through to linkedin page",
              "timedOut": null,
              "duration": 1406,
              "state": "passed",
              "speed": "slow",
              "pass": true,
              "fail": false,
              "pending": false,
              "context": null,
              "code": "homePage.getSocialMediaLink(2).invoke(\"removeAttr\", \"target\").click();\ncy.url().then(function (url) {\n  expect(url).contains(_Navlinks[\"default\"].linkedin);\n});",
              "err": {},
              "uuid": "b6a46906-b88f-4b80-817c-0a57e784b6a5",
              "parentUUID": "f5003cec-fb04-41fa-aecb-8b3644d1cc55",
              "isHook": false,
              "skipped": false
            },
            {
              "title": "Links through to twitter page",
              "fullTitle": "Home page tests : Tests execution date and time : Mon Nov 30 2020 23:16:15 GMT+0000 (Coordinated Universal Time) Links through to twitter page",
              "timedOut": null,
              "duration": 6347,
              "state": "passed",
              "speed": "slow",
              "pass": true,
              "fail": false,
              "pending": false,
              "context": null,
              "code": "homePage.getSocialMediaLink(3).invoke(\"removeAttr\", \"target\").click();\ncy.url().then(function (url) {\n  expect(url).equal(_Navlinks[\"default\"].twitter);\n});",
              "err": {},
              "uuid": "44087485-738e-4de6-8e5b-0179d50cbb6d",
              "parentUUID": "f5003cec-fb04-41fa-aecb-8b3644d1cc55",
              "isHook": false,
              "skipped": false
            },
            {
              "title": "Links through to youtube page",
              "fullTitle": "Home page tests : Tests execution date and time : Mon Nov 30 2020 23:16:15 GMT+0000 (Coordinated Universal Time) Links through to youtube page",
              "timedOut": null,
              "duration": 0,
              "state": "pending",
              "speed": null,
              "pass": false,
              "fail": false,
              "pending": true,
              "context": null,
              "code": "",
              "err": {},
              "uuid": "be2765e0-b2cb-496f-9e7e-a42d0540bb22",
              "parentUUID": "f5003cec-fb04-41fa-aecb-8b3644d1cc55",
              "isHook": false,
              "skipped": false
            },
            {
              "title": "It matches the event date, time and location with previous page",
              "fullTitle": "Home page tests : Tests execution date and time : Mon Nov 30 2020 23:16:15 GMT+0000 (Coordinated Universal Time) It matches the event date, time and location with previous page",
              "timedOut": null,
              "duration": 6863,
              "state": "failed",
              "speed": null,
              "pass": false,
              "fail": true,
              "pending": false,
              "context": null,
              "code": "var eventDateAndTime;\nhomePage.getFindEventLink().click();\ncy.get(\"#events_search_month\").as(\"month\").children().first().then(function (option) {\n  cy.get(\"@month\").select(option.text());\n});\ncy.get(\".request-button\").click();\ncy.get(\".event-box__header\").as(\"1steventName\").should(\"exist\").eq(0).then(function (eventName) {\n  cy.log(\"Event Name : \" + eventName.text());\n  cy.get(\"@1steventName\").siblings().eq(0).then(function (eventDateandTime) {\n    cy.log(\"Event date and Time : \" + eventDateandTime.text());\n    eventDateAndTime = eventDateandTime.text();\n    cy.get(\"@1steventName\").eq(0).click();\n    cy.get(\".content__left > h1\").should(\"contain.text\", eventName.text().trim());\n  });\n});\ncy.get(\".event-info__date\").then(function (eventDateandTimeonNextPage) {\n  var expectedEventDateAndTime = eventDateandTimeonNextPage.text();\n  expectedEventDateAndTime = expectedEventDateAndTime.replace(\"at\", \"\");\n  expect(eventDateAndTime.trim()).to.equal(expectedEventDateAndTime.trim());\n});",
              "err": {
                "message": "AssertionError: Timed out retrying: Expected to find element: `.event-box__header`, but never found it.",
                "estack": "AssertionError: Timed out retrying: Expected to find element: `.event-box__header`, but never found it.\n    at Context.eval (https://get-into-teaching-app-test.london.cloudapps.digital/__cypress/tests?p=cypress/integration/homepage-smoke.spec.js:382:53)",
                "diff": null
              },
              "uuid": "8ba44e5e-425e-4194-bfa4-2b776083f128",
              "parentUUID": "f5003cec-fb04-41fa-aecb-8b3644d1cc55",
              "isHook": false,
              "skipped": false
            },
            {
              "title": "Has no detectable a11y violations on load (filtering to only include critical impact violations)",
              "fullTitle": "Home page tests : Tests execution date and time : Mon Nov 30 2020 23:16:15 GMT+0000 (Coordinated Universal Time) Has no detectable a11y violations on load (filtering to only include critical impact violations)",
              "timedOut": null,
              "duration": 1441,
              "state": "passed",
              "speed": "slow",
              "pass": true,
              "fail": false,
              "pending": false,
              "context": null,
              "code": "// Test on initial load, only report and assert for critical impact items\ncy.checkA11y(null, {\n  includedImpacts: [\"critical\"]\n});",
              "err": {},
              "uuid": "20bd9bf6-c638-4444-949e-613e7f005dc4",
              "parentUUID": "f5003cec-fb04-41fa-aecb-8b3644d1cc55",
              "isHook": false,
              "skipped": false
            }
          ],
          "suites": [],
          "passes": [
            "73fbe4ba-72b0-48a1-9a20-4cd5776621a6",
            "625b121d-25a1-44a4-bc9b-33299c35d6ec",
            "4e4895da-083a-4972-8fc6-b266949906ba",
            "4ea9d299-c63b-4b32-b551-39adea519370",
            "79ab62a1-0154-465c-8c1f-3d9ac43323aa",
            "9c365b3f-7f46-43cd-8432-33e4b9cad4c7",
            "369f3c7a-ffea-4b1b-b74b-ac773780ac57",
            "3bc0e534-883c-48db-bba3-1a51b9cfae67",
            "2dd349da-5cef-4485-9486-2732240b07c8",
            "b690a924-3cce-47ef-92ed-dbd1b7760d2e",
            "f57a4dbf-5fea-455b-84a7-8c5fedb178dd",
            "09f8ece5-da00-4232-8c38-d9af5e04ae81",
            "5767e4fe-869e-4a56-a542-73c54ff45c47",
            "7b2bcac7-4e2c-4d16-99bc-e858b0305eba",
            "2aed23d4-dc0c-4624-9641-8252c7b76b3d",
            "10fe4018-65dc-403b-ae9e-ebecaab8cad4",
            "e6566235-22da-4dc3-9867-f2911b64165f",
            "33650c2a-923e-4915-a242-60aead5f576b",
            "8a8e2d14-fb3c-4b69-a01d-d888aca97e7e",
            "15d1dae8-b813-4ea7-960b-d11c943efb89",
            "b6a46906-b88f-4b80-817c-0a57e784b6a5",
            "44087485-738e-4de6-8e5b-0179d50cbb6d",
            "20bd9bf6-c638-4444-949e-613e7f005dc4"
          ],
          "failures": [
            "8ba44e5e-425e-4194-bfa4-2b776083f128"
          ],
          "pending": [
            "be2765e0-b2cb-496f-9e7e-a42d0540bb22"
          ],
          "skipped": [],
          "duration": 52154,
          "root": false,
          "rootEmpty": false,
          "_timeout": 2000
        },
        {
          "uuid": "043766ca-95fb-40cc-8602-04c12a216492",
          "title": "Feature - 404 Not Found unknown_route : Mon Nov 30 2020 23:17:10 GMT+0000 (Coordinated Universal Time)",
          "fullFile": "",
          "file": "",
          "beforeHooks": [],
          "afterHooks": [],
          "tests": [
            {
              "title": "It should show \"404\tNot Found unknown_route\" if the user enters a bad URL",
              "fullTitle": "Feature - 404 Not Found unknown_route : Mon Nov 30 2020 23:17:10 GMT+0000 (Coordinated Universal Time) It should show \"404\tNot Found unknown_route\" if the user enters a bad URL",
              "timedOut": null,
              "duration": 286,
              "state": "passed",
              "speed": "slow",
              "pass": true,
              "fail": false,
              "pending": false,
              "context": null,
              "code": "cy.visit({\n  url: \"https://get-into-teaching-apps-test.london.cloudapps.digital/\",\n  method: \"GET\",\n  failOnStatusCode: false\n});\ncy.verify404ErrorMessage();",
              "err": {},
              "uuid": "47a0c1b9-98e7-4623-be3f-e840ca3f5d23",
              "parentUUID": "043766ca-95fb-40cc-8602-04c12a216492",
              "isHook": false,
              "skipped": false
            }
          ],
          "suites": [],
          "passes": [
            "47a0c1b9-98e7-4623-be3f-e840ca3f5d23"
          ],
          "failures": [],
          "pending": [],
          "skipped": [],
          "duration": 286,
          "root": false,
          "rootEmpty": false,
          "_timeout": 2000
        }
      ],
      "passes": [],
      "failures": [],
      "pending": [],
      "skipped": [],
      "duration": 0,
      "root": true,
      "rootEmpty": true,
      "_timeout": 2000
    }
  ],
  "meta": {
    "mocha": {
      "version": "7.0.1"
    },
    "mochawesome": {
      "options": {
        "quiet": false,
        "reportFilename": "testreport",
        "saveHtml": false,
        "saveJson": true,
        "consoleReporter": "spec",
        "useInlineDiffs": false,
        "code": true
      },
      "version": "6.2.1"
    },
    "marge": {
      "options": {
        "id": "default",
        "reportDir": "cypress/reports",
        "reportFilename": "testreport",
        "quite": true,
        "overwrite": false,
        "html": false,
        "json": true
      },
      "version": "5.1.0"
    }
  }
}