{
  "stats": {
    "suites": 2,
    "tests": 25,
    "passes": 25,
    "pending": 1,
    "failures": -1,
    "start": "2020-11-30T10:14:57.901Z",
    "end": "2020-11-30T10:15:47.882Z",
    "duration": 49981,
    "testsRegistered": 26,
    "passPercent": 100,
    "pendingPercent": 3.8461538461538463,
    "other": 1,
    "hasOther": true,
    "skipped": 1,
    "hasSkipped": true
  },
  "results": [
    {
      "uuid": "a3548c70-465f-497c-aa59-1915bf6cb59b",
      "title": "",
      "fullFile": "cypress\\integration\\homepage-smoke.spec.js",
      "file": "cypress\\integration\\homepage-smoke.spec.js",
      "beforeHooks": [],
      "afterHooks": [],
      "tests": [],
      "suites": [
        {
          "uuid": "68293a2b-2a9f-4d34-8c3c-1d6c83e3f1da",
          "title": "Home page tests : Tests execution date and time : Mon Nov 30 2020 10:14:57 GMT+0000 (Greenwich Mean Time)",
          "fullFile": "",
          "file": "",
          "beforeHooks": [],
          "afterHooks": [],
          "tests": [
            {
              "title": "It shows the home page",
              "fullTitle": "Home page tests : Tests execution date and time : Mon Nov 30 2020 10:14:57 GMT+0000 (Greenwich Mean Time) It shows the home page",
              "timedOut": null,
              "duration": 1457,
              "state": "passed",
              "speed": "slow",
              "pass": true,
              "fail": false,
              "pending": false,
              "context": null,
              "code": "homePage.getCovidMessage().should(\"exist\");\nhomePage.getTeachingImage().should(\"exist\");\nhomePage.getMailingStripText().should(\"exist\");\nhomePage.getMailingStripText().siblings().should(\"exist\");\ncy.shouldHaveTalkToUsSection();\ncy.shouldHaveFooter();",
              "err": {},
              "uuid": "b82cf588-c846-4c95-838f-bf86f6db6211",
              "parentUUID": "68293a2b-2a9f-4d34-8c3c-1d6c83e3f1da",
              "isHook": false,
              "skipped": false
            },
            {
              "title": "Links through to \"Funding your training\"",
              "fullTitle": "Home page tests : Tests execution date and time : Mon Nov 30 2020 10:14:57 GMT+0000 (Greenwich Mean Time) Links through to \"Funding your training\"",
              "timedOut": null,
              "duration": 1306,
              "state": "passed",
              "speed": "slow",
              "pass": true,
              "fail": false,
              "pending": false,
              "context": null,
              "code": "homePage.getFundingyourTrainingLink().then(function (linkText) {\n  cy.contains(linkText.text()).should(function (el) {\n    expect(el).to.have.attr(\"href\", _Navlinks[\"default\"].fundingYourTraining);\n  }).click();\n});\ncy.location(\"pathname\").should(\"equal\", _Navlinks[\"default\"].fundingYourTraining);\ncy.shouldHaveTalkToUsSection();\ncy.shouldHaveFooter();",
              "err": {},
              "uuid": "3e34643b-50ee-4ad7-a50e-acfdeb577140",
              "parentUUID": "68293a2b-2a9f-4d34-8c3c-1d6c83e3f1da",
              "isHook": false,
              "skipped": false
            },
            {
              "title": "Links through to \"Steps to become a teacher\"",
              "fullTitle": "Home page tests : Tests execution date and time : Mon Nov 30 2020 10:14:57 GMT+0000 (Greenwich Mean Time) Links through to \"Steps to become a teacher\"",
              "timedOut": null,
              "duration": 1224,
              "state": "passed",
              "speed": "slow",
              "pass": true,
              "fail": false,
              "pending": false,
              "context": null,
              "code": "homePage.getStepstoBecomeTeacherLink().then(function (linkText) {\n  cy.contains(linkText.text()).should(function (el) {\n    expect(el).to.have.attr(\"href\", _Navlinks[\"default\"].stepsToBecomeATeacher);\n  }).click();\n});\ncy.location(\"pathname\").should(\"equal\", _Navlinks[\"default\"].stepsToBecomeATeacher);\ncy.shouldHaveTalkToUsSection();\ncy.shouldHaveFooter();",
              "err": {},
              "uuid": "6660485c-e1b5-4ae9-a240-e1a0dd0c8bfa",
              "parentUUID": "68293a2b-2a9f-4d34-8c3c-1d6c83e3f1da",
              "isHook": false,
              "skipped": false
            },
            {
              "title": "Links through to \"Teaching as a career\"",
              "fullTitle": "Home page tests : Tests execution date and time : Mon Nov 30 2020 10:14:57 GMT+0000 (Greenwich Mean Time) Links through to \"Teaching as a career\"",
              "timedOut": null,
              "duration": 1197,
              "state": "passed",
              "speed": "slow",
              "pass": true,
              "fail": false,
              "pending": false,
              "context": null,
              "code": "homePage.getTeachingAsaCareerLink().then(function (linkText) {\n  cy.contains(linkText.text()).should(function (el) {\n    expect(el).to.have.attr(\"href\", _Navlinks[\"default\"].lifeAsATeacher);\n  }).click();\n});\ncy.location(\"pathname\").should(\"equal\", _Navlinks[\"default\"].lifeAsATeacher);\ncy.shouldHaveTalkToUsSection();\ncy.shouldHaveFooter();",
              "err": {},
              "uuid": "ffc3ea85-7c81-4f80-a72a-1ebf4c51c5dc",
              "parentUUID": "68293a2b-2a9f-4d34-8c3c-1d6c83e3f1da",
              "isHook": false,
              "skipped": false
            },
            {
              "title": "Links through to \"Salaries and benefits\"",
              "fullTitle": "Home page tests : Tests execution date and time : Mon Nov 30 2020 10:14:57 GMT+0000 (Greenwich Mean Time) Links through to \"Salaries and benefits\"",
              "timedOut": null,
              "duration": 1037,
              "state": "passed",
              "speed": "slow",
              "pass": true,
              "fail": false,
              "pending": false,
              "context": null,
              "code": "homePage.getSalariesAndBenefitsLink().then(function (linkText) {\n  cy.contains(linkText.text()).should(function (el) {\n    expect(el).to.have.attr(\"href\", _Navlinks[\"default\"].salariesAndBenefits);\n  }).click();\n});\ncy.location(\"pathname\").should(\"equal\", _Navlinks[\"default\"].salariesAndBenefits);\ncy.shouldHaveTalkToUsSection();\ncy.shouldHaveFooter();",
              "err": {},
              "uuid": "c1009e1d-edbd-4d5c-9471-073204c72de7",
              "parentUUID": "68293a2b-2a9f-4d34-8c3c-1d6c83e3f1da",
              "isHook": false,
              "skipped": false
            },
            {
              "title": "Links through to \"Find an event near you\"",
              "fullTitle": "Home page tests : Tests execution date and time : Mon Nov 30 2020 10:14:57 GMT+0000 (Greenwich Mean Time) Links through to \"Find an event near you\"",
              "timedOut": null,
              "duration": 961,
              "state": "passed",
              "speed": "slow",
              "pass": true,
              "fail": false,
              "pending": false,
              "context": null,
              "code": "homePage.getFindanEventNearYouLink().then(function (linkText) {\n  cy.contains(linkText.text()).should(function (el) {\n    expect(el).to.have.attr(\"href\", _Navlinks[\"default\"].events);\n  }).click();\n});\ncy.location(\"pathname\").should(\"equal\", _Navlinks[\"default\"].events);\ncy.shouldHaveTalkToUsSection();\ncy.shouldHaveFooter();",
              "err": {},
              "uuid": "89a25f5b-c7b2-42c4-8ddb-a54d7716b036",
              "parentUUID": "68293a2b-2a9f-4d34-8c3c-1d6c83e3f1da",
              "isHook": false,
              "skipped": false
            },
            {
              "title": "Links through to \"Please check here for updates\"",
              "fullTitle": "Home page tests : Tests execution date and time : Mon Nov 30 2020 10:14:57 GMT+0000 (Greenwich Mean Time) Links through to \"Please check here for updates\"",
              "timedOut": null,
              "duration": 1073,
              "state": "passed",
              "speed": "slow",
              "pass": true,
              "fail": false,
              "pending": false,
              "context": null,
              "code": "cy.contains(\"Please check here for updates\").then(function (linkText) {\n  cy.contains(linkText.text()).should(function (el) {\n    expect(el).to.have.attr(\"href\", _Navlinks[\"default\"].covid19);\n  }).click();\n});\ncy.location(\"pathname\").should(\"equal\", _Navlinks[\"default\"].covid19);\ncy.shouldHaveTalkToUsSection();\ncy.shouldHaveFooter();",
              "err": {},
              "uuid": "2e5c8f47-2971-4d84-a0a2-b53c44d92fb5",
              "parentUUID": "68293a2b-2a9f-4d34-8c3c-1d6c83e3f1da",
              "isHook": false,
              "skipped": false
            },
            {
              "title": "Links through to \"Sign up here\"",
              "fullTitle": "Home page tests : Tests execution date and time : Mon Nov 30 2020 10:14:57 GMT+0000 (Greenwich Mean Time) Links through to \"Sign up here\"",
              "timedOut": null,
              "duration": 1322,
              "state": "passed",
              "speed": "slow",
              "pass": true,
              "fail": false,
              "pending": false,
              "context": null,
              "code": "homePage.getMailingStripButton().dblclick();\ncy.location(\"pathname\").should(\"equal\", _Navlinks[\"default\"].mailingListSignup);",
              "err": {},
              "uuid": "8ef64164-5186-488e-ba5c-ec8f2c3e3e20",
              "parentUUID": "68293a2b-2a9f-4d34-8c3c-1d6c83e3f1da",
              "isHook": false,
              "skipped": false
            },
            {
              "title": "Links through to \"My story into teaching\"",
              "fullTitle": "Home page tests : Tests execution date and time : Mon Nov 30 2020 10:14:57 GMT+0000 (Greenwich Mean Time) Links through to \"My story into teaching\"",
              "timedOut": null,
              "duration": 1381,
              "state": "passed",
              "speed": "slow",
              "pass": true,
              "fail": false,
              "pending": false,
              "context": null,
              "code": "homePage.getMyStoryInToTeaching().click();\ncy.location(\"pathname\").should(\"equal\", _Navlinks[\"default\"].myStoryIntoTeaching);\ncy.shouldHaveTalkToUsSection();\ncy.shouldHaveFooter();",
              "err": {},
              "uuid": "53b3f493-3ba5-438c-8b52-2c3a927bb97c",
              "parentUUID": "68293a2b-2a9f-4d34-8c3c-1d6c83e3f1da",
              "isHook": false,
              "skipped": false
            },
            {
              "title": "Links through to \"career-changers stories\"",
              "fullTitle": "Home page tests : Tests execution date and time : Mon Nov 30 2020 10:14:57 GMT+0000 (Greenwich Mean Time) Links through to \"career-changers stories\"",
              "timedOut": null,
              "duration": 1693,
              "state": "passed",
              "speed": "slow",
              "pass": true,
              "fail": false,
              "pending": false,
              "context": null,
              "code": "homePage.getMyStoryInToTeaching().click();\ncy.contains(\"a\", \"Read all stories about changing career\").click();\ncy.location(\"pathname\").should(\"equal\", _Navlinks[\"default\"].careerChangers);",
              "err": {},
              "uuid": "a7a38ad2-ef17-423b-90ac-8d4d664a3e4a",
              "parentUUID": "68293a2b-2a9f-4d34-8c3c-1d6c83e3f1da",
              "isHook": false,
              "skipped": false
            },
            {
              "title": "Links through to \"international-career-changers\"",
              "fullTitle": "Home page tests : Tests execution date and time : Mon Nov 30 2020 10:14:57 GMT+0000 (Greenwich Mean Time) Links through to \"international-career-changers\"",
              "timedOut": null,
              "duration": 1832,
              "state": "passed",
              "speed": "slow",
              "pass": true,
              "fail": false,
              "pending": false,
              "context": null,
              "code": "homePage.getMyStoryInToTeaching().click();\ncy.contains(\"a\", \"Read all stories about international returning teachers\").click();\ncy.location(\"pathname\").should(\"equal\", _Navlinks[\"default\"].internationalCareerChangers);",
              "err": {},
              "uuid": "ca16fd5d-7124-47e3-8259-dee707c77759",
              "parentUUID": "68293a2b-2a9f-4d34-8c3c-1d6c83e3f1da",
              "isHook": false,
              "skipped": false
            },
            {
              "title": "Links through to \"teacher-training-stories\"",
              "fullTitle": "Home page tests : Tests execution date and time : Mon Nov 30 2020 10:14:57 GMT+0000 (Greenwich Mean Time) Links through to \"teacher-training-stories\"",
              "timedOut": null,
              "duration": 1416,
              "state": "passed",
              "speed": "slow",
              "pass": true,
              "fail": false,
              "pending": false,
              "context": null,
              "code": "homePage.getMyStoryInToTeaching().click();\ncy.contains(\"a\", \"Read all stories about teacher training\").click();\ncy.location(\"pathname\").should(\"equal\", _Navlinks[\"default\"].teacherTrainingStories);",
              "err": {},
              "uuid": "589af1c5-eae4-45e7-980a-a2fc240e5b2d",
              "parentUUID": "68293a2b-2a9f-4d34-8c3c-1d6c83e3f1da",
              "isHook": false,
              "skipped": false
            },
            {
              "title": "Links through to \"making-a-difference\"",
              "fullTitle": "Home page tests : Tests execution date and time : Mon Nov 30 2020 10:14:57 GMT+0000 (Greenwich Mean Time) Links through to \"making-a-difference\"",
              "timedOut": null,
              "duration": 1313,
              "state": "passed",
              "speed": "slow",
              "pass": true,
              "fail": false,
              "pending": false,
              "context": null,
              "code": "homePage.getMyStoryInToTeaching().click();\ncy.contains(\"a\", \"Read all stories about making a difference\").click();\ncy.location(\"pathname\").should(\"equal\", _Navlinks[\"default\"].makingADifference);",
              "err": {},
              "uuid": "c637b6d1-8ba9-4cf8-96d8-223a42e7f0a4",
              "parentUUID": "68293a2b-2a9f-4d34-8c3c-1d6c83e3f1da",
              "isHook": false,
              "skipped": false
            },
            {
              "title": "Links through to \"career-progression\"",
              "fullTitle": "Home page tests : Tests execution date and time : Mon Nov 30 2020 10:14:57 GMT+0000 (Greenwich Mean Time) Links through to \"career-progression\"",
              "timedOut": null,
              "duration": 1040,
              "state": "passed",
              "speed": "slow",
              "pass": true,
              "fail": false,
              "pending": false,
              "context": null,
              "code": "homePage.getMyStoryInToTeaching().click();\ncy.contains(\"a\", \"Read all stories about career progression\").click();\ncy.location(\"pathname\").should(\"equal\", _Navlinks[\"default\"].careerProgression);",
              "err": {},
              "uuid": "5c08d4ad-fdec-4adb-9676-4693e6a2926e",
              "parentUUID": "68293a2b-2a9f-4d34-8c3c-1d6c83e3f1da",
              "isHook": false,
              "skipped": false
            },
            {
              "title": "Links through to \"returning to teaching\"",
              "fullTitle": "Home page tests : Tests execution date and time : Mon Nov 30 2020 10:14:57 GMT+0000 (Greenwich Mean Time) Links through to \"returning to teaching\"",
              "timedOut": null,
              "duration": 2361,
              "state": "passed",
              "speed": "slow",
              "pass": true,
              "fail": false,
              "pending": false,
              "context": null,
              "code": "homePage.getMyStoryInToTeaching().click();\ncy.contains(\"a\", \"Read all stories about returning to teaching\").click();\ncy.location(\"pathname\").should(\"equal\", _Navlinks[\"default\"].returners);",
              "err": {},
              "uuid": "d6e8b32f-32ca-476d-8841-9af197c95bf2",
              "parentUUID": "68293a2b-2a9f-4d34-8c3c-1d6c83e3f1da",
              "isHook": false,
              "skipped": false
            },
            {
              "title": "Links through to \"Find events\"",
              "fullTitle": "Home page tests : Tests execution date and time : Mon Nov 30 2020 10:14:57 GMT+0000 (Greenwich Mean Time) Links through to \"Find events\"",
              "timedOut": null,
              "duration": 1089,
              "state": "passed",
              "speed": "slow",
              "pass": true,
              "fail": false,
              "pending": false,
              "context": null,
              "code": "homePage.getFindEventLink().click();\ncy.location(\"pathname\").should(\"equal\", _Navlinks[\"default\"].events);\nhomePage.getBannerText().should(\"exist\").should(\"have.text\", \"Find an event near you\");\ncy.shouldHavePageNavigation();\ncy.shouldHaveTalkToUsSection();\ncy.shouldHaveFooter();",
              "err": {},
              "uuid": "eee623a0-4db2-4a88-ab02-626b02ab08eb",
              "parentUUID": "68293a2b-2a9f-4d34-8c3c-1d6c83e3f1da",
              "isHook": false,
              "skipped": false
            },
            {
              "title": "Links through to \"Check your qualifications\"",
              "fullTitle": "Home page tests : Tests execution date and time : Mon Nov 30 2020 10:14:57 GMT+0000 (Greenwich Mean Time) Links through to \"Check your qualifications\"",
              "timedOut": null,
              "duration": 1447,
              "state": "passed",
              "speed": "slow",
              "pass": true,
              "fail": false,
              "pending": false,
              "context": null,
              "code": "homePage.getCheckYourQualificationsLink().click();\ncy.location(\"pathname\").should(\"equal\", _Navlinks[\"default\"].stepsToBecomeATeacher);\nhomePage.getBannerText().should(\"exist\");\ncy.shouldHaveTalkToUsSection();\ncy.shouldHaveFooter();",
              "err": {},
              "uuid": "03491b3b-8608-459d-a29c-1727c770f982",
              "parentUUID": "68293a2b-2a9f-4d34-8c3c-1d6c83e3f1da",
              "isHook": false,
              "skipped": false
            },
            {
              "title": "Links through to \"Ways to train\"",
              "fullTitle": "Home page tests : Tests execution date and time : Mon Nov 30 2020 10:14:57 GMT+0000 (Greenwich Mean Time) Links through to \"Ways to train\"",
              "timedOut": null,
              "duration": 927,
              "state": "passed",
              "speed": "slow",
              "pass": true,
              "fail": false,
              "pending": false,
              "context": null,
              "code": "homePage.getWaystoTrainLink().siblings().click();\ncy.location(\"pathname\").should(\"equal\", _Navlinks[\"default\"].stepsToBecomeATeacher);\nhomePage.getBannerText().should(\"exist\");\ncy.shouldHaveTalkToUsSection();\ncy.shouldHaveFooter();",
              "err": {},
              "uuid": "a11e2139-4b19-46a0-821e-49776d05318e",
              "parentUUID": "68293a2b-2a9f-4d34-8c3c-1d6c83e3f1da",
              "isHook": false,
              "skipped": false
            },
            {
              "title": "Links through to facebook page",
              "fullTitle": "Home page tests : Tests execution date and time : Mon Nov 30 2020 10:14:57 GMT+0000 (Greenwich Mean Time) Links through to facebook page",
              "timedOut": null,
              "duration": 7633,
              "state": "passed",
              "speed": "slow",
              "pass": true,
              "fail": false,
              "pending": false,
              "context": null,
              "code": "homePage.getSocialMediaLink(0).invoke(\"removeAttr\", \"target\").click();\ncy.url().then(function (url) {\n  expect(url).equal(_Navlinks[\"default\"].facebook);\n});",
              "err": {},
              "uuid": "d0af1cbb-4053-4c2e-8089-80d283801ff7",
              "parentUUID": "68293a2b-2a9f-4d34-8c3c-1d6c83e3f1da",
              "isHook": false,
              "skipped": false
            },
            {
              "title": "Links through to instagram page",
              "fullTitle": "Home page tests : Tests execution date and time : Mon Nov 30 2020 10:14:57 GMT+0000 (Greenwich Mean Time) Links through to instagram page",
              "timedOut": null,
              "duration": 5407,
              "state": "passed",
              "speed": "slow",
              "pass": true,
              "fail": false,
              "pending": false,
              "context": null,
              "code": "homePage.getSocialMediaLink(1).invoke(\"removeAttr\", \"target\").click();\ncy.url().then(function (url) {\n  expect(url).contains(_Navlinks[\"default\"].instagram);\n});",
              "err": {},
              "uuid": "b0a42d20-38ae-487c-8b67-3bb14c63f5a3",
              "parentUUID": "68293a2b-2a9f-4d34-8c3c-1d6c83e3f1da",
              "isHook": false,
              "skipped": false
            },
            {
              "title": "Links through to linkedin page",
              "fullTitle": "Home page tests : Tests execution date and time : Mon Nov 30 2020 10:14:57 GMT+0000 (Greenwich Mean Time) Links through to linkedin page",
              "timedOut": null,
              "duration": 2713,
              "state": "passed",
              "speed": "slow",
              "pass": true,
              "fail": false,
              "pending": false,
              "context": null,
              "code": "homePage.getSocialMediaLink(2).invoke(\"removeAttr\", \"target\").click();\ncy.url().then(function (url) {\n  expect(url).contains(_Navlinks[\"default\"].linkedin);\n});",
              "err": {},
              "uuid": "dfcc6258-03f5-49d4-bf5e-646f62a716c7",
              "parentUUID": "68293a2b-2a9f-4d34-8c3c-1d6c83e3f1da",
              "isHook": false,
              "skipped": false
            },
            {
              "title": "Links through to twitter page",
              "fullTitle": "Home page tests : Tests execution date and time : Mon Nov 30 2020 10:14:57 GMT+0000 (Greenwich Mean Time) Links through to twitter page",
              "timedOut": null,
              "duration": 2780,
              "state": "passed",
              "speed": "slow",
              "pass": true,
              "fail": false,
              "pending": false,
              "context": null,
              "code": "homePage.getSocialMediaLink(3).invoke(\"removeAttr\", \"target\").click();\ncy.url().then(function (url) {\n  expect(url).equal(_Navlinks[\"default\"].twitter);\n});",
              "err": {},
              "uuid": "d11450dd-adc0-4842-872a-c1059219c48c",
              "parentUUID": "68293a2b-2a9f-4d34-8c3c-1d6c83e3f1da",
              "isHook": false,
              "skipped": false
            },
            {
              "title": "Links through to youtube page",
              "fullTitle": "Home page tests : Tests execution date and time : Mon Nov 30 2020 10:14:57 GMT+0000 (Greenwich Mean Time) Links through to youtube page",
              "timedOut": null,
              "duration": 0,
              "state": "pending",
              "speed": null,
              "pass": false,
              "fail": false,
              "pending": true,
              "context": null,
              "code": "",
              "err": {},
              "uuid": "9511e413-6009-4c0b-91fa-72548a50c929",
              "parentUUID": "68293a2b-2a9f-4d34-8c3c-1d6c83e3f1da",
              "isHook": false,
              "skipped": false
            },
            {
              "title": "It matches the event date, time and location with previous page",
              "fullTitle": "Home page tests : Tests execution date and time : Mon Nov 30 2020 10:14:57 GMT+0000 (Greenwich Mean Time) It matches the event date, time and location with previous page",
              "timedOut": null,
              "duration": 2570,
              "state": "passed",
              "speed": "slow",
              "pass": true,
              "fail": false,
              "pending": false,
              "context": null,
              "code": "var eventDateAndTime;\nhomePage.getFindEventLink().click();\ncy.get(\"#events_search_month\").as(\"month\").children().first().then(function (option) {\n  cy.get(\"@month\").select(option.text());\n});\ncy.get(\".request-button\").click();\ncy.get(\".event-box__header\").as(\"1steventName\").should(\"exist\").eq(0).then(function (eventName) {\n  cy.log(\"Event Name : \" + eventName.text());\n  cy.get(\"@1steventName\").siblings().eq(0).then(function (eventDateandTime) {\n    cy.log(\"Event date and Time : \" + eventDateandTime.text());\n    eventDateAndTime = eventDateandTime.text();\n    cy.get(\"@1steventName\").eq(0).click();\n    cy.get(\".content__left > h1\").should(\"contain.text\", eventName.text().trim());\n  });\n});\ncy.get(\".event-info__date\").then(function (eventDateandTimeonNextPage) {\n  var expectedEventDateAndTime = eventDateandTimeonNextPage.text();\n  expectedEventDateAndTime = expectedEventDateAndTime.replace(\"at\", \"\");\n  expect(eventDateAndTime.trim()).to.equal(expectedEventDateAndTime.trim());\n});",
              "err": {},
              "uuid": "01a9efcc-51a0-47c6-b594-1f47ab2147b1",
              "parentUUID": "68293a2b-2a9f-4d34-8c3c-1d6c83e3f1da",
              "isHook": false,
              "skipped": false
            },
            {
              "title": "Has no detectable a11y violations on load (filtering to only include critical impact violations)",
              "fullTitle": "Home page tests : Tests execution date and time : Mon Nov 30 2020 10:14:57 GMT+0000 (Greenwich Mean Time) Has no detectable a11y violations on load (filtering to only include critical impact violations)",
              "timedOut": null,
              "duration": 1320,
              "state": "passed",
              "speed": "slow",
              "pass": true,
              "fail": false,
              "pending": false,
              "context": null,
              "code": "// Test on initial load, only report and assert for critical impact items\ncy.checkA11y(null, {\n  includedImpacts: [\"critical\"]\n});",
              "err": {},
              "uuid": "e44a4515-1105-4052-adc7-fd4c7ead9690",
              "parentUUID": "68293a2b-2a9f-4d34-8c3c-1d6c83e3f1da",
              "isHook": false,
              "skipped": false
            }
          ],
          "suites": [],
          "passes": [
            "b82cf588-c846-4c95-838f-bf86f6db6211",
            "3e34643b-50ee-4ad7-a50e-acfdeb577140",
            "6660485c-e1b5-4ae9-a240-e1a0dd0c8bfa",
            "ffc3ea85-7c81-4f80-a72a-1ebf4c51c5dc",
            "c1009e1d-edbd-4d5c-9471-073204c72de7",
            "89a25f5b-c7b2-42c4-8ddb-a54d7716b036",
            "2e5c8f47-2971-4d84-a0a2-b53c44d92fb5",
            "8ef64164-5186-488e-ba5c-ec8f2c3e3e20",
            "53b3f493-3ba5-438c-8b52-2c3a927bb97c",
            "a7a38ad2-ef17-423b-90ac-8d4d664a3e4a",
            "ca16fd5d-7124-47e3-8259-dee707c77759",
            "589af1c5-eae4-45e7-980a-a2fc240e5b2d",
            "c637b6d1-8ba9-4cf8-96d8-223a42e7f0a4",
            "5c08d4ad-fdec-4adb-9676-4693e6a2926e",
            "d6e8b32f-32ca-476d-8841-9af197c95bf2",
            "eee623a0-4db2-4a88-ab02-626b02ab08eb",
            "03491b3b-8608-459d-a29c-1727c770f982",
            "a11e2139-4b19-46a0-821e-49776d05318e",
            "d0af1cbb-4053-4c2e-8089-80d283801ff7",
            "b0a42d20-38ae-487c-8b67-3bb14c63f5a3",
            "dfcc6258-03f5-49d4-bf5e-646f62a716c7",
            "d11450dd-adc0-4842-872a-c1059219c48c",
            "01a9efcc-51a0-47c6-b594-1f47ab2147b1",
            "e44a4515-1105-4052-adc7-fd4c7ead9690"
          ],
          "failures": [],
          "pending": [
            "9511e413-6009-4c0b-91fa-72548a50c929"
          ],
          "skipped": [],
          "duration": 46499,
          "root": false,
          "rootEmpty": false,
          "_timeout": 2000
        },
        {
          "uuid": "fe9e2bf6-4f95-48b8-9b87-96d7728fe8e0",
          "title": "Feature - 404 Not Found unknown_route : Mon Nov 30 2020 10:15:47 GMT+0000 (Greenwich Mean Time)",
          "fullFile": "",
          "file": "",
          "beforeHooks": [],
          "afterHooks": [],
          "tests": [
            {
              "title": "It should show \"404\tNot Found unknown_route\" if the user enters a bad URL",
              "fullTitle": "Feature - 404 Not Found unknown_route : Mon Nov 30 2020 10:15:47 GMT+0000 (Greenwich Mean Time) It should show \"404\tNot Found unknown_route\" if the user enters a bad URL",
              "timedOut": null,
              "duration": 283,
              "state": "passed",
              "speed": "slow",
              "pass": true,
              "fail": false,
              "pending": false,
              "context": null,
              "code": "cy.visit({\n  url: \"https://get-into-teaching-apps-test.london.cloudapps.digital/\",\n  method: \"GET\",\n  failOnStatusCode: false\n});\ncy.verify404ErrorMessage();",
              "err": {},
              "uuid": "a8033fdc-81e8-4a80-afc9-855228039fe6",
              "parentUUID": "fe9e2bf6-4f95-48b8-9b87-96d7728fe8e0",
              "isHook": false,
              "skipped": false
            }
          ],
          "suites": [],
          "passes": [
            "a8033fdc-81e8-4a80-afc9-855228039fe6"
          ],
          "failures": [],
          "pending": [],
          "skipped": [],
          "duration": 283,
          "root": false,
          "rootEmpty": false,
          "_timeout": 2000
        }
      ],
      "passes": [],
      "failures": [],
      "pending": [],
      "skipped": [],
      "duration": 0,
      "root": true,
      "rootEmpty": true,
      "_timeout": 2000
    }
  ],
  "meta": {
    "mocha": {
      "version": "7.0.1"
    },
    "mochawesome": {
      "options": {
        "quiet": false,
        "reportFilename": "testreport",
        "saveHtml": false,
        "saveJson": true,
        "consoleReporter": "spec",
        "useInlineDiffs": false,
        "code": true
      },
      "version": "6.2.1"
    },
    "marge": {
      "options": {
        "id": "default",
        "reportDir": "cypress/reports",
        "reportFilename": "testreport",
        "quite": true,
        "overwrite": false,
        "html": false,
        "json": true
      },
      "version": "5.1.0"
    }
  }
}