{
  "stats": {
    "suites": 2,
    "tests": 12,
    "passes": 12,
    "pending": 0,
    "failures": 0,
    "start": "2020-11-30T10:14:28.089Z",
    "end": "2020-11-30T10:14:50.588Z",
    "duration": 22499,
    "testsRegistered": 12,
    "passPercent": 100,
    "pendingPercent": 0,
    "other": 0,
    "hasOther": false,
    "skipped": 0,
    "hasSkipped": false
  },
  "results": [
    {
      "uuid": "ad20da27-76d6-4ce7-8cce-46200188c4e5",
      "title": "",
      "fullFile": "cypress\\integration\\event-signup-flow.spec.js",
      "file": "cypress\\integration\\event-signup-flow.spec.js",
      "beforeHooks": [],
      "afterHooks": [],
      "tests": [],
      "suites": [
        {
          "uuid": "82ea892b-02c4-43f1-8073-ab12194f3b5d",
          "title": "Feature - Event sign up : Tests execution date and time : Mon Nov 30 2020 10:14:27 GMT+0000 (Greenwich Mean Time)",
          "fullFile": "",
          "file": "",
          "beforeHooks": [],
          "afterHooks": [],
          "tests": [
            {
              "title": "It shows the Search for events page",
              "fullTitle": "Feature - Event sign up : Tests execution date and time : Mon Nov 30 2020 10:14:27 GMT+0000 (Greenwich Mean Time) It shows the Search for events page",
              "timedOut": null,
              "duration": 1635,
              "state": "passed",
              "speed": "slow",
              "pass": true,
              "fail": false,
              "pending": false,
              "context": null,
              "code": "searchForEvent.getSearchforEventsHeading().should(\"exist\").should(\"have.text\", \"Search for events\");",
              "err": {},
              "uuid": "e91ae3c8-215e-458d-b440-edbb8292dac6",
              "parentUUID": "82ea892b-02c4-43f1-8073-ab12194f3b5d",
              "isHook": false,
              "skipped": false
            },
            {
              "title": "It shows the Sign up for this event page",
              "fullTitle": "Feature - Event sign up : Tests execution date and time : Mon Nov 30 2020 10:14:27 GMT+0000 (Greenwich Mean Time) It shows the Sign up for this event page",
              "timedOut": null,
              "duration": 2758,
              "state": "passed",
              "speed": "slow",
              "pass": true,
              "fail": false,
              "pending": false,
              "context": null,
              "code": "searchForEvent.getEventsType().select(this.testData.eventsType);\nsearchForEvent.getEventLocation().select(this.testData.eventLocation);\nsearchForEvent.getEventsMonth().as(\"month\").children().first().then(function (option) {\n  cy.get(\"@month\").select(option.text());\n});\nsearchForEvent.getUpdateResultsButton().click();\ncy.get(\"body\").then(function (body) {\n  if (body.find(\".search-for-events-no-results\").length > 0) {\n    cy.get(\".search-for-events-no-results\").should(\"include.text\", \"Sorry your search has not found any events, try a different type, location or month.\");\n  } else {\n    eventSignup.getSearchedEventName().first().then(function (eventName) {\n      cy.contains(eventName.text().trim()).click();\n      eventSignup.getSignupForThisEventButton().click();\n      eventSignup.getEventNameHeader().should(\"have.text\", eventName.text().trim());\n    });\n  }\n});",
              "err": {},
              "uuid": "440b16ce-db5c-4d82-9073-8e765a345ec9",
              "parentUUID": "82ea892b-02c4-43f1-8073-ab12194f3b5d",
              "isHook": false,
              "skipped": false
            },
            {
              "title": "It shows the Sign up complete message - for new candidate who doesn't like to receive email updates",
              "fullTitle": "Feature - Event sign up : Tests execution date and time : Mon Nov 30 2020 10:14:27 GMT+0000 (Greenwich Mean Time) It shows the Sign up complete message - for new candidate who doesn't like to receive email updates",
              "timedOut": null,
              "duration": 1421,
              "state": "passed",
              "speed": "slow",
              "pass": true,
              "fail": false,
              "pending": false,
              "context": null,
              "code": "var signedUpeventName;\nsearchForEvent.getEventsType().select(this.testData.eventsType);\nsearchForEvent.getEventLocation().select(this.testData.eventLocation);\nsearchForEvent.getEventsMonth().as(\"month\").children().first().then(function (option) {\n  cy.get(\"@month\").select(option.text());\n});\nsearchForEvent.getUpdateResultsButton().click();\ncy.get(\"body\").then(function (body) {\n  if (body.find(\".search-for-events-no-results\").length > 0) {\n    cy.get(\".search-for-events-no-results\").should(\"include.text\", \"Sorry your search has not found any events, try a different type, location or month.\");\n  } else {\n    eventSignup.getSearchedEventName().first().then(function (eventName) {\n      eventSignup.getSearchedEventName().first().click();\n      eventSignup.getSignupForThisEventButton().click();\n      eventSignup.getEventNameHeader().should(\"have.text\", eventName.text().trim());\n      signedUpeventName = eventName.text().trim();\n      eventSignup.getFirstName().type(this.testData.firstName);\n      eventSignup.getLastName().type(this.testData.lastName);\n      var rnum = Math.floor(Math.random() * 1000000 + 1);\n      var email = \"testuser\" + rnum.toString() + \"@gmail.co.uk\";\n      eventSignup.getEmail().type(email);\n      eventSignup.getNextStep().click();\n      eventSignup.getBackButton().should(\"exist\").should(\"have.text\", \"Back\");\n      eventSignup.getPhoneNumber().type(this.testData.phoneNumber);\n      eventSignup.getNextStep().click();\n      eventSignup.getPrivacyPolicy().click();\n      cy.wouldYouLikeToReceiveEmailUpdate(\"No\");\n      eventSignup.getSignupCompleteMessage().should(\"have.text\", \"Sign up complete\");\n      eventSignup.getSignupEventName().should(\"have.text\", signedUpeventName);\n    });\n  }\n});",
              "err": {},
              "uuid": "204960b4-3b63-48dd-99c3-4f8a7e8647c1",
              "parentUUID": "82ea892b-02c4-43f1-8073-ab12194f3b5d",
              "isHook": false,
              "skipped": false
            },
            {
              "title": "It shows the Sign up complete message - for new candidate who like to receive email updates",
              "fullTitle": "Feature - Event sign up : Tests execution date and time : Mon Nov 30 2020 10:14:27 GMT+0000 (Greenwich Mean Time) It shows the Sign up complete message - for new candidate who like to receive email updates",
              "timedOut": null,
              "duration": 1641,
              "state": "passed",
              "speed": "slow",
              "pass": true,
              "fail": false,
              "pending": false,
              "context": null,
              "code": "// Scenario - candidate who like to receive email updateslike to receive email updates\nvar signedUpeventName;\nsearchForEvent.getEventsType().select(this.testData.eventsType);\nsearchForEvent.getEventLocation().select(this.testData.eventLocation);\nsearchForEvent.getEventsMonth().as(\"month\").children().first().then(function (option) {\n  cy.get(\"@month\").select(option.text());\n});\nsearchForEvent.getUpdateResultsButton().click();\ncy.get(\"body\").then(function (body) {\n  if (body.find(\".search-for-events-no-results\").length > 0) {\n    cy.get(\".search-for-events-no-results\").should(\"include.text\", \"Sorry your search has not found any events, try a different type, location or month.\");\n  } else {\n    eventSignup.getSearchedEventName().eq(0).then(function (eventName) {\n      eventSignup.getSearchedEventName().eq(0).click();\n      eventSignup.getSignupForThisEventButton().click();\n      eventSignup.getEventNameHeader().should(\"have.text\", eventName.text().trim());\n      signedUpeventName = eventName.text().trim();\n      eventSignup.getFirstName().type(this.testData.firstName);\n      eventSignup.getLastName().type(this.testData.lastName);\n      var rnum = Math.floor(Math.random() * 1000000 + 1);\n      var email = \"testuser\" + rnum.toString() + \"@gmail.co.uk\";\n      eventSignup.getEmail().type(email);\n      eventSignup.getNextStep().click();\n      eventSignup.getBackButton().should(\"exist\").should(\"have.text\", \"Back\");\n      eventSignup.getPhoneNumber().type(this.testData.phoneNumber);\n      eventSignup.getNextStep().click();\n      eventSignup.getPrivacyPolicy().click();\n      cy.wouldYouLikeToReceiveEmailUpdate(\"Yes\");\n      eventSignup.getNextStep().click();\n      cy.get(\"#events-steps-personalised-updates-degree-status-id-field\").select(\"Final year\");\n      cy.get(\"#events-steps-personalised-updates-consideration-journey-stage-id-field\").select(\"I’m fairly sure and exploring my options\");\n      cy.get(\"#events-steps-personalised-updates-preferred-teaching-subject-id-field\").select(\"English\");\n      eventSignup.getCompleteSignup().click();\n      eventSignup.getSignupCompleteMessage().should(\"have.text\", \"Sign up complete\");\n      eventSignup.getSignupEventName().should(\"have.text\", signedUpeventName);\n    });\n  }\n});",
              "err": {},
              "uuid": "a9225678-0d44-4984-967a-87294e7f35b9",
              "parentUUID": "82ea892b-02c4-43f1-8073-ab12194f3b5d",
              "isHook": false,
              "skipped": false
            },
            {
              "title": "It shows the Sign up complete message - for existing candidate",
              "fullTitle": "Feature - Event sign up : Tests execution date and time : Mon Nov 30 2020 10:14:27 GMT+0000 (Greenwich Mean Time) It shows the Sign up complete message - for existing candidate",
              "timedOut": null,
              "duration": 1981,
              "state": "passed",
              "speed": "slow",
              "pass": true,
              "fail": false,
              "pending": false,
              "context": null,
              "code": "var _this2 = this;\nvar signedUpeventName;\nvar rnum = Math.floor(Math.random() * 1000000 + 1);\nvar firstName = \"User_\" + rnum + \"_firstname\";\nvar lastName = \"User_\" + rnum + \"_lastname\";\nsearchForEvent.getEventsType().select(this.testData.eventsType);\nsearchForEvent.getEventLocation().select(this.testData.eventLocation);\nsearchForEvent.getEventsMonth().as(\"month\").children().first().then(function (option) {\n  cy.get(\"@month\").select(option.text());\n});\nsearchForEvent.getUpdateResultsButton().click();\ncy.get(\"body\").then(function (body) {\n  if (body.find(\".search-for-events-no-results\").length > 0) {\n    cy.get(\".search-for-events-no-results\").should(\"include.text\", \"Sorry your search has not found any events, try a different type, location or month.\");\n  } else {\n    eventSignup.getSearchedEventName().eq(0).then(function (eventName) {\n      eventSignup.getSearchedEventName().eq(0).click();\n      eventSignup.getSignupForThisEventButton().click();\n      eventSignup.getEventNameHeader().should(\"have.text\", eventName.text().trim());\n      signedUpeventName = eventName.text().trim();\n      eventSignup.getFirstName().type(firstName);\n      eventSignup.getLastName().type(lastName);\n      eventSignup.getEmail().type(this.testData.email);\n      eventSignup.getNextStep().click();\n      eventSignup.getBackButton().should(\"exist\").should(\"have.text\", \"Back\");\n      eventSignup.getPhoneNumber().type(this.testData.phoneNumber);\n      eventSignup.getNextStep().click();\n      eventSignup.getPrivacyPolicy().click();\n      cy.wouldYouLikeToReceiveEmailUpdate(\"Yes\");\n      eventSignup.getNextStep().click();\n      cy.get(\"#events-steps-personalised-updates-degree-status-id-field\").select(\"Final year\");\n      cy.get(\"#events-steps-personalised-updates-consideration-journey-stage-id-field\").select(\"I’m fairly sure and exploring my options\");\n      cy.get(\"#events-steps-personalised-updates-preferred-teaching-subject-id-field\").select(\"English\");\n      eventSignup.getCompleteSignup().click();\n      eventSignup.getSignupCompleteMessage().should(\"have.text\", \"Sign up complete\");\n      eventSignup.getSignupEventName().should(\"have.text\", signedUpeventName);\n      eventSignup.getSignupEventName().next().next().should(\"have.text\", \"You've also signed up for email updates\");\n    });\n    cy.contains(\"Find an event near you\").click();\n    searchForEvent.getEventsType().select(_this2.testData.eventsType);\n    searchForEvent.getEventLocation().select(_this2.testData.eventLocation);\n    searchForEvent.getEventsMonth().as(\"month\").children().first().then(function (option) {\n      cy.get(\"@month\").select(option.text());\n    });\n    searchForEvent.getUpdateResultsButton().click();\n    eventSignup.getSearchedEventName().first().then(function (eventName) {\n      cy.contains(eventName.text().trim()).click();\n      eventSignup.getSignupForThisEventButton().click();\n      eventSignup.getEventNameHeader().should(\"have.text\", eventName.text().trim());\n      signedUpeventName = eventName.text().trim();\n      eventSignup.getFirstName().type(firstName);\n      eventSignup.getLastName().type(lastName);\n      eventSignup.getEmail().type(this.testData.email);\n      eventSignup.getNextStep().click();\n      cy.enterEmailVerificationCode();\n      eventSignup.getNextStep().click();\n      eventSignup.getBackButton().should(\"exist\").should(\"have.text\", \"Back\");\n      cy.log(this.testData.phoneNumber);\n      eventSignup.getPhoneNumber().clear();\n      eventSignup.getPhoneNumber().type(this.testData.phoneNumber);\n      eventSignup.getNextStep().click();\n      eventSignup.getPrivacyPolicy().click();\n      eventSignup.getCompleteSignup().click();\n      eventSignup.getSignupCompleteMessage().should(\"have.text\", \"Sign up complete\");\n      eventSignup.getSignupEventName().should(\"have.text\", signedUpeventName);\n    });\n  }\n});",
              "err": {},
              "uuid": "2cba8c70-2323-4220-b5ef-096d76e74544",
              "parentUUID": "82ea892b-02c4-43f1-8073-ab12194f3b5d",
              "isHook": false,
              "skipped": false
            },
            {
              "title": "It sends the another email evrification code if user clicks on \"resend verification\" link",
              "fullTitle": "Feature - Event sign up : Tests execution date and time : Mon Nov 30 2020 10:14:27 GMT+0000 (Greenwich Mean Time) It sends the another email evrification code if user clicks on \"resend verification\" link",
              "timedOut": null,
              "duration": 1747,
              "state": "passed",
              "speed": "slow",
              "pass": true,
              "fail": false,
              "pending": false,
              "context": null,
              "code": "var _this3 = this;\nvar signedUpeventName;\nvar rnum = Math.floor(Math.random() * 1000000 + 1);\nvar firstName = \"User_\" + rnum + \"_firstname\";\nvar lastName = \"User_\" + rnum + \"_lastname\";\nsearchForEvent.getEventsType().select(this.testData.eventsType);\nsearchForEvent.getEventLocation().select(this.testData.eventLocation);\nsearchForEvent.getEventsMonth().as(\"month\").children().first().then(function (option) {\n  cy.get(\"@month\").select(option.text());\n});\nsearchForEvent.getUpdateResultsButton().click();\ncy.get(\"body\").then(function (body) {\n  if (body.find(\".search-for-events-no-results\").length > 0) {\n    cy.get(\".search-for-events-no-results\").should(\"include.text\", \"Sorry your search has not found any events, try a different type, location or month.\");\n  } else {\n    eventSignup.getSearchedEventName().first().then(function (eventName) {\n      eventSignup.getSearchedEventName().first().click();\n      eventSignup.getSignupForThisEventButton().click();\n      eventSignup.getEventNameHeader().should(\"have.text\", eventName.text().trim());\n      signedUpeventName = eventName.text().trim();\n      eventSignup.getFirstName().type(firstName);\n      eventSignup.getLastName().type(lastName);\n      eventSignup.getEmail().type(this.testData.email);\n      eventSignup.getNextStep().click();\n      eventSignup.getBackButton().should(\"exist\").should(\"have.text\", \"Back\");\n      eventSignup.getPhoneNumber().type(this.testData.phoneNumber);\n      eventSignup.getNextStep().click();\n      eventSignup.getPrivacyPolicy().click();\n      cy.wouldYouLikeToReceiveEmailUpdate(\"Yes\");\n      eventSignup.getNextStep().click();\n      cy.get(\"#events-steps-personalised-updates-degree-status-id-field\").select(\"Final year\");\n      cy.get(\"#events-steps-personalised-updates-consideration-journey-stage-id-field\").select(\"I’m fairly sure and exploring my options\");\n      cy.get(\"#events-steps-personalised-updates-preferred-teaching-subject-id-field\").select(\"English\");\n      eventSignup.getCompleteSignup().click();\n      eventSignup.getSignupCompleteMessage().should(\"have.text\", \"Sign up complete\");\n      eventSignup.getSignupEventName().should(\"have.text\", signedUpeventName);\n      eventSignup.getSignupEventName().next().next().should(\"have.text\", \"You've also signed up for email updates\");\n    });\n    cy.contains(\"Find an event near you\").click();\n    searchForEvent.getEventsType().select(_this3.testData.eventsType);\n    searchForEvent.getEventLocation().select(_this3.testData.eventLocation);\n    searchForEvent.getEventsMonth().as(\"month\").children().first().then(function (option) {\n      cy.get(\"@month\").select(option.text());\n    });\n    searchForEvent.getUpdateResultsButton().click();\n    eventSignup.getSearchedEventName().first().then(function (eventName) {\n      cy.contains(eventName.text().trim()).click();\n      eventSignup.getSignupForThisEventButton().click();\n      eventSignup.getEventNameHeader().should(\"have.text\", eventName.text().trim());\n      signedUpeventName = eventName.text().trim();\n      eventSignup.getFirstName().type(firstName);\n      eventSignup.getLastName().type(lastName);\n      eventSignup.getEmail().type(this.testData.email);\n      eventSignup.getNextStep().click();\n      cy.enterVerificationCode(\"123456\");\n      eventSignup.getNextStep().click();\n      eventSignup.getErrorTitle().should(\"exist\").should(\"have.text\", \"There is a problem\");\n      eventSignup.getResendVerificationLink().click();\n      cy.enterEmailVerificationCode();\n      eventSignup.getNextStep().click();\n      eventSignup.getBackButton().should(\"exist\").should(\"have.text\", \"Back\");\n      cy.log(this.testData.phoneNumber);\n      eventSignup.getPhoneNumber().clear();\n      eventSignup.getPhoneNumber().type(this.testData.phoneNumber);\n      eventSignup.getNextStep().click();\n      eventSignup.getPrivacyPolicy().click();\n      eventSignup.getCompleteSignup().click();\n      eventSignup.getSignupCompleteMessage().should(\"have.text\", \"Sign up complete\");\n      eventSignup.getSignupEventName().should(\"have.text\", signedUpeventName);\n    });\n  }\n});",
              "err": {},
              "uuid": "dfa64f88-57e6-417c-ab81-860fb2fb1261",
              "parentUUID": "82ea892b-02c4-43f1-8073-ab12194f3b5d",
              "isHook": false,
              "skipped": false
            },
            {
              "title": "It shows error message if user enters wrong email verification code",
              "fullTitle": "Feature - Event sign up : Tests execution date and time : Mon Nov 30 2020 10:14:27 GMT+0000 (Greenwich Mean Time) It shows error message if user enters wrong email verification code",
              "timedOut": null,
              "duration": 1459,
              "state": "passed",
              "speed": "slow",
              "pass": true,
              "fail": false,
              "pending": false,
              "context": null,
              "code": "var _this4 = this;\nvar signedUpeventName;\nvar error = false;\nvar rnum = Math.floor(Math.random() * 1000000 + 1);\nvar firstName = \"User_\" + rnum + \"_firstname\";\nvar lastName = \"User_\" + rnum + \"_lastname\";\nsearchForEvent.getEventsType().select(this.testData.eventsType);\nsearchForEvent.getEventLocation().select(this.testData.eventLocation);\nsearchForEvent.getEventsMonth().as(\"month\").children().first().then(function (option) {\n  cy.get(\"@month\").select(option.text());\n});\nsearchForEvent.getUpdateResultsButton().click();\ncy.get(\"body\").then(function (body) {\n  if (body.find(\".search-for-events-no-results\").length > 0) {\n    cy.get(\".search-for-events-no-results\").should(\"include.text\", \"Sorry your search has not found any events, try a different type, location or month.\");\n  } else {\n    eventSignup.getSearchedEventName().first().then(function (eventName) {\n      eventSignup.getSearchedEventName().first().click();\n      eventSignup.getSignupForThisEventButton().click();\n      eventSignup.getEventNameHeader().should(\"have.text\", eventName.text().trim());\n      signedUpeventName = eventName.text().trim();\n      eventSignup.getFirstName().type(firstName);\n      eventSignup.getLastName().type(lastName);\n      eventSignup.getEmail().type(this.testData.email);\n      eventSignup.getNextStep().click();\n      eventSignup.getBackButton().should(\"exist\").should(\"have.text\", \"Back\");\n      eventSignup.getPhoneNumber().type(this.testData.phoneNumber);\n      eventSignup.getNextStep().click();\n      eventSignup.getPrivacyPolicy().click();\n      cy.wouldYouLikeToReceiveEmailUpdate(\"Yes\");\n      eventSignup.getNextStep().click();\n      cy.get(\"#events-steps-personalised-updates-degree-status-id-field\").select(\"Final year\");\n      cy.get(\"#events-steps-personalised-updates-consideration-journey-stage-id-field\").select(\"I’m fairly sure and exploring my options\");\n      cy.get(\"#events-steps-personalised-updates-preferred-teaching-subject-id-field\").select(\"English\");\n      eventSignup.getCompleteSignup().click();\n      eventSignup.getSignupCompleteMessage().should(\"have.text\", \"Sign up complete\");\n      eventSignup.getSignupEventName().should(\"have.text\", signedUpeventName);\n      eventSignup.getSignupEventName().next().next().should(\"have.text\", \"You've also signed up for email updates\");\n    });\n    cy.contains(\"Find an event near you\").click();\n    searchForEvent.getEventsType().select(_this4.testData.eventsType);\n    searchForEvent.getEventLocation().select(_this4.testData.eventLocation);\n    searchForEvent.getEventsMonth().as(\"month\").children().first().then(function (option) {\n      cy.get(\"@month\").select(option.text());\n    });\n    searchForEvent.getUpdateResultsButton().click();\n    eventSignup.getSearchedEventName().first().then(function (eventName) {\n      cy.contains(eventName.text().trim()).click();\n      eventSignup.getSignupForThisEventButton().click();\n      eventSignup.getEventNameHeader().should(\"have.text\", eventName.text().trim());\n      signedUpeventName = eventName.text().trim();\n      eventSignup.getFirstName().type(firstName);\n      eventSignup.getLastName().type(lastName);\n      eventSignup.getEmail().type(this.testData.email);\n      eventSignup.getNextStep().click();\n      cy.enterVerificationCode(\"12345\", error = false);\n      eventSignup.getNextStep().click();\n      eventSignup.getErrorTitle().should(\"exist\").should(\"have.text\", \"There is a problem\");\n      cy.get(\".govuk-list > li > a\").should(\"exist\").should(\"have.text\", \"The verification code should be 6 digits\");\n      cy.enterVerificationCode(\"1234567\", true);\n      eventSignup.getNextStep().click();\n      eventSignup.getErrorTitle().should(\"exist\").should(\"have.text\", \"There is a problem\");\n      cy.get(\".govuk-list > li > a\").should(\"exist\").should(\"have.text\", \"The verification code should be 6 digits\");\n      cy.enterVerificationCode(\"123456\", true);\n      eventSignup.getNextStep().click();\n      eventSignup.getErrorTitle().should(\"exist\").should(\"have.text\", \"There is a problem\");\n      cy.get(\".govuk-list > li > a\").should(\"exist\").should(\"have.text\", \"Please enter the latest verification code sent to your email address\");\n      cy.get(\"#events-steps-authenticate-timed-one-time-password-error\").should(\"exist\").should(\"have.text\", \"Error: Please enter the latest verification code sent to your email address\");\n    });\n  }\n});",
              "err": {},
              "uuid": "10da639c-c69b-490d-b85e-d430384a347e",
              "parentUUID": "82ea892b-02c4-43f1-8073-ab12194f3b5d",
              "isHook": false,
              "skipped": false
            },
            {
              "title": "It shows the error message if user clicks next button without entering the mandatory details",
              "fullTitle": "Feature - Event sign up : Tests execution date and time : Mon Nov 30 2020 10:14:27 GMT+0000 (Greenwich Mean Time) It shows the error message if user clicks next button without entering the mandatory details",
              "timedOut": null,
              "duration": 1431,
              "state": "passed",
              "speed": "slow",
              "pass": true,
              "fail": false,
              "pending": false,
              "context": null,
              "code": "searchForEvent.getEventsType().select(this.testData.eventsType);\nsearchForEvent.getEventLocation().select(this.testData.eventLocation);\nsearchForEvent.getEventsMonth().as(\"month\").children().first().then(function (option) {\n  cy.get(\"@month\").select(option.text());\n});\nsearchForEvent.getUpdateResultsButton().click();\ncy.get(\"body\").then(function (body) {\n  if (body.find(\".search-for-events-no-results\").length > 0) {\n    cy.get(\".search-for-events-no-results\").should(\"include.text\", \"Sorry your search has not found any events, try a different type, location or month.\");\n  } else {\n    eventSignup.getSearchedEventName().first().then(function (eventName) {\n      cy.contains(eventName.text().trim()).click();\n      eventSignup.getSignupForThisEventButton().click();\n      eventSignup.getEventNameHeader().should(\"have.text\", eventName.text().trim());\n      eventSignup.getNextStep().click();\n      eventSignup.getErrorTitle().should(\"exist\").should(\"have.text\", \"There is a problem\");\n      cy.get(\".govuk-error-summary__list\").children().should(\"exist\").next().should(\"exist\").next().should(\"exist\");\n      cy.get(\".govuk-list.govuk-error-summary__list > li:nth-child(1)\").should(\"have.text\", \"Enter your full email address\").next().should(\"have.text\", \"Enter your first name\").next().should(\"have.text\", \"Enter your last name\");\n    });\n  }\n});",
              "err": {},
              "uuid": "284d620a-048a-46a0-adf1-4905873fb538",
              "parentUUID": "82ea892b-02c4-43f1-8073-ab12194f3b5d",
              "isHook": false,
              "skipped": false
            },
            {
              "title": "Error message link navigates to its respective field",
              "fullTitle": "Feature - Event sign up : Tests execution date and time : Mon Nov 30 2020 10:14:27 GMT+0000 (Greenwich Mean Time) Error message link navigates to its respective field",
              "timedOut": null,
              "duration": 1462,
              "state": "passed",
              "speed": "slow",
              "pass": true,
              "fail": false,
              "pending": false,
              "context": null,
              "code": "searchForEvent.getEventsType().select(this.testData.eventsType);\nsearchForEvent.getEventLocation().select(this.testData.eventLocation);\nsearchForEvent.getEventsMonth().as(\"month\").children().first().then(function (option) {\n  cy.get(\"@month\").select(option.text());\n});\nsearchForEvent.getUpdateResultsButton().click();\ncy.get(\"body\").then(function (body) {\n  if (body.find(\".search-for-events-no-results\").length > 0) {\n    cy.get(\".search-for-events-no-results\").should(\"include.text\", \"Sorry your search has not found any events, try a different type, location or month.\");\n  } else {\n    eventSignup.getSearchedEventName().first().then(function (eventName) {\n      cy.contains(eventName.text().trim()).click();\n      eventSignup.getSignupForThisEventButton().click();\n      eventSignup.getEventNameHeader().should(\"have.text\", eventName.text().trim());\n      eventSignup.getNextStep().click();\n      cy.contains(\"Enter your full email address\").should(function (el) {\n        expect(el).to.have.attr(\"href\", \"#events-steps-personal-details-email-field-error\");\n      }).click().type(\"Test_email@gmail.com\");\n      eventSignup.getNextStep().click();\n      cy.get(\".govuk-list.govuk-error-summary__list > li:nth-child(1)\").should(\"have.text\", \"Enter your first name\").next().should(\"have.text\", \"Enter your last name\");\n      cy.contains(\"Enter your first name\").should(function (el) {\n        expect(el).to.have.attr(\"href\", \"#events-steps-personal-details-first-name-field-error\");\n      }).click().type(\"Test_First_Name\");\n      eventSignup.getNextStep().click();\n      cy.get(\".govuk-list.govuk-error-summary__list > li:nth-child(1)\").should(\"have.text\", \"Enter your last name\");\n      cy.contains(\"Enter your last name\").should(function (el) {\n        expect(el).to.have.attr(\"href\", \"#events-steps-personal-details-last-name-field-error\");\n      }).click().type(\"Test_Last_Name\");\n      eventSignup.getNextStep().click();\n    });\n    cy.get(\".govuk-back-link\").should(\"exist\").should(\"have.text\", \"Back\");\n  }\n});",
              "err": {},
              "uuid": "e3024934-5d41-4b97-99cf-d4615f7b8e1f",
              "parentUUID": "82ea892b-02c4-43f1-8073-ab12194f3b5d",
              "isHook": false,
              "skipped": false
            },
            {
              "title": "Links through to feedback survey page",
              "fullTitle": "Feature - Event sign up : Tests execution date and time : Mon Nov 30 2020 10:14:27 GMT+0000 (Greenwich Mean Time) Links through to feedback survey page",
              "timedOut": null,
              "duration": 2189,
              "state": "passed",
              "speed": "slow",
              "pass": true,
              "fail": false,
              "pending": false,
              "context": null,
              "code": "var signedUpeventName;\nsearchForEvent.getEventsType().select(this.testData.eventsType);\nsearchForEvent.getEventLocation().select(this.testData.eventLocation);\nsearchForEvent.getEventsMonth().as(\"month\").children().first().then(function (option) {\n  cy.get(\"@month\").select(option.text());\n});\nsearchForEvent.getUpdateResultsButton().click();\ncy.get(\"body\").then(function (body) {\n  if (body.find(\".search-for-events-no-results\").length > 0) {\n    cy.get(\".search-for-events-no-results\").should(\"include.text\", \"Sorry your search has not found any events, try a different type, location or month.\");\n  } else {\n    eventSignup.getSearchedEventName().first().then(function (eventName) {\n      eventSignup.getSearchedEventName().first().click();\n      eventSignup.getSignupForThisEventButton().click();\n      eventSignup.getEventNameHeader().should(\"have.text\", eventName.text().trim());\n      signedUpeventName = eventName.text().trim();\n      eventSignup.getFirstName().type(this.testData.firstName);\n      eventSignup.getLastName().type(this.testData.lastName);\n      var rnum = Math.floor(Math.random() * 1000000 + 1);\n      var email = \"testuser\" + rnum.toString() + \"@gmail.co.uk\";\n      eventSignup.getEmail().type(email);\n      eventSignup.getNextStep().click();\n      eventSignup.getBackButton().should(\"exist\").should(\"have.text\", \"Back\");\n      eventSignup.getPhoneNumber().type(this.testData.phoneNumber);\n      eventSignup.getNextStep().click();\n      eventSignup.getPrivacyPolicy().click();\n      cy.wouldYouLikeToReceiveEmailUpdate(\"No\");\n      eventSignup.getSignupCompleteMessage().should(\"have.text\", \"Sign up complete\");\n      eventSignup.getSignupEventName().should(\"have.text\", signedUpeventName);\n    });\n    cy.contains(\"a\", \"feedback on this website\").invoke(\"removeAttr\", \"target\").click();\n    cy.get(\".freebirdFormviewerViewHeaderTitle\").should(\"exist\").should(\"have.text\", \"Get into Teaching: Feedback Survey\");\n  }\n});",
              "err": {},
              "uuid": "0e5eb705-65dc-474d-bb07-cb81f86e31f2",
              "parentUUID": "82ea892b-02c4-43f1-8073-ab12194f3b5d",
              "isHook": false,
              "skipped": false
            },
            {
              "title": "It hides the feedback bar if user clicks on \"Hide\" link",
              "fullTitle": "Feature - Event sign up : Tests execution date and time : Mon Nov 30 2020 10:14:27 GMT+0000 (Greenwich Mean Time) It hides the feedback bar if user clicks on \"Hide\" link",
              "timedOut": null,
              "duration": 2174,
              "state": "passed",
              "speed": "slow",
              "pass": true,
              "fail": false,
              "pending": false,
              "context": null,
              "code": "var signedUpeventName;\nsearchForEvent.getEventsType().select(this.testData.eventsType);\nsearchForEvent.getEventLocation().select(this.testData.eventLocation);\nsearchForEvent.getEventsMonth().as(\"month\").children().first().then(function (option) {\n  cy.get(\"@month\").select(option.text());\n});\nsearchForEvent.getUpdateResultsButton().click();\ncy.get(\"body\").then(function (body) {\n  if (body.find(\".search-for-events-no-results\").length > 0) {\n    cy.get(\".search-for-events-no-results\").should(\"include.text\", \"Sorry your search has not found any events, try a different type, location or month.\");\n  } else {\n    eventSignup.getSearchedEventName().first().then(function (eventName) {\n      eventSignup.getSearchedEventName().first().click();\n      eventSignup.getSignupForThisEventButton().click();\n      eventSignup.getEventNameHeader().should(\"have.text\", eventName.text().trim());\n      signedUpeventName = eventName.text().trim();\n      eventSignup.getFirstName().type(this.testData.firstName);\n      eventSignup.getLastName().type(this.testData.lastName);\n      var rnum = Math.floor(Math.random() * 1000000 + 1);\n      var email = \"testuser\" + rnum.toString() + \"@gmail.co.uk\";\n      eventSignup.getEmail().type(email);\n      eventSignup.getNextStep().click();\n      eventSignup.getBackButton().should(\"exist\").should(\"have.text\", \"Back\");\n      eventSignup.getPhoneNumber().type(this.testData.phoneNumber);\n      eventSignup.getNextStep().click();\n      eventSignup.getPrivacyPolicy().click();\n      cy.wouldYouLikeToReceiveEmailUpdate(\"No\");\n      eventSignup.getSignupCompleteMessage().should(\"have.text\", \"Sign up complete\");\n      eventSignup.getSignupEventName().should(\"have.text\", signedUpeventName);\n    });\n    cy.get(\"#hide-feedback-bar\").click();\n    cy.contains(\"a\", \"feedback on this website\").should(\"not.be.visible\");\n  }\n});",
              "err": {},
              "uuid": "49d5b620-7adb-421e-8349-488e246686f3",
              "parentUUID": "82ea892b-02c4-43f1-8073-ab12194f3b5d",
              "isHook": false,
              "skipped": false
            }
          ],
          "suites": [],
          "passes": [
            "e91ae3c8-215e-458d-b440-edbb8292dac6",
            "440b16ce-db5c-4d82-9073-8e765a345ec9",
            "204960b4-3b63-48dd-99c3-4f8a7e8647c1",
            "a9225678-0d44-4984-967a-87294e7f35b9",
            "2cba8c70-2323-4220-b5ef-096d76e74544",
            "dfa64f88-57e6-417c-ab81-860fb2fb1261",
            "10da639c-c69b-490d-b85e-d430384a347e",
            "284d620a-048a-46a0-adf1-4905873fb538",
            "e3024934-5d41-4b97-99cf-d4615f7b8e1f",
            "0e5eb705-65dc-474d-bb07-cb81f86e31f2",
            "49d5b620-7adb-421e-8349-488e246686f3"
          ],
          "failures": [],
          "pending": [],
          "skipped": [],
          "duration": 19898,
          "root": false,
          "rootEmpty": false,
          "_timeout": 2000
        },
        {
          "uuid": "583d98c4-6010-4fe5-8ffe-d105b6a8fef6",
          "title": "Feature - 404 Not Found unknown_route : Mon Nov 30 2020 10:14:50 GMT+0000 (Greenwich Mean Time)",
          "fullFile": "",
          "file": "",
          "beforeHooks": [],
          "afterHooks": [],
          "tests": [
            {
              "title": "It should show \"404\tNot Found unknown_route\" if the user enters a bad URL",
              "fullTitle": "Feature - 404 Not Found unknown_route : Mon Nov 30 2020 10:14:50 GMT+0000 (Greenwich Mean Time) It should show \"404\tNot Found unknown_route\" if the user enters a bad URL",
              "timedOut": null,
              "duration": 170,
              "state": "passed",
              "speed": "slow",
              "pass": true,
              "fail": false,
              "pending": false,
              "context": null,
              "code": "cy.visit({\n  url: \"https://get-into-teaching-apps-test.london.cloudapps.digital/events\",\n  method: \"GET\",\n  failOnStatusCode: false\n});\ncy.verify404ErrorMessage();",
              "err": {},
              "uuid": "6dcfe0c7-594b-4094-aff3-501d496c49a0",
              "parentUUID": "583d98c4-6010-4fe5-8ffe-d105b6a8fef6",
              "isHook": false,
              "skipped": false
            }
          ],
          "suites": [],
          "passes": [
            "6dcfe0c7-594b-4094-aff3-501d496c49a0"
          ],
          "failures": [],
          "pending": [],
          "skipped": [],
          "duration": 170,
          "root": false,
          "rootEmpty": false,
          "_timeout": 2000
        }
      ],
      "passes": [],
      "failures": [],
      "pending": [],
      "skipped": [],
      "duration": 0,
      "root": true,
      "rootEmpty": true,
      "_timeout": 2000
    }
  ],
  "meta": {
    "mocha": {
      "version": "7.0.1"
    },
    "mochawesome": {
      "options": {
        "quiet": false,
        "reportFilename": "testreport",
        "saveHtml": false,
        "saveJson": true,
        "consoleReporter": "spec",
        "useInlineDiffs": false,
        "code": true
      },
      "version": "6.2.1"
    },
    "marge": {
      "options": {
        "id": "default",
        "reportDir": "cypress/reports",
        "reportFilename": "testreport",
        "quite": true,
        "overwrite": false,
        "html": false,
        "json": true
      },
      "version": "5.1.0"
    }
  }
}