{
  "stats": {
    "suites": 4,
    "tests": 73,
    "passes": 73,
    "pending": 0,
    "failures": 0,
    "start": "2020-11-30T10:17:58.950Z",
    "end": "2020-11-30T10:26:45.447Z",
    "duration": 526497,
    "testsRegistered": 73,
    "passPercent": 100,
    "pendingPercent": 0,
    "other": 0,
    "hasOther": false,
    "skipped": 0,
    "hasSkipped": false
  },
  "results": [
    {
      "uuid": "295e2415-4922-4967-89ac-a0aa9a7935a4",
      "title": "",
      "fullFile": "cypress\\integration\\teacher-training-adviser.spec.js",
      "file": "cypress\\integration\\teacher-training-adviser.spec.js",
      "beforeHooks": [],
      "afterHooks": [],
      "tests": [],
      "suites": [
        {
          "uuid": "1bd057a8-4c35-46b6-bea8-517b6f18d0d6",
          "title": "Feature - Get an adviser : Tests execution date and time : Mon Nov 30 2020 10:18:01 GMT+0000 (Greenwich Mean Time)",
          "fullFile": "",
          "file": "",
          "beforeHooks": [],
          "afterHooks": [],
          "tests": [
            {
              "title": "Has no detectable a11y violations on load",
              "fullTitle": "Feature - Get an adviser : Tests execution date and time : Mon Nov 30 2020 10:18:01 GMT+0000 (Greenwich Mean Time) Has no detectable a11y violations on load",
              "timedOut": null,
              "duration": 971,
              "state": "passed",
              "speed": "slow",
              "pass": true,
              "fail": false,
              "pending": false,
              "context": null,
              "code": "// Test the page at initial load\ncy.checkA11y();",
              "err": {},
              "uuid": "6f39b7a6-8e49-44f8-b9a1-65a9188773bf",
              "parentUUID": "1bd057a8-4c35-46b6-bea8-517b6f18d0d6",
              "isHook": false,
              "skipped": false
            },
            {
              "title": "Has no detectable a11y violations on load (filtering to only include critical impact violations)",
              "fullTitle": "Feature - Get an adviser : Tests execution date and time : Mon Nov 30 2020 10:18:01 GMT+0000 (Greenwich Mean Time) Has no detectable a11y violations on load (filtering to only include critical impact violations)",
              "timedOut": null,
              "duration": 915,
              "state": "passed",
              "speed": "slow",
              "pass": true,
              "fail": false,
              "pending": false,
              "context": null,
              "code": "// Test on initial load, only report and assert for critical impact items\ncy.checkA11y(null, {\n  includedImpacts: [\"critical\"]\n});",
              "err": {},
              "uuid": "c1b80054-48b9-4871-a65e-7b260e6bce35",
              "parentUUID": "1bd057a8-4c35-46b6-bea8-517b6f18d0d6",
              "isHook": false,
              "skipped": false
            },
            {
              "title": "Logs violations to the terminal",
              "fullTitle": "Feature - Get an adviser : Tests execution date and time : Mon Nov 30 2020 10:18:01 GMT+0000 (Greenwich Mean Time) Logs violations to the terminal",
              "timedOut": null,
              "duration": 783,
              "state": "passed",
              "speed": "slow",
              "pass": true,
              "fail": false,
              "pending": false,
              "context": null,
              "code": "cy.checkA11y(null, null, terminalLog);",
              "err": {},
              "uuid": "08ed9c21-e31b-4d32-bd7e-6715cb9b25bb",
              "parentUUID": "1bd057a8-4c35-46b6-bea8-517b6f18d0d6",
              "isHook": false,
              "skipped": false
            },
            {
              "title": "It shows \"Thank you  Sign up complete\" message to UK returner user",
              "fullTitle": "Feature - Get an adviser : Tests execution date and time : Mon Nov 30 2020 10:18:01 GMT+0000 (Greenwich Mean Time) It shows \"Thank you  Sign up complete\" message to UK returner user",
              "timedOut": null,
              "duration": 7560,
              "state": "passed",
              "speed": "slow",
              "pass": true,
              "fail": false,
              "pending": false,
              "context": null,
              "code": "var rnum = Math.floor(Math.random() * 10000000 + 1);\nvar firstName = \"First_\" + rnum + \"_name\";\nvar lastName = \"Last_\" + rnum + \"_name\";\nteacherTrainingAdviser.getFirstName().type(firstName);\nteacherTrainingAdviser.getLastName().type(lastName);\nteacherTrainingAdviser.getEmailAddress().type(this.testData.email);\nteacherTrainingAdviser.getContinueButton().click();\ncy.returningToTeaching(true);\ncy.havePreviousTeacherReferenceNumber(true);\ncy.enterPreviousTeacherReferenceNumber(23478463);\ncy.selectPreviuosMainSubject(\"Computing\");\ncy.selectSubjectLikeToTeach(\"Physics\");\ncy.enterDateOfBirth(\"25\", \"02\", \"1986\");\ncy.doYouLiveInTheUk(true);\ncy.enterUKCandidateAddress(\"55\", \"Hollinswood\", \"Telford\", \"TF3 2BT\");\ncy.enterUKTelephoneNumber(\"012345678\");\ncy.verifyCheckYourAnswersMessage();\ncy.contains(\"Name\").next().contains(firstName + \" \" + lastName);\ncy.contains(\"Date of birth\").next().contains(\"25 02 1986\");\ncy.contains(\"Address\").next().contains(\"55 Hollinswood Telford TF3 2BT\");\ncy.contains(\"Email\").next().contains(this.testData.email);\ncy.contains(\"Telephone\").next().contains(\"012345678\");\ncy.contains(\"Are you returning to teaching?\").next().contains(\"Yes\");\ncy.contains(\"What is your previous teacher reference number?\").next().contains(\"23478463\");\ncy.contains(\"Which main subject did you previously teach?\").next().contains(\"Computing\");\ncy.contains(\"Which subject would you like to teach if you return to teaching?\").next().contains(\"Physics\");\ncy.contains(\"Where do you live?\").next().contains(\"UK\");\ncy.clickOnContinueButton();\ncy.acceptPolicy();\ncy.verifySignUpCompleteMessage();",
              "err": {},
              "uuid": "7ae40e2c-c825-47f6-9a4f-e64f7af13fcc",
              "parentUUID": "1bd057a8-4c35-46b6-bea8-517b6f18d0d6",
              "isHook": false,
              "skipped": false
            },
            {
              "title": "It shows \"Get support\" message to the UK returner if he selects subject as \"Other\"",
              "fullTitle": "Feature - Get an adviser : Tests execution date and time : Mon Nov 30 2020 10:18:01 GMT+0000 (Greenwich Mean Time) It shows \"Get support\" message to the UK returner if he selects subject as \"Other\"",
              "timedOut": null,
              "duration": 3983,
              "state": "passed",
              "speed": "slow",
              "pass": true,
              "fail": false,
              "pending": false,
              "context": null,
              "code": "cy.enterFirstNameLastNameandEmail(this.testData.firstName, this.testData.lastName, this.testData.email);\ncy.returningToTeaching(true);\ncy.havePreviousTeacherReferenceNumber(true);\ncy.enterPreviousTeacherReferenceNumber(23478463);\ncy.selectPreviuosMainSubject(\"Computing\");\ncy.selectSubjectLikeToTeach(\"Other\");\ncy.get(\".govuk-heading-l\").should(\"exist\").should(\"have.text\", \"Get support\");",
              "err": {},
              "uuid": "d8fd55e3-81c1-4d9f-9771-6830feded50d",
              "parentUUID": "1bd057a8-4c35-46b6-bea8-517b6f18d0d6",
              "isHook": false,
              "skipped": false
            },
            {
              "title": "It navigates to mailinglist sign up page if user clicks on \"send you information via email \" link",
              "fullTitle": "Feature - Get an adviser : Tests execution date and time : Mon Nov 30 2020 10:18:01 GMT+0000 (Greenwich Mean Time) It navigates to mailinglist sign up page if user clicks on \"send you information via email \" link",
              "timedOut": null,
              "duration": 3878,
              "state": "passed",
              "speed": "slow",
              "pass": true,
              "fail": false,
              "pending": false,
              "context": null,
              "code": "cy.enterFirstNameLastNameandEmail(this.testData.firstName, this.testData.lastName, this.testData.email);\ncy.returningToTeaching(true);\ncy.havePreviousTeacherReferenceNumber(true);\ncy.enterPreviousTeacherReferenceNumber(23478463);\ncy.selectPreviuosMainSubject(\"Computing\");\ncy.selectSubjectLikeToTeach(\"Other\");\ncy.get(\".govuk-heading-l\").should(\"exist\").should(\"have.text\", \"Get support\");\ncy.contains(\"a\", \"send you information via email\").invoke(\"attr\", \"href\").then(function (val) {\n  cy.request({\n    url: val,\n    method: \"GET\",\n    auth: {\n      username: Cypress.env(\"HTTPAUTH_USERNAME\"),\n      password: Cypress.env(\"HTTPAUTH_PASSWORD\")\n    }\n  });\n}).as(\"linkResponse\");\ncy.get(\"@linkResponse\").then(function (response) {\n  expect(response.status).to.eq(200);\n});",
              "err": {},
              "uuid": "edec2b1e-70e4-4fef-ab09-3a97594dbdda",
              "parentUUID": "1bd057a8-4c35-46b6-bea8-517b6f18d0d6",
              "isHook": false,
              "skipped": false
            },
            {
              "title": "It navigates to \"Find an event near you\" page if user clicks on \"attending a return to teaching event\" link",
              "fullTitle": "Feature - Get an adviser : Tests execution date and time : Mon Nov 30 2020 10:18:01 GMT+0000 (Greenwich Mean Time) It navigates to \"Find an event near you\" page if user clicks on \"attending a return to teaching event\" link",
              "timedOut": null,
              "duration": 3554,
              "state": "passed",
              "speed": "slow",
              "pass": true,
              "fail": false,
              "pending": false,
              "context": null,
              "code": "cy.enterFirstNameLastNameandEmail(this.testData.firstName, this.testData.lastName, this.testData.email);\ncy.returningToTeaching(true);\ncy.havePreviousTeacherReferenceNumber(true);\ncy.enterPreviousTeacherReferenceNumber(23478463);\ncy.selectPreviuosMainSubject(\"Computing\");\ncy.selectSubjectLikeToTeach(\"Other\");\ncy.get(\".govuk-heading-l\").should(\"exist\").should(\"have.text\", \"Get support\");\ncy.contains(\"a\", \"attending a return to teaching event\").invoke(\"attr\", \"href\").then(function (val) {\n  cy.request({\n    url: val,\n    method: \"GET\",\n    auth: {\n      username: Cypress.env(\"HTTPAUTH_USERNAME\"),\n      password: Cypress.env(\"HTTPAUTH_PASSWORD\")\n    }\n  });\n}).as(\"linkResponse\");\ncy.get(\"@linkResponse\").then(function (response) {\n  expect(response.status).to.eq(200);\n});",
              "err": {},
              "uuid": "494ab14c-dfe7-442a-b683-232ce540d1af",
              "parentUUID": "1bd057a8-4c35-46b6-bea8-517b6f18d0d6",
              "isHook": false,
              "skipped": false
            },
            {
              "title": "It shows the error message if user clicks continiue button without selecting subject",
              "fullTitle": "Feature - Get an adviser : Tests execution date and time : Mon Nov 30 2020 10:18:01 GMT+0000 (Greenwich Mean Time) It shows the error message if user clicks continiue button without selecting subject",
              "timedOut": null,
              "duration": 3160,
              "state": "passed",
              "speed": "slow",
              "pass": true,
              "fail": false,
              "pending": false,
              "context": null,
              "code": "cy.enterFirstNameLastNameandEmail(this.testData.firstName, this.testData.lastName, this.testData.email);\ncy.returningToTeaching(true);\ncy.havePreviousTeacherReferenceNumber(true);\ncy.enterPreviousTeacherReferenceNumber(23478463);\ncy.selectPreviuosMainSubject(\"Computing\");\ncy.clickOnContinueButton();\ncy.get(\"#error-summary-title\").should(\"exist\").should(\"have.text\", \"There is a problem\").next().should(\"have.text\", \"Choose a subject or other\");",
              "err": {},
              "uuid": "9424ce9f-40dd-4a48-b906-0e364ed52bcd",
              "parentUUID": "1bd057a8-4c35-46b6-bea8-517b6f18d0d6",
              "isHook": false,
              "skipped": false
            },
            {
              "title": "It shows \"Thank you  Sign up complete\" message to overseas returner user",
              "fullTitle": "Feature - Get an adviser : Tests execution date and time : Mon Nov 30 2020 10:18:01 GMT+0000 (Greenwich Mean Time) It shows \"Thank you  Sign up complete\" message to overseas returner user",
              "timedOut": null,
              "duration": 5387,
              "state": "passed",
              "speed": "slow",
              "pass": true,
              "fail": false,
              "pending": false,
              "context": null,
              "code": "cy.enterFirstNameLastNameandEmail(this.testData.firstName, this.testData.lastName, this.testData.email);\ncy.returningToTeaching(true);\ncy.havePreviousTeacherReferenceNumber(true);\ncy.enterPreviousTeacherReferenceNumber(23478463);\ncy.selectPreviuosMainSubject(\"Biology\");\ncy.selectSubjectLikeToTeach(\"Maths\");\ncy.enterDateOfBirth(\"20\", \"07\", \"2000\");\ncy.doYouLiveInTheUk(false);\ncy.whichCountryDoYouLiveIn(\"Switzerland\");\ncy.enterOverseasTelephoneNumber(\"0012354758\");\ncy.verifyCheckYourAnswersMessage();\ncy.clickOnContinueButton();\ncy.acceptPolicy();\ncy.verifySignUpCompleteMessage();",
              "err": {},
              "uuid": "ce6858ea-1e53-4f71-a8b7-444fd8c09f6e",
              "parentUUID": "1bd057a8-4c35-46b6-bea8-517b6f18d0d6",
              "isHook": false,
              "skipped": false
            },
            {
              "title": "It shows \"Thank you  Sign up complete\" to non-returner UK user, interesed in primary stage teaching, have grade 4 (C) or above in english, maths and science GCSE",
              "fullTitle": "Feature - Get an adviser : Tests execution date and time : Mon Nov 30 2020 10:18:01 GMT+0000 (Greenwich Mean Time) It shows \"Thank you  Sign up complete\" to non-returner UK user, interesed in primary stage teaching, have grade 4 (C) or above in english, maths and science GCSE",
              "timedOut": null,
              "duration": 10654,
              "state": "passed",
              "speed": "slow",
              "pass": true,
              "fail": false,
              "pending": false,
              "context": null,
              "code": "/*Are you returning to teaching? - No\n  Do you have a degree? - Yes\n  Which stage are you interested in teaching? - primary \n  Do you have grade 4 (C) or above in English and maths GCSEs, or equivalent? -Yes\n  Do you have grade 4 (C) or above in GCSE science, or equivalent? - Yes\n  UK user\n*/\ncy.enterFirstNameLastNameandEmail(this.testData.firstName, this.testData.lastName, this.testData.email);\ncy.returningToTeaching(false);\ncy.doYouHaveDegree(\"Yes\");\ncy.selectWhatSubjectIsYourDegree(\"Dance\");\ncy.selectWhichClassIsYourDegree(\"2:2\");\ncy.wait(1000);\ncy.selectStage(\"Primary\");\ncy.gcseMathsAndEnglish(true);\ncy.gcseScience(true);\ncy.whenDoYouWantToStartYourTeacherTraining(\"2021\");\ncy.enterDateOfBirth(\"31\", \"03\", \"1985\");\ncy.doYouLiveInTheUk(true);\ncy.enterUKCandidateAddress(\"21\", \"Victoria Embankment\", \"Darlington\", \"DL1 5JR\");\ncy.enterUKTelephoneNumber(\"0125234490\");\ncy.verifyCheckYourAnswersMessage();\ncy.clickOnContinueButton();\ncy.acceptPolicy();\ncy.verifySignUpCompleteMessage();",
              "err": {},
              "uuid": "165d7afd-a312-4d10-84a2-0c198942738d",
              "parentUUID": "1bd057a8-4c35-46b6-bea8-517b6f18d0d6",
              "isHook": false,
              "skipped": false
            },
            {
              "title": "It shows \"Thank you  Sign up complete\" to non-returner overseas user, interesed in primary stage teaching, have grade 4 (C) or above in english, maths and science GCSE",
              "fullTitle": "Feature - Get an adviser : Tests execution date and time : Mon Nov 30 2020 10:18:01 GMT+0000 (Greenwich Mean Time) It shows \"Thank you  Sign up complete\" to non-returner overseas user, interesed in primary stage teaching, have grade 4 (C) or above in english, maths and science GCSE",
              "timedOut": null,
              "duration": 9204,
              "state": "passed",
              "speed": "slow",
              "pass": true,
              "fail": false,
              "pending": false,
              "context": null,
              "code": "/*Are you returning to teaching? - No\n  Do you have a degree? - Yes\n  Which stage are you interested in teaching? - primary\n  Do you have grade 4 (C) or above in English and maths GCSEs, or equivalent? -Yes\n  Do you have grade 4 (C) or above in GCSE science, or equivalent? - Yes\n  Overseas user\n*/\ncy.enterFirstNameLastNameandEmail(this.testData.firstName, this.testData.lastName, this.testData.email);\ncy.returningToTeaching(false);\ncy.doYouHaveDegree(\"Yes\");\ncy.selectWhatSubjectIsYourDegree(\"Dance\");\ncy.selectWhichClassIsYourDegree(\"2:2\");\ncy.wait(1000);\ncy.selectStage(\"Primary\");\ncy.gcseMathsAndEnglish(true);\ncy.gcseScience(true);\ncy.whenDoYouWantToStartYourTeacherTraining(\"2021\");\ncy.enterDateOfBirth(\"31\", \"03\", \"1985\");\ncy.doYouLiveInTheUk(false);\ncy.whichCountryDoYouLiveIn(\"Brazil\");\ncy.enterOverseasTelephoneNumber(this.testData.phoneNumber);\ncy.verifyCheckYourAnswersMessage();\ncy.clickOnContinueButton();\ncy.acceptPolicy();\ncy.verifySignUpCompleteMessage();",
              "err": {},
              "uuid": "11a94a1c-3b39-419e-b2ff-05c843cdf0d5",
              "parentUUID": "1bd057a8-4c35-46b6-bea8-517b6f18d0d6",
              "isHook": false,
              "skipped": false
            },
            {
              "title": "It shows \"Thank you  Sign up complete\" to non-returner UK user, interesed in primary stage teaching, have grade 4 (C) or above in English and maths GCSE not in science GCSE but planning to retake science GCSE",
              "fullTitle": "Feature - Get an adviser : Tests execution date and time : Mon Nov 30 2020 10:18:01 GMT+0000 (Greenwich Mean Time) It shows \"Thank you  Sign up complete\" to non-returner UK user, interesed in primary stage teaching, have grade 4 (C) or above in English and maths GCSE not in science GCSE but planning to retake science GCSE",
              "timedOut": null,
              "duration": 10869,
              "state": "passed",
              "speed": "slow",
              "pass": true,
              "fail": false,
              "pending": false,
              "context": null,
              "code": "/*Are you returning to teaching? - No\n  Do you have a degree? - Yes\n  Which stage are you interested in teaching? - primary\n  Do you have grade 4 (C) or above in English and maths GCSEs, or equivalent? -Yes\n  Do you have grade 4 (C) or above in GCSE science, or equivalent? - No\n  Are you planning to retake your science GCSE? - Yes\n  UK user\n*/\ncy.enterFirstNameLastNameandEmail(this.testData.firstName, this.testData.lastName, this.testData.email);\ncy.returningToTeaching(false);\ncy.doYouHaveDegree(\"Yes\");\ncy.selectWhatSubjectIsYourDegree(\"Dance\");\ncy.selectWhichClassIsYourDegree(\"2:2\");\ncy.wait(1000);\ncy.selectStage(\"Primary\");\ncy.gcseMathsAndEnglish(true);\ncy.gcseScience(false);\ncy.retakeGcseScience(true);\ncy.whenDoYouWantToStartYourTeacherTraining(\"2021\");\ncy.enterDateOfBirth(\"31\", \"03\", \"1985\");\ncy.doYouLiveInTheUk(true);\ncy.enterUKCandidateAddress(\"21\", \"Victoria Embankment\", \"Darlington\", \"DL1 5JR\");\ncy.enterUKTelephoneNumber(\"0125234490\");\ncy.verifyCheckYourAnswersMessage();\ncy.clickOnContinueButton();\ncy.acceptPolicy();\ncy.verifySignUpCompleteMessage();",
              "err": {},
              "uuid": "504075c9-b568-4c2e-ad69-1a12496f86ae",
              "parentUUID": "1bd057a8-4c35-46b6-bea8-517b6f18d0d6",
              "isHook": false,
              "skipped": false
            },
            {
              "title": "It shows \"Thank you  Sign up complete\" to non-returner overseas user, interesed in primary stage teaching, have grade 4 (C) or above in English and maths GCSE not in science GCSE but planning to retake science GCSE",
              "fullTitle": "Feature - Get an adviser : Tests execution date and time : Mon Nov 30 2020 10:18:01 GMT+0000 (Greenwich Mean Time) It shows \"Thank you  Sign up complete\" to non-returner overseas user, interesed in primary stage teaching, have grade 4 (C) or above in English and maths GCSE not in science GCSE but planning to retake science GCSE",
              "timedOut": null,
              "duration": 10060,
              "state": "passed",
              "speed": "slow",
              "pass": true,
              "fail": false,
              "pending": false,
              "context": null,
              "code": "/*Are you returning to teaching? - No\n  Do you have a degree? - Yes\n  Which stage are you interested in teaching? - primary\n  Do you have grade 4 (C) or above in English and maths GCSEs, or equivalent? -Yes\n  Do you have grade 4 (C) or above in GCSE science, or equivalent? - No\n  Are you planning to retake your science GCSE? - Yes\n  Overseas user\n*/\ncy.enterFirstNameLastNameandEmail(this.testData.firstName, this.testData.lastName, this.testData.email);\ncy.returningToTeaching(false);\ncy.doYouHaveDegree(\"Yes\");\ncy.selectWhatSubjectIsYourDegree(\"Dance\");\ncy.selectWhichClassIsYourDegree(\"2:2\");\ncy.wait(1000);\ncy.selectStage(\"Primary\");\ncy.gcseMathsAndEnglish(true);\ncy.gcseScience(false);\ncy.retakeGcseScience(true);\ncy.whenDoYouWantToStartYourTeacherTraining(\"2021\");\ncy.enterDateOfBirth(\"31\", \"03\", \"1985\");\ncy.doYouLiveInTheUk(false);\ncy.whichCountryDoYouLiveIn(\"Poland\");\ncy.enterOverseasTelephoneNumber(\"38494102834\");\ncy.verifyCheckYourAnswersMessage();\ncy.clickOnContinueButton();\ncy.acceptPolicy();\ncy.verifySignUpCompleteMessage();",
              "err": {},
              "uuid": "c540fae0-70c9-45b7-ab59-0a485420e607",
              "parentUUID": "1bd057a8-4c35-46b6-bea8-517b6f18d0d6",
              "isHook": false,
              "skipped": false
            },
            {
              "title": "It shows \"Get the right GCSEs or equivalent qualifications message\" to non-returner user, interesed in primary stage teaching, have grade 4 (C) or above in English and maths and not in science GCSE  nor planning to retake",
              "fullTitle": "Feature - Get an adviser : Tests execution date and time : Mon Nov 30 2020 10:18:01 GMT+0000 (Greenwich Mean Time) It shows \"Get the right GCSEs or equivalent qualifications message\" to non-returner user, interesed in primary stage teaching, have grade 4 (C) or above in English and maths and not in science GCSE  nor planning to retake",
              "timedOut": null,
              "duration": 5968,
              "state": "passed",
              "speed": "slow",
              "pass": true,
              "fail": false,
              "pending": false,
              "context": null,
              "code": "/*Are you returning to teaching? - No\n  Do you have a degree? - Yes\n  Which stage are you interested in teaching? - primary\n  Do you have grade 4 (C) or above in English and maths GCSEs, or equivalent? -Yes\n  Do you have grade 4 (C) or above in GCSE science, or equivalent? - No\n  Are you planning to retake your science GCSE? - No\n  //Expected page - Get the right GCSEs or equivalent qualifications\n \n*/\ncy.enterFirstNameLastNameandEmail(this.testData.firstName, this.testData.lastName, this.testData.email);\ncy.returningToTeaching(false);\ncy.doYouHaveDegree(\"Yes\");\ncy.selectWhatSubjectIsYourDegree(\"Dance\");\ncy.selectWhichClassIsYourDegree(\"2:2\");\ncy.wait(1000);\ncy.selectStage(\"Primary\");\ncy.gcseMathsAndEnglish(true);\ncy.gcseScience(false);\ncy.retakeGcseScience(false);\ncy.get(\".govuk-heading-l\").should(\"exist\").should(\"have.text\", \"Get the right GCSEs or equivalent qualifications\");",
              "err": {},
              "uuid": "5f111816-7c71-4db4-9593-fa007ef20df4",
              "parentUUID": "1bd057a8-4c35-46b6-bea8-517b6f18d0d6",
              "isHook": false,
              "skipped": false
            },
            {
              "title": "It shows \"Thank you  Sign up complete\" to non-returner UK user, interesed in primary stage teaching, have no grade 4 (C) or above in English and maths GCSEs but planning to retake, have grade 4 (C) or above in GCSE science",
              "fullTitle": "Feature - Get an adviser : Tests execution date and time : Mon Nov 30 2020 10:18:01 GMT+0000 (Greenwich Mean Time) It shows \"Thank you  Sign up complete\" to non-returner UK user, interesed in primary stage teaching, have no grade 4 (C) or above in English and maths GCSEs but planning to retake, have grade 4 (C) or above in GCSE science",
              "timedOut": null,
              "duration": 11485,
              "state": "passed",
              "speed": "slow",
              "pass": true,
              "fail": false,
              "pending": false,
              "context": null,
              "code": "/*Are you returning to teaching? - No\n  Do you have a degree? - Yes\n  Which stage are you interested in teaching? - primary\n  Do you have grade 4 (C) or above in English and maths GCSEs, or equivalent? - No\n  Are you planning to retake either English or maths (or both) GCSEs, or equivalent? - Yes\n  Do you have grade 4 (C) or above in GCSE science, or equivalent? - Yes\n  UK user\n*/\ncy.enterFirstNameLastNameandEmail(this.testData.firstName, this.testData.lastName, this.testData.email);\ncy.returningToTeaching(false);\ncy.doYouHaveDegree(\"Yes\");\ncy.selectWhatSubjectIsYourDegree(\"Dance\");\ncy.selectWhichClassIsYourDegree(\"2:2\");\ncy.wait(1000);\ncy.selectStage(\"Primary\");\ncy.gcseMathsAndEnglish(false);\ncy.retakeGcseMathsAndEnglish(true);\ncy.gcseScience(true);\ncy.whenDoYouWantToStartYourTeacherTraining(\"2021\");\ncy.enterDateOfBirth(\"31\", \"03\", \"1985\");\ncy.doYouLiveInTheUk(true);\ncy.enterUKCandidateAddress(\"21\", \"Victoria Embankment\", \"Darlington\", \"DL1 5JR\");\ncy.enterUKTelephoneNumber(\"0125234490\");\ncy.verifyCheckYourAnswersMessage();\ncy.clickOnContinueButton();\ncy.acceptPolicy();\ncy.verifySignUpCompleteMessage();",
              "err": {},
              "uuid": "0b3ce829-83c6-4ef1-8851-ad3a96bdf068",
              "parentUUID": "1bd057a8-4c35-46b6-bea8-517b6f18d0d6",
              "isHook": false,
              "skipped": false
            },
            {
              "title": "It shows \"Thank you  Sign up complete\" to non-returner overseas user, interesed in primary stage teaching, have no grade 4 (C) or above in English and maths GCSEs but planning to retake, have grade 4 (C) or above in GCSE science",
              "fullTitle": "Feature - Get an adviser : Tests execution date and time : Mon Nov 30 2020 10:18:01 GMT+0000 (Greenwich Mean Time) It shows \"Thank you  Sign up complete\" to non-returner overseas user, interesed in primary stage teaching, have no grade 4 (C) or above in English and maths GCSEs but planning to retake, have grade 4 (C) or above in GCSE science",
              "timedOut": null,
              "duration": 9787,
              "state": "passed",
              "speed": "slow",
              "pass": true,
              "fail": false,
              "pending": false,
              "context": null,
              "code": "/*Are you returning to teaching? - No\n  Do you have a degree? - Yes\n  Which stage are you interested in teaching? - primary\n  Do you have grade 4 (C) or above in English and maths GCSEs, or equivalent? - No\n  Are you planning to retake either English or maths (or both) GCSEs, or equivalent? - Yes\n  Do you have grade 4 (C) or above in GCSE science, or equivalent? - Yes\n  Overseas user\n*/\ncy.enterFirstNameLastNameandEmail(this.testData.firstName, this.testData.lastName, this.testData.email);\ncy.returningToTeaching(false);\ncy.doYouHaveDegree(\"Yes\");\ncy.selectWhatSubjectIsYourDegree(\"Dance\");\ncy.selectWhichClassIsYourDegree(\"2:2\");\ncy.wait(1000);\ncy.selectStage(\"Primary\");\ncy.gcseMathsAndEnglish(false);\ncy.retakeGcseMathsAndEnglish(true);\ncy.gcseScience(true);\ncy.whenDoYouWantToStartYourTeacherTraining(\"2021\");\ncy.enterDateOfBirth(\"31\", \"03\", \"1985\");\ncy.doYouLiveInTheUk(false);\ncy.whichCountryDoYouLiveIn(\"Cuba\");\ncy.enterOverseasTelephoneNumber(\"38484102834\");\ncy.verifyCheckYourAnswersMessage();\ncy.clickOnContinueButton();\ncy.acceptPolicy();\ncy.verifySignUpCompleteMessage();",
              "err": {},
              "uuid": "78840836-f53c-4ad2-bc62-a1ae7c6ccae2",
              "parentUUID": "1bd057a8-4c35-46b6-bea8-517b6f18d0d6",
              "isHook": false,
              "skipped": false
            },
            {
              "title": "It shows \"Thank you  Sign up complete\" to non-returner UK user, interesed in primary stage teaching,have no grade 4 (C) or above in English and maths GCSEs but planning to retake, have no grade 4 (C) or above in GCSE science but planning to retake",
              "fullTitle": "Feature - Get an adviser : Tests execution date and time : Mon Nov 30 2020 10:18:01 GMT+0000 (Greenwich Mean Time) It shows \"Thank you  Sign up complete\" to non-returner UK user, interesed in primary stage teaching,have no grade 4 (C) or above in English and maths GCSEs but planning to retake, have no grade 4 (C) or above in GCSE science but planning to retake",
              "timedOut": null,
              "duration": 11862,
              "state": "passed",
              "speed": "slow",
              "pass": true,
              "fail": false,
              "pending": false,
              "context": null,
              "code": "/*Are you returning to teaching? - No\n  Do you have a degree? - Yes\n  Which stage are you interested in teaching? - primary\n  Do you have grade 4 (C) or above in English and maths GCSEs, or equivalent? - No\n  Are you planning to retake either English or maths (or both) GCSEs, or equivalent? - Yes\n  Do you have grade 4 (C) or above in GCSE science, or equivalent? - No\n  Are you planning to retake your science GCSE? - Yes\n  UK user\n*/\ncy.enterFirstNameLastNameandEmail(this.testData.firstName, this.testData.lastName, this.testData.email);\ncy.returningToTeaching(false);\ncy.doYouHaveDegree(\"Yes\");\ncy.selectWhatSubjectIsYourDegree(\"Dance\");\ncy.selectWhichClassIsYourDegree(\"2:2\");\ncy.wait(1000);\ncy.selectStage(\"Primary\");\ncy.gcseMathsAndEnglish(false);\ncy.retakeGcseMathsAndEnglish(true);\ncy.gcseScience(false);\ncy.retakeGcseScience(true);\ncy.whenDoYouWantToStartYourTeacherTraining(\"2021\");\ncy.enterDateOfBirth(\"31\", \"03\", \"1985\");\ncy.doYouLiveInTheUk(true);\ncy.enterUKCandidateAddress(\"21\", \"Victoria Embankment\", \"Darlington\", \"DL1 5JR\");\ncy.enterUKTelephoneNumber(\"0125234490\");\ncy.verifyCheckYourAnswersMessage();\ncy.clickOnContinueButton();\ncy.acceptPolicy();\ncy.verifySignUpCompleteMessage();",
              "err": {},
              "uuid": "899edf9f-e8a6-43bc-8ed5-068e220bdac6",
              "parentUUID": "1bd057a8-4c35-46b6-bea8-517b6f18d0d6",
              "isHook": false,
              "skipped": false
            },
            {
              "title": "It shows \"Thank you  Sign up complete\" to non-returner overseas user, interesed in primary stage teaching,have no grade 4 (C) or above in English and maths GCSEs but planning to retake, have no grade 4 (C) or above in GCSE science but planning to retake",
              "fullTitle": "Feature - Get an adviser : Tests execution date and time : Mon Nov 30 2020 10:18:01 GMT+0000 (Greenwich Mean Time) It shows \"Thank you  Sign up complete\" to non-returner overseas user, interesed in primary stage teaching,have no grade 4 (C) or above in English and maths GCSEs but planning to retake, have no grade 4 (C) or above in GCSE science but planning to retake",
              "timedOut": null,
              "duration": 10399,
              "state": "passed",
              "speed": "slow",
              "pass": true,
              "fail": false,
              "pending": false,
              "context": null,
              "code": "/*Are you returning to teaching? - No\n  Do you have a degree? - Yes\n  Which stage are you interested in teaching? - primary\n  Do you have grade 4 (C) or above in English and maths GCSEs, or equivalent? - No\n  Are you planning to retake either English or maths (or both) GCSEs, or equivalent? - Yes\n  Do you have grade 4 (C) or above in GCSE science, or equivalent? - No\n  Are you planning to retake your science GCSE? - Yes\n  Overseas user\n*/\ncy.enterFirstNameLastNameandEmail(this.testData.firstName, this.testData.lastName, this.testData.email);\ncy.returningToTeaching(false);\ncy.doYouHaveDegree(\"Yes\");\ncy.selectWhatSubjectIsYourDegree(\"Dance\");\ncy.selectWhichClassIsYourDegree(\"2:2\");\ncy.wait(1000);\ncy.selectStage(\"Primary\");\ncy.gcseMathsAndEnglish(false);\ncy.retakeGcseMathsAndEnglish(true);\ncy.gcseScience(false);\ncy.retakeGcseScience(true);\ncy.whenDoYouWantToStartYourTeacherTraining(\"2021\");\ncy.enterDateOfBirth(\"31\", \"03\", \"1985\");\ncy.doYouLiveInTheUk(false);\ncy.whichCountryDoYouLiveIn(\"Cuba\");\ncy.enterOverseasTelephoneNumber(\"839494102834\");\ncy.verifyCheckYourAnswersMessage();\ncy.clickOnContinueButton();\ncy.acceptPolicy();\ncy.verifySignUpCompleteMessage();",
              "err": {},
              "uuid": "ee7c7bd3-9ef7-4c72-a89d-ca989e733b08",
              "parentUUID": "1bd057a8-4c35-46b6-bea8-517b6f18d0d6",
              "isHook": false,
              "skipped": false
            },
            {
              "title": "It shows \"Get the right GCSEs or equivalent qualifications message\" to non-returner user, interesed in primary stage teaching,have no grade 4 (C) or above in English and maths GCSEs nor planning to retake, have no grade 4 (C) or above in GCSE science nor planning to retake",
              "fullTitle": "Feature - Get an adviser : Tests execution date and time : Mon Nov 30 2020 10:18:01 GMT+0000 (Greenwich Mean Time) It shows \"Get the right GCSEs or equivalent qualifications message\" to non-returner user, interesed in primary stage teaching,have no grade 4 (C) or above in English and maths GCSEs nor planning to retake, have no grade 4 (C) or above in GCSE science nor planning to retake",
              "timedOut": null,
              "duration": 6438,
              "state": "passed",
              "speed": "slow",
              "pass": true,
              "fail": false,
              "pending": false,
              "context": null,
              "code": "/*Are you returning to teaching? - No\n  Do you have a degree? - Yes\n  Which stage are you interested in teaching? - primary\n  Do you have grade 4 (C) or above in English and maths GCSEs, or equivalent? - No\n  Are you planning to retake either English or maths (or both) GCSEs, or equivalent? - Yes\n  Do you have grade 4 (C) or above in GCSE science, or equivalent? - No\n  Are you planning to retake your science GCSE? - No \n  Expected - Get the right GCSEs or equivalent qualifications page\n \n*/\ncy.enterFirstNameLastNameandEmail(this.testData.firstName, this.testData.lastName, this.testData.email);\ncy.returningToTeaching(false);\ncy.doYouHaveDegree(\"Yes\");\ncy.selectWhatSubjectIsYourDegree(\"Dance\");\ncy.selectWhichClassIsYourDegree(\"2:2\");\ncy.wait(1000);\ncy.selectStage(\"Primary\");\ncy.gcseMathsAndEnglish(false);\ncy.retakeGcseMathsAndEnglish(true);\ncy.gcseScience(false);\ncy.retakeGcseScience(false);\ncy.get(\".govuk-heading-l\").should(\"exist\").should(\"have.text\", \"Get the right GCSEs or equivalent qualifications\");",
              "err": {},
              "uuid": "f0a3416d-15e4-48cd-ba9a-cc61093fd995",
              "parentUUID": "1bd057a8-4c35-46b6-bea8-517b6f18d0d6",
              "isHook": false,
              "skipped": false
            },
            {
              "title": "It shows \"Get the right GCSEs or equivalent qualifications\" to non-returner overseas user, have a degree, interesed in primary stage teaching,have no grade 4 (C) or above in English and maths GCSEs nor planning to retake",
              "fullTitle": "Feature - Get an adviser : Tests execution date and time : Mon Nov 30 2020 10:18:01 GMT+0000 (Greenwich Mean Time) It shows \"Get the right GCSEs or equivalent qualifications\" to non-returner overseas user, have a degree, interesed in primary stage teaching,have no grade 4 (C) or above in English and maths GCSEs nor planning to retake",
              "timedOut": null,
              "duration": 5611,
              "state": "passed",
              "speed": "slow",
              "pass": true,
              "fail": false,
              "pending": false,
              "context": null,
              "code": "/*\n  Are you returning to teaching? - No\n  Do you have a degree? - Yes\n  Which stage are you interested in teaching? - primary\n  Do you have grade 4 (C) or above in English and maths GCSEs, or equivalent? - No\n  Are you planning to retake either English or maths (or both) GCSEs, or equivalent? - No\n  Overseas user\n  Expected - Get the right GCSEs or equivalent qualifications page\n \n*/\ncy.enterFirstNameLastNameandEmail(this.testData.firstName, this.testData.lastName, this.testData.email);\ncy.returningToTeaching(false);\ncy.doYouHaveDegree(\"Yes\");\ncy.selectWhatSubjectIsYourDegree(\"Dance\");\ncy.selectWhichClassIsYourDegree(\"2:2\");\ncy.wait(1000);\ncy.selectStage(\"Primary\");\ncy.gcseMathsAndEnglish(false);\ncy.retakeGcseMathsAndEnglish(false);\ncy.get(\".govuk-heading-l\").should(\"exist\").should(\"have.text\", \"Get the right GCSEs or equivalent qualifications\");",
              "err": {},
              "uuid": "7584d9dd-217e-45c1-bf3b-64472d26ec69",
              "parentUUID": "1bd057a8-4c35-46b6-bea8-517b6f18d0d6",
              "isHook": false,
              "skipped": false
            },
            {
              "title": "It shows \"Thank you  Sign up complete\" to non-returner UK user, interesed in teaching secondary stage ,have grade 4 (C) or above in English and maths GCSEs",
              "fullTitle": "Feature - Get an adviser : Tests execution date and time : Mon Nov 30 2020 10:18:01 GMT+0000 (Greenwich Mean Time) It shows \"Thank you  Sign up complete\" to non-returner UK user, interesed in teaching secondary stage ,have grade 4 (C) or above in English and maths GCSEs",
              "timedOut": null,
              "duration": 11164,
              "state": "passed",
              "speed": "slow",
              "pass": true,
              "fail": false,
              "pending": false,
              "context": null,
              "code": "/*\n  Are you returning to teaching? - No\n  Do you have a degree? - Yes\n  Which stage are you interested in teaching? - secondary\n  Do you have grade 4 (C) or above in English and maths GCSEs, or equivalent? - Yes\n  UK user\t\t \n*/\ncy.enterFirstNameLastNameandEmail(this.testData.firstName, this.testData.lastName, this.testData.email);\ncy.returningToTeaching(false);\ncy.doYouHaveDegree(\"Yes\");\ncy.selectWhatSubjectIsYourDegree(\"Dance\");\ncy.selectWhichClassIsYourDegree(\"2:2\");\ncy.wait(1000);\ncy.selectStage(\"Secondary\");\ncy.gcseMathsAndEnglish(true);\ncy.whichSubjectAreYouInterestedInTeaching(\"Computing\");\ncy.whenDoYouWantToStartYourTeacherTraining(\"2021\");\ncy.enterDateOfBirth(\"31\", \"03\", \"1985\");\ncy.doYouLiveInTheUk(true);\ncy.enterUKCandidateAddress(\"21\", \"Victoria Embankment\", \"Darlington\", \"DL1 5JR\");\ncy.enterUKTelephoneNumber(\"0125234490\");\ncy.verifyCheckYourAnswersMessage();\ncy.clickOnContinueButton();\ncy.acceptPolicy();\ncy.verifySignUpCompleteMessage();",
              "err": {},
              "uuid": "f439df48-e248-4c79-a589-e175b363d315",
              "parentUUID": "1bd057a8-4c35-46b6-bea8-517b6f18d0d6",
              "isHook": false,
              "skipped": false
            },
            {
              "title": "It shows \"Thank you  Sign up complete\" to non-returner overseas user, interesed in teaching secondary stage, have grade 4 (C) or above in English and maths GCSEs",
              "fullTitle": "Feature - Get an adviser : Tests execution date and time : Mon Nov 30 2020 10:18:01 GMT+0000 (Greenwich Mean Time) It shows \"Thank you  Sign up complete\" to non-returner overseas user, interesed in teaching secondary stage, have grade 4 (C) or above in English and maths GCSEs",
              "timedOut": null,
              "duration": 9330,
              "state": "passed",
              "speed": "slow",
              "pass": true,
              "fail": false,
              "pending": false,
              "context": null,
              "code": "/*\n  Are you returning to teaching? - No\n  Do you have a degree? - Yes\n  Which stage are you interested in teaching? - secondary\n  Do you have grade 4 (C) or above in English and maths GCSEs, or equivalent? - Yes\n  Overseas user\t\t \n*/\ncy.enterFirstNameLastNameandEmail(this.testData.firstName, this.testData.lastName, this.testData.email);\ncy.returningToTeaching(false);\ncy.doYouHaveDegree(\"Yes\");\ncy.selectWhatSubjectIsYourDegree(\"Dance\");\ncy.selectWhichClassIsYourDegree(\"2:2\");\ncy.wait(1000);\ncy.selectStage(\"Secondary\");\ncy.gcseMathsAndEnglish(true);\ncy.whichSubjectAreYouInterestedInTeaching(\"Computing\");\ncy.whenDoYouWantToStartYourTeacherTraining(\"2021\");\ncy.enterDateOfBirth(\"31\", \"03\", \"1985\");\ncy.doYouLiveInTheUk(false);\ncy.whichCountryDoYouLiveIn(\"Cyprus\");\ncy.enterOverseasTelephoneNumber(\"36347485102834\");\ncy.verifyCheckYourAnswersMessage();\ncy.clickOnContinueButton();\ncy.acceptPolicy();\ncy.verifySignUpCompleteMessage();",
              "err": {},
              "uuid": "7251bd78-51b7-470d-bf7d-2beac740a1ac",
              "parentUUID": "1bd057a8-4c35-46b6-bea8-517b6f18d0d6",
              "isHook": false,
              "skipped": false
            },
            {
              "title": "It shows \"Thank you  Sign up complete\" to non-returner UK user, interesed in teaching secondary stage, have no grade 4 (C) or above in English and maths GCSEs but planning to retake",
              "fullTitle": "Feature - Get an adviser : Tests execution date and time : Mon Nov 30 2020 10:18:01 GMT+0000 (Greenwich Mean Time) It shows \"Thank you  Sign up complete\" to non-returner UK user, interesed in teaching secondary stage, have no grade 4 (C) or above in English and maths GCSEs but planning to retake",
              "timedOut": null,
              "duration": 10937,
              "state": "passed",
              "speed": "slow",
              "pass": true,
              "fail": false,
              "pending": false,
              "context": null,
              "code": "/*\n  Are you returning to teaching? - No\n  Do you have a degree? - Yes\n  Which stage are you interested in teaching? - secondary\n  Do you have grade 4 (C) or above in English and maths GCSEs, or equivalent? - No\n  Are you planning to retake either English or maths (or both) GCSEs, or equivalent? - Yes\n  UK user\t\t \n*/\ncy.enterFirstNameLastNameandEmail(this.testData.firstName, this.testData.lastName, this.testData.email);\ncy.returningToTeaching(false);\ncy.doYouHaveDegree(\"Yes\");\ncy.selectWhatSubjectIsYourDegree(\"Dance\");\ncy.selectWhichClassIsYourDegree(\"2:2\");\ncy.wait(1000);\ncy.selectStage(\"Secondary\");\ncy.gcseMathsAndEnglish(false);\ncy.retakeGcseMathsAndEnglish(true);\ncy.whichSubjectAreYouInterestedInTeaching(\"Dance\");\ncy.whenDoYouWantToStartYourTeacherTraining(\"2021\");\ncy.enterDateOfBirth(\"31\", \"03\", \"1985\");\ncy.doYouLiveInTheUk(true);\ncy.enterUKCandidateAddress(\"21\", \"Victoria Embankment\", \"Darlington\", \"DL1 5JR\");\ncy.enterUKTelephoneNumber(\"0125234490\");\ncy.verifyCheckYourAnswersMessage();\ncy.clickOnContinueButton();\ncy.acceptPolicy();\ncy.verifySignUpCompleteMessage();",
              "err": {},
              "uuid": "26142585-8c32-46d4-817d-cc6bb0a79d79",
              "parentUUID": "1bd057a8-4c35-46b6-bea8-517b6f18d0d6",
              "isHook": false,
              "skipped": false
            },
            {
              "title": "It shows \"Thank you  Sign up complete\" to non-returner overseas user, interesed in teaching secondary stage, have no grade 4 (C) or above in English and maths GCSEs but planning to retake",
              "fullTitle": "Feature - Get an adviser : Tests execution date and time : Mon Nov 30 2020 10:18:01 GMT+0000 (Greenwich Mean Time) It shows \"Thank you  Sign up complete\" to non-returner overseas user, interesed in teaching secondary stage, have no grade 4 (C) or above in English and maths GCSEs but planning to retake",
              "timedOut": null,
              "duration": 9680,
              "state": "passed",
              "speed": "slow",
              "pass": true,
              "fail": false,
              "pending": false,
              "context": null,
              "code": "/*\n  Are you returning to teaching? - No\n  Do you have a degree? - Yes\n  Which stage are you interested in teaching? - secondary\n  Do you have grade 4 (C) or above in English and maths GCSEs, or equivalent? - No\n  Are you planning to retake either English or maths (or both) GCSEs, or equivalent? - Yes\n  Overseas user\t\t \n*/\ncy.enterFirstNameLastNameandEmail(this.testData.firstName, this.testData.lastName, this.testData.email);\ncy.returningToTeaching(false);\ncy.doYouHaveDegree(\"Yes\");\ncy.selectWhatSubjectIsYourDegree(\"Dance\");\ncy.selectWhichClassIsYourDegree(\"2:2\");\ncy.wait(1000);\ncy.selectStage(\"Secondary\");\ncy.gcseMathsAndEnglish(false);\ncy.retakeGcseMathsAndEnglish(true);\ncy.whichSubjectAreYouInterestedInTeaching(\"Dance\");\ncy.whenDoYouWantToStartYourTeacherTraining(\"2021\");\ncy.enterDateOfBirth(\"31\", \"03\", \"1985\");\ncy.doYouLiveInTheUk(false);\ncy.whichCountryDoYouLiveIn(\"Cyprus\");\ncy.enterOverseasTelephoneNumber(\"1028343784\");\ncy.verifyCheckYourAnswersMessage();\ncy.clickOnContinueButton();\ncy.acceptPolicy();\ncy.verifySignUpCompleteMessage();",
              "err": {},
              "uuid": "5d50d49e-f514-4cdf-8f37-a48a2e20d142",
              "parentUUID": "1bd057a8-4c35-46b6-bea8-517b6f18d0d6",
              "isHook": false,
              "skipped": false
            },
            {
              "title": "It shows \"Get the right GCSEs or equivalent qualifications\" to non-returner user, interesed in teaching secondary stage, have no grade 4 (C) or above in English and maths GCSEs nor planning to retake",
              "fullTitle": "Feature - Get an adviser : Tests execution date and time : Mon Nov 30 2020 10:18:01 GMT+0000 (Greenwich Mean Time) It shows \"Get the right GCSEs or equivalent qualifications\" to non-returner user, interesed in teaching secondary stage, have no grade 4 (C) or above in English and maths GCSEs nor planning to retake",
              "timedOut": null,
              "duration": 5625,
              "state": "passed",
              "speed": "slow",
              "pass": true,
              "fail": false,
              "pending": false,
              "context": null,
              "code": "/*\n  Are you returning to teaching? - No\n  Do you have a degree? - Yes\n  Which stage are you interested in teaching? - secondary\n  Do you have grade 4 (C) or above in English and maths GCSEs, or equivalent? - No\n  Are you planning to retake either English or maths (or both) GCSEs, or equivalent? - No\n  Expected - Get the right GCSEs or equivalent qualifications page\t \n*/\ncy.enterFirstNameLastNameandEmail(this.testData.firstName, this.testData.lastName, this.testData.email);\ncy.returningToTeaching(false);\ncy.doYouHaveDegree(\"Yes\");\ncy.selectWhatSubjectIsYourDegree(\"Dance\");\ncy.selectWhichClassIsYourDegree(\"2:2\");\ncy.wait(1000);\ncy.selectStage(\"Secondary\");\ncy.gcseMathsAndEnglish(false);\ncy.retakeGcseMathsAndEnglish(false);\ncy.get(\".govuk-heading-l\").should(\"exist\").should(\"have.text\", \"Get the right GCSEs or equivalent qualifications\");",
              "err": {},
              "uuid": "b701c47c-5c00-4839-a071-da7a45b368fa",
              "parentUUID": "1bd057a8-4c35-46b6-bea8-517b6f18d0d6",
              "isHook": false,
              "skipped": false
            },
            {
              "title": "It shows \"If you do not have a degree page\" if non-returner user has no degree",
              "fullTitle": "Feature - Get an adviser : Tests execution date and time : Mon Nov 30 2020 10:18:01 GMT+0000 (Greenwich Mean Time) It shows \"If you do not have a degree page\" if non-returner user has no degree",
              "timedOut": null,
              "duration": 2650,
              "state": "passed",
              "speed": "slow",
              "pass": true,
              "fail": false,
              "pending": false,
              "context": null,
              "code": "/*\n  Are you returning to teaching? - No\n  Do you have a degree? - No\n  Expected - \tIf you do not have a degree page\t   \n*/\ncy.enterFirstNameLastNameandEmail(this.testData.firstName, this.testData.lastName, this.testData.email);\ncy.returningToTeaching(false);\ncy.doYouHaveDegree(\"No\");\ncy.get(\".govuk-heading-l\").should(\"exist\").should(\"have.text\", \"If you do not have a degree\");",
              "err": {},
              "uuid": "e3c42aee-8050-492f-ab43-03c6f8337a5c",
              "parentUUID": "1bd057a8-4c35-46b6-bea8-517b6f18d0d6",
              "isHook": false,
              "skipped": false
            },
            {
              "title": "It shows \"Thank you  Sign up complete\" to non-returner UK user, studying for a degree, interesed in teaching primary stage, have grade 4 (C) or above in English, maths and science GCSEs",
              "fullTitle": "Feature - Get an adviser : Tests execution date and time : Mon Nov 30 2020 10:18:01 GMT+0000 (Greenwich Mean Time) It shows \"Thank you  Sign up complete\" to non-returner UK user, studying for a degree, interesed in teaching primary stage, have grade 4 (C) or above in English, maths and science GCSEs",
              "timedOut": null,
              "duration": 7558,
              "state": "passed",
              "speed": "slow",
              "pass": true,
              "fail": false,
              "pending": false,
              "context": null,
              "code": "/*\n  Are you returning to teaching? - No\n  Do you have a degree? - I'm studying for a degree\n  Which stage are you interested in teaching? - primary\n  Do you have grade 4 (C) or above in English and maths GCSEs, or equivalent? -Yes\n  Do you have grade 4 (C) or above in GCSE science, or equivalent? - Yes\n  UK user\n \t   \n*/\ncy.enterFirstNameLastNameandEmail(this.testData.firstName, this.testData.lastName, this.testData.email);\ncy.returningToTeaching(false);\ncy.doYouHaveDegree(\"I'm studying for a degree\");\ncy.inWhichYearAreYouStudying(\"Final year\");\ncy.selectWhatSubjectIsYourDegree(\"Computing\");\ncy.whatDegreeClassAreYouPredictedToGet(\"2:2\");\ncy.selectStage(\"Primary\");\ncy.gcseMathsAndEnglish(true);\ncy.gcseScience(true);\ncy.whenDoYouWantToStartYourTeacherTraining(\"2021\");\ncy.enterDateOfBirth(\"31\", \"03\", \"1985\");\ncy.doYouLiveInTheUk(true);\ncy.enterUKCandidateAddress(\"21\", \"Victoria Embankment\", \"Darlington\", \"DL1 5JR\");\ncy.enterUKTelephoneNumber(\"0125234490\");\ncy.verifyCheckYourAnswersMessage();\ncy.clickOnContinueButton();\ncy.acceptPolicy();\ncy.verifySignUpCompleteMessage();",
              "err": {},
              "uuid": "26ebf93e-208b-4109-9262-1669e4a996b8",
              "parentUUID": "1bd057a8-4c35-46b6-bea8-517b6f18d0d6",
              "isHook": false,
              "skipped": false
            },
            {
              "title": "It shows \"Thank you  Sign up complete\" to non-returner overseas user, studying for a degree, interesed in teaching primary stage, have grade 4 (C) or above in English, maths and science GCSEs",
              "fullTitle": "Feature - Get an adviser : Tests execution date and time : Mon Nov 30 2020 10:18:01 GMT+0000 (Greenwich Mean Time) It shows \"Thank you  Sign up complete\" to non-returner overseas user, studying for a degree, interesed in teaching primary stage, have grade 4 (C) or above in English, maths and science GCSEs",
              "timedOut": null,
              "duration": 7174,
              "state": "passed",
              "speed": "slow",
              "pass": true,
              "fail": false,
              "pending": false,
              "context": null,
              "code": "/*\n  Are you returning to teaching? - No\n  Do you have a degree? - I'm studying for a degree\n  Which stage are you interested in teaching? - primary\n  Do you have grade 4 (C) or above in English and maths GCSEs, or equivalent? -Yes\n  Do you have grade 4 (C) or above in GCSE science, or equivalent? - Yes\n  Overseas use\n \t   \n*/\ncy.enterFirstNameLastNameandEmail(this.testData.firstName, this.testData.lastName, this.testData.email);\ncy.returningToTeaching(false);\ncy.doYouHaveDegree(\"I'm studying for a degree\");\ncy.inWhichYearAreYouStudying(\"Final year\");\ncy.selectWhatSubjectIsYourDegree(\"Computing\");\ncy.whatDegreeClassAreYouPredictedToGet(\"2:2\");\ncy.selectStage(\"Primary\");\ncy.gcseMathsAndEnglish(true);\ncy.gcseScience(true);\ncy.whenDoYouWantToStartYourTeacherTraining(\"2021\");\ncy.enterDateOfBirth(\"31\", \"03\", \"1985\");\ncy.doYouLiveInTheUk(false);\ncy.whichCountryDoYouLiveIn(\"Denmark\");\ncy.enterOverseasTelephoneNumber(\"02637485859\");\ncy.verifyCheckYourAnswersMessage();\ncy.clickOnContinueButton();\ncy.acceptPolicy();\ncy.verifySignUpCompleteMessage();",
              "err": {},
              "uuid": "0be76625-480f-4775-9c61-983079704735",
              "parentUUID": "1bd057a8-4c35-46b6-bea8-517b6f18d0d6",
              "isHook": false,
              "skipped": false
            },
            {
              "title": "It shows \"Thank you  Sign up complete\" to non-returner UK user, studying for a degree, interesed in teaching primary stage, have grade 4 (C) or above in English and maths GCSEs, have no grade 4 (C) or above in GCSE science but planning to retake",
              "fullTitle": "Feature - Get an adviser : Tests execution date and time : Mon Nov 30 2020 10:18:01 GMT+0000 (Greenwich Mean Time) It shows \"Thank you  Sign up complete\" to non-returner UK user, studying for a degree, interesed in teaching primary stage, have grade 4 (C) or above in English and maths GCSEs, have no grade 4 (C) or above in GCSE science but planning to retake",
              "timedOut": null,
              "duration": 7373,
              "state": "passed",
              "speed": "slow",
              "pass": true,
              "fail": false,
              "pending": false,
              "context": null,
              "code": "/*\n  Are you returning to teaching? - No\n  Do you have a degree? - I'm studying for a degree\n  Which stage are you interested in teaching? - primary\n  Do you have grade 4 (C) or above in English and maths GCSEs, or equivalent? -Yes\n  Do you have grade 4 (C) or above in GCSE science, or equivalent? - No\n  Are you planning to retake your science GCSE? - Yes\n  UK user\n \t   \n*/\ncy.enterFirstNameLastNameandEmail(this.testData.firstName, this.testData.lastName, this.testData.email);\ncy.returningToTeaching(false);\ncy.doYouHaveDegree(\"I'm studying for a degree\");\ncy.inWhichYearAreYouStudying(\"Final year\");\ncy.selectWhatSubjectIsYourDegree(\"Computing\");\ncy.whatDegreeClassAreYouPredictedToGet(\"2:2\");\ncy.selectStage(\"Primary\");\ncy.gcseMathsAndEnglish(true);\ncy.gcseScience(false);\ncy.retakeGcseScience(true);\ncy.whenDoYouWantToStartYourTeacherTraining(\"2021\");\ncy.enterDateOfBirth(\"31\", \"03\", \"1985\");\ncy.doYouLiveInTheUk(true);\ncy.enterUKCandidateAddress(\"21\", \"Victoria Embankment\", \"Darlington\", \"DL1 5JR\");\ncy.enterUKTelephoneNumber(\"0125234490\");\ncy.verifyCheckYourAnswersMessage();\ncy.clickOnContinueButton();\ncy.acceptPolicy();\ncy.verifySignUpCompleteMessage();",
              "err": {},
              "uuid": "766958cb-7f32-44f9-98ff-3de045b402ec",
              "parentUUID": "1bd057a8-4c35-46b6-bea8-517b6f18d0d6",
              "isHook": false,
              "skipped": false
            },
            {
              "title": "It shows \"Thank you  Sign up complete\" to non-returner overseas user, studying for a degree, interesed in teaching primary stage, have grade 4 (C) or above in English and maths GCSEs, have no grade 4 (C) or above in GCSE science but planning to retake",
              "fullTitle": "Feature - Get an adviser : Tests execution date and time : Mon Nov 30 2020 10:18:01 GMT+0000 (Greenwich Mean Time) It shows \"Thank you  Sign up complete\" to non-returner overseas user, studying for a degree, interesed in teaching primary stage, have grade 4 (C) or above in English and maths GCSEs, have no grade 4 (C) or above in GCSE science but planning to retake",
              "timedOut": null,
              "duration": 6757,
              "state": "passed",
              "speed": "slow",
              "pass": true,
              "fail": false,
              "pending": false,
              "context": null,
              "code": "/*\n  Are you returning to teaching? - No\n  Do you have a degree? - I'm studying for a degree\n  Which stage are you interested in teaching? - primary\n  Do you have grade 4 (C) or above in English and maths GCSEs, or equivalent? -Yes\n  Do you have grade 4 (C) or above in GCSE science, or equivalent? - No\n  Are you planning to retake your science GCSE? - Yes\n  Overseas user\n \t   \n*/\ncy.enterFirstNameLastNameandEmail(this.testData.firstName, this.testData.lastName, this.testData.email);\ncy.returningToTeaching(false);\ncy.doYouHaveDegree(\"I'm studying for a degree\");\ncy.inWhichYearAreYouStudying(\"Final year\");\ncy.selectWhatSubjectIsYourDegree(\"Computing\");\ncy.whatDegreeClassAreYouPredictedToGet(\"2:2\");\ncy.selectStage(\"Primary\");\ncy.gcseMathsAndEnglish(true);\ncy.gcseScience(false);\ncy.retakeGcseScience(true);\ncy.whenDoYouWantToStartYourTeacherTraining(\"2021\");\ncy.enterDateOfBirth(\"31\", \"03\", \"1985\");\ncy.doYouLiveInTheUk(false);\ncy.whichCountryDoYouLiveIn(\"India\");\ncy.enterOverseasTelephoneNumber(\"+91-9663717251\");\ncy.verifyCheckYourAnswersMessage();\ncy.clickOnContinueButton();\ncy.acceptPolicy();\ncy.verifySignUpCompleteMessage();",
              "err": {},
              "uuid": "930ca292-fce3-4b1a-9441-ae8d6cf6536a",
              "parentUUID": "1bd057a8-4c35-46b6-bea8-517b6f18d0d6",
              "isHook": false,
              "skipped": false
            },
            {
              "title": "It shows \"Get the right GCSEs or equivalent qualifications\" to non-returner, studying for a degree, interesed in teaching primary stage, have grade 4 (C) or above in English and maths GCSEs, have no grade 4 (C) or above in GCSE science nor planning to retake",
              "fullTitle": "Feature - Get an adviser : Tests execution date and time : Mon Nov 30 2020 10:18:01 GMT+0000 (Greenwich Mean Time) It shows \"Get the right GCSEs or equivalent qualifications\" to non-returner, studying for a degree, interesed in teaching primary stage, have grade 4 (C) or above in English and maths GCSEs, have no grade 4 (C) or above in GCSE science nor planning to retake",
              "timedOut": null,
              "duration": 4204,
              "state": "passed",
              "speed": "slow",
              "pass": true,
              "fail": false,
              "pending": false,
              "context": null,
              "code": "/*\n  Are you returning to teaching? - No\n  Do you have a degree? - I'm studying for a degree\n  Which stage are you interested in teaching? - primary\n  Do you have grade 4 (C) or above in English and maths GCSEs, or equivalent? -Yes\n  Do you have grade 4 (C) or above in GCSE science, or equivalent? - No\n  Are you planning to retake your science GCSE? - No\n  //Expected page - Get the right GCSEs or equivalent qualifications\t  \n \t   \n*/\ncy.enterFirstNameLastNameandEmail(this.testData.firstName, this.testData.lastName, this.testData.email);\ncy.returningToTeaching(false);\ncy.doYouHaveDegree(\"I'm studying for a degree\");\ncy.inWhichYearAreYouStudying(\"Final year\");\ncy.selectWhatSubjectIsYourDegree(\"Computing\");\ncy.whatDegreeClassAreYouPredictedToGet(\"2:2\");\ncy.selectStage(\"Primary\");\ncy.gcseMathsAndEnglish(true);\ncy.gcseScience(false);\ncy.retakeGcseScience(false);\ncy.get(\".govuk-heading-l\").should(\"exist\").should(\"have.text\", \"Get the right GCSEs or equivalent qualifications\");",
              "err": {},
              "uuid": "c50807eb-a762-46fc-92ac-a20597a32fe7",
              "parentUUID": "1bd057a8-4c35-46b6-bea8-517b6f18d0d6",
              "isHook": false,
              "skipped": false
            },
            {
              "title": "It shows \"Thank you  Sign up complete\" to non-returner UK user, studying for a degree, interesed in teaching primary stage, have no grade 4 (C) or above in English and maths GCSEs and planning to retake, have grade 4 (C) or above in GCSE science",
              "fullTitle": "Feature - Get an adviser : Tests execution date and time : Mon Nov 30 2020 10:18:01 GMT+0000 (Greenwich Mean Time) It shows \"Thank you  Sign up complete\" to non-returner UK user, studying for a degree, interesed in teaching primary stage, have no grade 4 (C) or above in English and maths GCSEs and planning to retake, have grade 4 (C) or above in GCSE science",
              "timedOut": null,
              "duration": 7608,
              "state": "passed",
              "speed": "slow",
              "pass": true,
              "fail": false,
              "pending": false,
              "context": null,
              "code": "/*\n  Are you returning to teaching? - No\n  Do you have a degree? - I'm studying for a degree\n  Which stage are you interested in teaching? - primary\n Do you have grade 4 (C) or above in English and maths GCSEs, or equivalent? - No\n  Are you planning to retake either English or maths (or both) GCSEs, or equivalent? - Yes\n  Do you have grade 4 (C) or above in GCSE science, or equivalent? - Yes\n  UK user\t  \n \t   \n*/\ncy.enterFirstNameLastNameandEmail(this.testData.firstName, this.testData.lastName, this.testData.email);\ncy.returningToTeaching(false);\ncy.doYouHaveDegree(\"I'm studying for a degree\");\ncy.inWhichYearAreYouStudying(\"Final year\");\ncy.selectWhatSubjectIsYourDegree(\"Computing\");\ncy.whatDegreeClassAreYouPredictedToGet(\"2:2\");\ncy.selectStage(\"Primary\");\ncy.gcseMathsAndEnglish(false);\ncy.retakeGcseMathsAndEnglish(true);\ncy.gcseScience(true);\ncy.whenDoYouWantToStartYourTeacherTraining(\"2021\");\ncy.enterDateOfBirth(\"31\", \"03\", \"1985\");\ncy.doYouLiveInTheUk(true);\ncy.enterUKCandidateAddress(\"21\", \"Victoria Embankment\", \"Darlington\", \"DL1 5JR\");\ncy.enterUKTelephoneNumber(\"0125234490\");\ncy.verifyCheckYourAnswersMessage();\ncy.clickOnContinueButton();\ncy.acceptPolicy();\ncy.verifySignUpCompleteMessage();",
              "err": {},
              "uuid": "1cc0fd67-7f1c-4851-a0ec-af0ebb669dc1",
              "parentUUID": "1bd057a8-4c35-46b6-bea8-517b6f18d0d6",
              "isHook": false,
              "skipped": false
            },
            {
              "title": "It shows \"Thank you  Sign up complete\" to non-returner overseas user, studying for a degree, interesed in teaching primary stage, have no grade 4 (C) or above in English and maths GCSEs and planning to retake, have grade 4 (C) or above in GCSE science",
              "fullTitle": "Feature - Get an adviser : Tests execution date and time : Mon Nov 30 2020 10:18:01 GMT+0000 (Greenwich Mean Time) It shows \"Thank you  Sign up complete\" to non-returner overseas user, studying for a degree, interesed in teaching primary stage, have no grade 4 (C) or above in English and maths GCSEs and planning to retake, have grade 4 (C) or above in GCSE science",
              "timedOut": null,
              "duration": 6702,
              "state": "passed",
              "speed": "slow",
              "pass": true,
              "fail": false,
              "pending": false,
              "context": null,
              "code": "/*\n  Are you returning to teaching? - No\n  Do you have a degree? - I'm studying for a degree\n  Which stage are you interested in teaching? - primary\n Do you have grade 4 (C) or above in English and maths GCSEs, or equivalent? - No\n  Are you planning to retake either English or maths (or both) GCSEs, or equivalent? - Yes\n  Do you have grade 4 (C) or above in GCSE science, or equivalent? - Yes\n  Overseas user\t  \n \t   \n*/\ncy.enterFirstNameLastNameandEmail(this.testData.firstName, this.testData.lastName, this.testData.email);\ncy.returningToTeaching(false);\ncy.doYouHaveDegree(\"I'm studying for a degree\");\ncy.inWhichYearAreYouStudying(\"Final year\");\ncy.selectWhatSubjectIsYourDegree(\"Computing\");\ncy.whatDegreeClassAreYouPredictedToGet(\"2:2\");\ncy.selectStage(\"Primary\");\ncy.gcseMathsAndEnglish(false);\ncy.retakeGcseMathsAndEnglish(true);\ncy.gcseScience(true);\ncy.whenDoYouWantToStartYourTeacherTraining(\"2021\");\ncy.enterDateOfBirth(\"31\", \"03\", \"1985\");\ncy.doYouLiveInTheUk(false);\ncy.whichCountryDoYouLiveIn(\"Estonia\");\ncy.enterOverseasTelephoneNumber(this.testData.phoneNumber);\ncy.verifyCheckYourAnswersMessage();\ncy.clickOnContinueButton();\ncy.acceptPolicy();\ncy.verifySignUpCompleteMessage();",
              "err": {},
              "uuid": "bfb261a2-7a08-43cf-9096-1a1bbec0ef58",
              "parentUUID": "1bd057a8-4c35-46b6-bea8-517b6f18d0d6",
              "isHook": false,
              "skipped": false
            },
            {
              "title": "It shows \"Thank you  Sign up complete\" to non-returner UK user, studying for a degree- Final year, interesed in teaching primary stage, have no grade 4 (C) or above in English and maths GCSEs and planning to retake, have no grade 4 (C) or above in GCSE science but planning to retake",
              "fullTitle": "Feature - Get an adviser : Tests execution date and time : Mon Nov 30 2020 10:18:01 GMT+0000 (Greenwich Mean Time) It shows \"Thank you  Sign up complete\" to non-returner UK user, studying for a degree- Final year, interesed in teaching primary stage, have no grade 4 (C) or above in English and maths GCSEs and planning to retake, have no grade 4 (C) or above in GCSE science but planning to retake",
              "timedOut": null,
              "duration": 7904,
              "state": "passed",
              "speed": "slow",
              "pass": true,
              "fail": false,
              "pending": false,
              "context": null,
              "code": "/*\n  Are you returning to teaching? - No\n  Do you have a degree? - I'm studying for a degree\n  Which stage are you interested in teaching? - primary\n  Do you have grade 4 (C) or above in English and maths GCSEs, or equivalent? - No\n  Are you planning to retake either English or maths (or both) GCSEs, or equivalent? - Yes\n  Do you have grade 4 (C) or above in GCSE science, or equivalent? - No\n  Are you planning to retake your science GCSE? - Yes\n  UK user\t  \n \t   \n*/\ncy.enterFirstNameLastNameandEmail(this.testData.firstName, this.testData.lastName, this.testData.email);\ncy.returningToTeaching(false);\ncy.doYouHaveDegree(\"I'm studying for a degree\");\ncy.inWhichYearAreYouStudying(\"Final year\");\ncy.selectWhatSubjectIsYourDegree(\"Computing\");\ncy.whatDegreeClassAreYouPredictedToGet(\"2:2\");\ncy.selectStage(\"Primary\");\ncy.gcseMathsAndEnglish(false);\ncy.retakeGcseMathsAndEnglish(true);\ncy.gcseScience(false);\ncy.retakeGcseScience(true);\ncy.whenDoYouWantToStartYourTeacherTraining(\"2021\");\ncy.enterDateOfBirth(\"31\", \"03\", \"1985\");\ncy.doYouLiveInTheUk(true);\ncy.enterUKCandidateAddress(\"21\", \"Victoria Embankment\", \"Darlington\", \"DL1 5JR\");\ncy.enterUKTelephoneNumber(\"0125234490\");\ncy.verifyCheckYourAnswersMessage();\ncy.clickOnContinueButton();\ncy.acceptPolicy();\ncy.verifySignUpCompleteMessage();",
              "err": {},
              "uuid": "7fceec52-6a9d-46ad-bdbb-f17ca60dc268",
              "parentUUID": "1bd057a8-4c35-46b6-bea8-517b6f18d0d6",
              "isHook": false,
              "skipped": false
            },
            {
              "title": "It shows \"Thank you  Sign up complete\" to non-returner UK user, studying for a degree- Second year, interesed in teaching primary stage, have no grade 4 (C) or above in English and maths GCSEs and planning to retake, have no grade 4 (C) or above in GCSE science but planning to retake",
              "fullTitle": "Feature - Get an adviser : Tests execution date and time : Mon Nov 30 2020 10:18:01 GMT+0000 (Greenwich Mean Time) It shows \"Thank you  Sign up complete\" to non-returner UK user, studying for a degree- Second year, interesed in teaching primary stage, have no grade 4 (C) or above in English and maths GCSEs and planning to retake, have no grade 4 (C) or above in GCSE science but planning to retake",
              "timedOut": null,
              "duration": 8093,
              "state": "passed",
              "speed": "slow",
              "pass": true,
              "fail": false,
              "pending": false,
              "context": null,
              "code": "/*\n  Are you returning to teaching? - No\n  Do you have a degree? - I'm studying for a degree\n  Which stage are you interested in teaching? - primary\n  Do you have grade 4 (C) or above in English and maths GCSEs, or equivalent? - No\n  Are you planning to retake either English or maths (or both) GCSEs, or equivalent? - Yes\n  Do you have grade 4 (C) or above in GCSE science, or equivalent? - No\n  Are you planning to retake your science GCSE? - Yes\n  UK user\t  \n \t   \n*/\ncy.enterFirstNameLastNameandEmail(this.testData.firstName, this.testData.lastName, this.testData.email);\ncy.returningToTeaching(false);\ncy.doYouHaveDegree(\"I'm studying for a degree\");\ncy.inWhichYearAreYouStudying(\"Second year\");\ncy.selectWhatSubjectIsYourDegree(\"Computing\");\ncy.whatDegreeClassAreYouPredictedToGet(\"2:2\");\ncy.selectStage(\"Primary\");\ncy.gcseMathsAndEnglish(false);\ncy.retakeGcseMathsAndEnglish(true);\ncy.gcseScience(false);\ncy.retakeGcseScience(true);\ncy.whenDoYouWantToStartYourTeacherTraining(\"2021\");\ncy.enterDateOfBirth(\"31\", \"03\", \"1985\");\ncy.doYouLiveInTheUk(true);\ncy.enterUKCandidateAddress(\"21\", \"Victoria Embankment\", \"Darlington\", \"DL1 5JR\");\ncy.enterUKTelephoneNumber(\"0125234490\");\ncy.verifyCheckYourAnswersMessage();\ncy.clickOnContinueButton();\ncy.acceptPolicy();\ncy.verifySignUpCompleteMessage();",
              "err": {},
              "uuid": "ce576fe0-3578-41cd-9276-b419ac6759f7",
              "parentUUID": "1bd057a8-4c35-46b6-bea8-517b6f18d0d6",
              "isHook": false,
              "skipped": false
            },
            {
              "title": "It shows \"Thank you  Sign up complete\" to non-returner UK user, studying for a degree- First year, interesed in teaching primary stage, have no grade 4 (C) or above in English and maths GCSEs and planning to retake, have no grade 4 (C) or above in GCSE science but planning to retake",
              "fullTitle": "Feature - Get an adviser : Tests execution date and time : Mon Nov 30 2020 10:18:01 GMT+0000 (Greenwich Mean Time) It shows \"Thank you  Sign up complete\" to non-returner UK user, studying for a degree- First year, interesed in teaching primary stage, have no grade 4 (C) or above in English and maths GCSEs and planning to retake, have no grade 4 (C) or above in GCSE science but planning to retake",
              "timedOut": null,
              "duration": 7722,
              "state": "passed",
              "speed": "slow",
              "pass": true,
              "fail": false,
              "pending": false,
              "context": null,
              "code": "/*\n  Are you returning to teaching? - No\n  Do you have a degree? - I'm studying for a degree\n  Which stage are you interested in teaching? - primary\n  Do you have grade 4 (C) or above in English and maths GCSEs, or equivalent? - No\n  Are you planning to retake either English or maths (or both) GCSEs, or equivalent? - Yes\n  Do you have grade 4 (C) or above in GCSE science, or equivalent? - No\n  Are you planning to retake your science GCSE? - Yes\n  UK user\t  \n \t   \n*/\ncy.enterFirstNameLastNameandEmail(this.testData.firstName, this.testData.lastName, this.testData.email);\ncy.returningToTeaching(false);\ncy.doYouHaveDegree(\"I'm studying for a degree\");\ncy.inWhichYearAreYouStudying(\"First year\");\ncy.selectWhatSubjectIsYourDegree(\"Computing\");\ncy.whatDegreeClassAreYouPredictedToGet(\"2:2\");\ncy.selectStage(\"Primary\");\ncy.gcseMathsAndEnglish(false);\ncy.retakeGcseMathsAndEnglish(true);\ncy.gcseScience(false);\ncy.retakeGcseScience(true);\ncy.whenDoYouWantToStartYourTeacherTraining(\"2021\");\ncy.enterDateOfBirth(\"31\", \"03\", \"1985\");\ncy.doYouLiveInTheUk(true);\ncy.enterUKCandidateAddress(\"21\", \"Victoria Embankment\", \"Darlington\", \"DL1 5JR\");\ncy.enterUKTelephoneNumber(\"0125234490\");\ncy.verifyCheckYourAnswersMessage();\ncy.clickOnContinueButton();\ncy.acceptPolicy();\ncy.verifySignUpCompleteMessage();",
              "err": {},
              "uuid": "78f04162-2f21-482f-ae6b-8e46f89b8ed4",
              "parentUUID": "1bd057a8-4c35-46b6-bea8-517b6f18d0d6",
              "isHook": false,
              "skipped": false
            },
            {
              "title": "It shows \"Thank you  Sign up complete\" to non-returner UK user, studying for a degree- Other, interesed in teaching primary stage, have no grade 4 (C) or above in English and maths GCSEs and planning to retake, have no grade 4 (C) or above in GCSE science but planning to retake",
              "fullTitle": "Feature - Get an adviser : Tests execution date and time : Mon Nov 30 2020 10:18:01 GMT+0000 (Greenwich Mean Time) It shows \"Thank you  Sign up complete\" to non-returner UK user, studying for a degree- Other, interesed in teaching primary stage, have no grade 4 (C) or above in English and maths GCSEs and planning to retake, have no grade 4 (C) or above in GCSE science but planning to retake",
              "timedOut": null,
              "duration": 7527,
              "state": "passed",
              "speed": "slow",
              "pass": true,
              "fail": false,
              "pending": false,
              "context": null,
              "code": "/*\n  Are you returning to teaching? - No\n  Do you have a degree? - I'm studying for a degree\n  Which stage are you interested in teaching? - primary\n  Do you have grade 4 (C) or above in English and maths GCSEs, or equivalent? - No\n  Are you planning to retake either English or maths (or both) GCSEs, or equivalent? - Yes\n  Do you have grade 4 (C) or above in GCSE science, or equivalent? - No\n  Are you planning to retake your science GCSE? - Yes\n  UK user\t  \n \t   \n*/\ncy.enterFirstNameLastNameandEmail(this.testData.firstName, this.testData.lastName, this.testData.email);\ncy.returningToTeaching(false);\ncy.doYouHaveDegree(\"I'm studying for a degree\");\ncy.inWhichYearAreYouStudying(\"Other\");\ncy.selectWhatSubjectIsYourDegree(\"Computing\");\ncy.whatDegreeClassAreYouPredictedToGet(\"2:2\");\ncy.selectStage(\"Primary\");\ncy.gcseMathsAndEnglish(false);\ncy.retakeGcseMathsAndEnglish(true);\ncy.gcseScience(false);\ncy.retakeGcseScience(true);\ncy.whenDoYouWantToStartYourTeacherTraining(\"2021\");\ncy.enterDateOfBirth(\"31\", \"03\", \"1985\");\ncy.doYouLiveInTheUk(true);\ncy.enterUKCandidateAddress(\"21\", \"Victoria Embankment\", \"Darlington\", \"DL1 5JR\");\ncy.enterUKTelephoneNumber(\"0125234490\");\ncy.verifyCheckYourAnswersMessage();\ncy.clickOnContinueButton();\ncy.acceptPolicy();\ncy.verifySignUpCompleteMessage();",
              "err": {},
              "uuid": "fa4b476b-d107-45c1-adfd-33510472adc2",
              "parentUUID": "1bd057a8-4c35-46b6-bea8-517b6f18d0d6",
              "isHook": false,
              "skipped": false
            },
            {
              "title": "It shows \"Thank you  Sign up complete\" to non-returner overseas user, studying for a degree - Final year, interesed in teaching primary stage, have no grade 4 (C) or above in English and maths GCSEs and planning to retake, have no grade 4 (C) or above in GCSE science but planning to retake",
              "fullTitle": "Feature - Get an adviser : Tests execution date and time : Mon Nov 30 2020 10:18:01 GMT+0000 (Greenwich Mean Time) It shows \"Thank you  Sign up complete\" to non-returner overseas user, studying for a degree - Final year, interesed in teaching primary stage, have no grade 4 (C) or above in English and maths GCSEs and planning to retake, have no grade 4 (C) or above in GCSE science but planning to retake",
              "timedOut": null,
              "duration": 6981,
              "state": "passed",
              "speed": "slow",
              "pass": true,
              "fail": false,
              "pending": false,
              "context": null,
              "code": "/*\n  Are you returning to teaching? - No\n  Do you have a degree? - I'm studying for a degree\n  Which stage are you interested in teaching? - primary\n  Do you have grade 4 (C) or above in English and maths GCSEs, or equivalent? - No\n  Are you planning to retake either English or maths (or both) GCSEs, or equivalent? - Yes\n  Do you have grade 4 (C) or above in GCSE science, or equivalent? - No\n  Are you planning to retake your science GCSE? - Yes\n  Overseas user\t  \n \t   \n*/\ncy.enterFirstNameLastNameandEmail(this.testData.firstName, this.testData.lastName, this.testData.email);\ncy.returningToTeaching(false);\ncy.doYouHaveDegree(\"I'm studying for a degree\");\ncy.inWhichYearAreYouStudying(\"Final year\");\ncy.selectWhatSubjectIsYourDegree(\"Computing\");\ncy.whatDegreeClassAreYouPredictedToGet(\"2:2\");\ncy.selectStage(\"Primary\");\ncy.gcseMathsAndEnglish(false);\ncy.retakeGcseMathsAndEnglish(true);\ncy.gcseScience(false);\ncy.retakeGcseScience(true);\ncy.whenDoYouWantToStartYourTeacherTraining(\"2021\");\ncy.enterDateOfBirth(\"31\", \"03\", \"1985\");\ncy.doYouLiveInTheUk(false);\ncy.whichCountryDoYouLiveIn(\"Chile\");\ncy.enterOverseasTelephoneNumber(this.testData.phoneNumber);\ncy.verifyCheckYourAnswersMessage();\ncy.clickOnContinueButton();\ncy.acceptPolicy();\ncy.verifySignUpCompleteMessage();",
              "err": {},
              "uuid": "1c9f9a92-b41b-4b81-b28b-00cf0b4f2ed2",
              "parentUUID": "1bd057a8-4c35-46b6-bea8-517b6f18d0d6",
              "isHook": false,
              "skipped": false
            },
            {
              "title": "It shows \"Thank you  Sign up complete\" to non-returner overseas user, studying for a degree - Second year, interesed in teaching primary stage, have no grade 4 (C) or above in English and maths GCSEs and planning to retake, have no grade 4 (C) or above in GCSE science but planning to retake",
              "fullTitle": "Feature - Get an adviser : Tests execution date and time : Mon Nov 30 2020 10:18:01 GMT+0000 (Greenwich Mean Time) It shows \"Thank you  Sign up complete\" to non-returner overseas user, studying for a degree - Second year, interesed in teaching primary stage, have no grade 4 (C) or above in English and maths GCSEs and planning to retake, have no grade 4 (C) or above in GCSE science but planning to retake",
              "timedOut": null,
[...]
            "5d50d49e-f514-4cdf-8f37-a48a2e20d142",
            "b701c47c-5c00-4839-a071-da7a45b368fa",
            "e3c42aee-8050-492f-ab43-03c6f8337a5c",
            "26ebf93e-208b-4109-9262-1669e4a996b8",
            "0be76625-480f-4775-9c61-983079704735",
            "766958cb-7f32-44f9-98ff-3de045b402ec",
            "930ca292-fce3-4b1a-9441-ae8d6cf6536a",
            "c50807eb-a762-46fc-92ac-a20597a32fe7",
            "1cc0fd67-7f1c-4851-a0ec-af0ebb669dc1",
            "bfb261a2-7a08-43cf-9096-1a1bbec0ef58",
            "7fceec52-6a9d-46ad-bdbb-f17ca60dc268",
            "ce576fe0-3578-41cd-9276-b419ac6759f7",
            "78f04162-2f21-482f-ae6b-8e46f89b8ed4",
            "fa4b476b-d107-45c1-adfd-33510472adc2",
            "1c9f9a92-b41b-4b81-b28b-00cf0b4f2ed2",
            "f25b40a4-c217-4781-ab93-130a6072654a",
            "bb306d61-4ac0-4696-9107-d7de359c7a0d",
            "df719644-cc94-4130-933b-9e725085c4c1",
            "8fc7ff82-28c5-45ae-b6d1-0312acee3ecf",
            "0d6ff76d-fe45-470d-b6e1-9e8cf9e0fa72",
            "bdc54ed9-9b44-4bbc-a266-68e98f8ea008",
            "eac7f869-e2f1-444e-990f-f03469016a09",
            "5dc2725d-b111-4b07-bb34-b3f034bf6eae",
            "03b00d1d-a6a7-4677-b8f5-d4c6b25c7653",
            "a8573f88-6abb-4ad7-afe1-921fdd069e69",
            "4f6c7714-acd0-4e63-a7bf-17eba7e35566",
            "38897188-6e74-4448-bd3f-b6c85d553517",
            "c234929a-2602-4eeb-b441-9e3822e6c2b1",
            "a447b01c-6fdf-4847-bf69-32acf074e554",
            "2a8f40fa-f087-44e6-97e5-3dce859aed44",
            "6f7a2513-ed0a-4adf-828e-a1925c7c172c",
            "738a25a1-72db-4517-8188-81a079b0b093",
            "0d114dd3-e26f-4e06-b666-02243b4cf353",
            "94d6d2b3-d1dd-4fb5-bae9-21ffaece6144",
            "e3f3490b-bcce-4f4f-9a6b-d4cea3b1c080",
            "2bb1fef6-9190-400b-a9de-d37a2cffcc99",
            "a773970e-ee5d-4752-b8fb-00f65a615275",
            "b570a872-528b-4678-a674-3fdc3b44ec0b",
            "c593afba-6d7e-47f5-b8d7-1bad5dc442bc",
            "4edb868f-078e-4ca4-8ae5-cd9c4a15df10",
            "44b518ae-d378-4fa6-b6cd-8a7fd69e3f35"
          ],
          "failures": [],
          "pending": [],
          "skipped": [],
          "duration": 459529,
          "root": false,
          "rootEmpty": false,
          "_timeout": 2000
        },
        {
          "uuid": "d236b6b8-fa7e-47cb-abf3-7d445beced35",
          "title": "Hyperlink navigation check : Tests execution date and time : Mon Nov 30 2020 10:18:01 GMT+0000 (Greenwich Mean Time)",
          "fullFile": "",
          "file": "",
          "beforeHooks": [],
          "afterHooks": [],
          "tests": [
            {
              "title": "Links through to \"Scotland\" page",
              "fullTitle": "Hyperlink navigation check : Tests execution date and time : Mon Nov 30 2020 10:18:01 GMT+0000 (Greenwich Mean Time) Links through to \"Scotland\" page",
              "timedOut": null,
              "duration": 2916,
              "state": "passed",
              "speed": "slow",
              "pass": true,
              "fail": false,
              "pending": false,
              "context": null,
              "code": "cy.goToUrl(\"\");\ncy.contains(\"a\", \"Scotland\").invoke(\"removeAttr\", \"target\").click();\ncy.url().then(function (url) {\n  expect(url).equal(_Navlinks[\"default\"].teachInScotland);\n});",
              "err": {},
              "uuid": "eaf082a3-8754-413f-a828-ec5221abb62c",
              "parentUUID": "d236b6b8-fa7e-47cb-abf3-7d445beced35",
              "isHook": false,
              "skipped": false
            },
            {
              "title": "Links through to \"Wales\" page",
              "fullTitle": "Hyperlink navigation check : Tests execution date and time : Mon Nov 30 2020 10:18:01 GMT+0000 (Greenwich Mean Time) Links through to \"Wales\" page",
              "timedOut": null,
              "duration": 1559,
              "state": "passed",
              "speed": "slow",
              "pass": true,
              "fail": false,
              "pending": false,
              "context": null,
              "code": "cy.goToUrl(\"\");\ncy.contains(\"a\", \"Wales\").invoke(\"removeAttr\", \"target\").click();\ncy.url().then(function (url) {\n  expect(url).equal(_Navlinks[\"default\"].teachInWales);\n});",
              "err": {},
              "uuid": "e433c2dd-6c54-451b-a038-c3ba0803770a",
              "parentUUID": "d236b6b8-fa7e-47cb-abf3-7d445beced35",
              "isHook": false,
              "skipped": false
            },
            {
              "title": "Links through to \"Northern Ireland\" page",
              "fullTitle": "Hyperlink navigation check : Tests execution date and time : Mon Nov 30 2020 10:18:01 GMT+0000 (Greenwich Mean Time) Links through to \"Northern Ireland\" page",
              "timedOut": null,
              "duration": 1540,
              "state": "passed",
              "speed": "slow",
              "pass": true,
              "fail": false,
              "pending": false,
              "context": null,
              "code": "cy.goToUrl(\"\");\ncy.contains(\"a\", \"Northern Ireland\").invoke(\"removeAttr\", \"target\").click();\ncy.url().then(function (url) {\n  expect(url).equal(_Navlinks[\"default\"].teachInNorthernIreland);\n});",
              "err": {},
              "uuid": "fdc8db9b-6673-4d40-bac7-1d6b80e8ff41",
              "parentUUID": "d236b6b8-fa7e-47cb-abf3-7d445beced35",
              "isHook": false,
              "skipped": false
            },
            {
              "title": "Links through to \"What did you think of this service? \"",
              "fullTitle": "Hyperlink navigation check : Tests execution date and time : Mon Nov 30 2020 10:18:01 GMT+0000 (Greenwich Mean Time) Links through to \"What did you think of this service? \"",
              "timedOut": null,
              "duration": 1288,
              "state": "passed",
              "speed": "slow",
              "pass": true,
              "fail": false,
              "pending": false,
              "context": null,
              "code": "cy.goToUrl(\"teacher_training_adviser/sign_up/completed\");\ncy.contains(\"a\", \"What did you think of this service?\").invoke(\"removeAttr\", \"target\").click();\ncy.get(\".govuk-caption-xl\").should(\"exist\").should(\"include.text\", \"Service assessments and applying the Service Standard\").next().should(\"exist\").should(\"include.text\", \"Get a GOV.UK feedback page\");",
              "err": {},
              "uuid": "3ec98b7a-f425-4dab-b869-78b230a0bb59",
              "parentUUID": "d236b6b8-fa7e-47cb-abf3-7d445beced35",
              "isHook": false,
              "skipped": false
            }
          ],
          "suites": [],
          "passes": [
            "eaf082a3-8754-413f-a828-ec5221abb62c",
            "e433c2dd-6c54-451b-a038-c3ba0803770a",
            "fdc8db9b-6673-4d40-bac7-1d6b80e8ff41",
            "3ec98b7a-f425-4dab-b869-78b230a0bb59"
          ],
          "failures": [],
          "pending": [],
          "skipped": [],
          "duration": 7303,
          "root": false,
          "rootEmpty": false,
          "_timeout": 2000
        },
        {
          "uuid": "5c24680c-3cea-4f98-a6f5-73b39a4bfd4e",
          "title": "Matchback feature",
          "fullFile": "",
          "file": "",
          "beforeHooks": [],
          "afterHooks": [],
          "tests": [
            {
              "title": "It shows \"Thank you  Sign up complete\" ",
              "fullTitle": "Matchback feature It shows \"Thank you  Sign up complete\" ",
              "timedOut": null,
              "duration": 6855,
              "state": "passed",
              "speed": "slow",
              "pass": true,
              "fail": false,
              "pending": false,
              "context": null,
              "code": "var rnum = Math.floor(Math.random() * 10000000 + 1);\nfirstName = \"First_\" + rnum + \"_name\";\nlastName = \"Last_\" + rnum + \"_name\";\nvar name = firstName + \":\" + lastName;\ncy.writeFile(\"cypress/fixtures/user.txt\", name);\ncy.visit(Cypress.env(\"baseurl_tta_flow\"), {\n  auth: {\n    username: Cypress.env(\"HTTPAUTH_USERNAME\"),\n    password: Cypress.env(\"HTTPAUTH_PASSWORD\")\n  }\n});\ncy.acceptAllCookies();\ncy.clickOnStartNowButton();\nteacherTrainingAdviser.getFirstName().type(firstName);\nteacherTrainingAdviser.getLastName().type(lastName);\nteacherTrainingAdviser.getEmailAddress().type(this.testData.email);\nteacherTrainingAdviser.getContinueButton().click();\ncy.returningToTeaching(true);\ncy.havePreviousTeacherReferenceNumber(true);\ncy.enterPreviousTeacherReferenceNumber(23478463);\ncy.selectPreviuosMainSubject(\"Computing\");\ncy.selectSubjectLikeToTeach(\"Physics\");\ncy.enterDateOfBirth(\"25\", \"02\", \"1986\");\ncy.doYouLiveInTheUk(true);\ncy.enterUKCandidateAddress(\"55\", \"Hollinswood\", \"Telford\", \"TF3 2BT\");\ncy.enterUKTelephoneNumber(\"012345678\");\ncy.verifyCheckYourAnswersMessage();\ncy.contains(\"Name\").next().contains(firstName + \" \" + lastName);\ncy.contains(\"Date of birth\").next().contains(\"25 02 1986\");\ncy.contains(\"Address\").next().contains(\"55 Hollinswood Telford TF3 2BT\");\ncy.contains(\"Email\").next().contains(this.testData.email);\ncy.contains(\"Telephone\").next().contains(\"012345678\");\ncy.contains(\"Are you returning to teaching?\").next().contains(\"Yes\");\ncy.contains(\"What is your previous teacher reference number?\").next().contains(\"23478463\");\ncy.contains(\"Which main subject did you previously teach?\").next().contains(\"Computing\");\ncy.contains(\"Which subject would you like to teach if you return to teaching?\").next().contains(\"Physics\");\ncy.contains(\"Where do you live?\").next().contains(\"UK\");\ncy.clickOnContinueButton();\ncy.acceptPolicy();\ncy.verifySignUpCompleteMessage();",
              "err": {},
              "uuid": "8d6106ec-e72e-437d-9a6d-454fa895e206",
              "parentUUID": "5c24680c-3cea-4f98-a6f5-73b39a4bfd4e",
              "isHook": false,
              "skipped": false
            },
            {
              "title": "It prevents mailing list sign up if user already signed up for a teacher training adviser service",
              "fullTitle": "Matchback feature It prevents mailing list sign up if user already signed up for a teacher training adviser service",
              "timedOut": null,
              "duration": 14502,
              "state": "passed",
              "speed": "slow",
              "pass": true,
              "fail": false,
              "pending": false,
              "context": null,
              "code": "var _this3 = this;\ncy.readFile(\"cypress/fixtures/user.txt\").then(function (value) {\n  var name = value;\n  firstName = name.split(\":\")[0];\n  lastName = name.split(\":\")[1];\n  cy.visit(\"/mailinglist/signup/name\", {\n    auth: {\n      username: Cypress.env(\"HTTPAUTH_USERNAME\"),\n      password: Cypress.env(\"HTTPAUTH_PASSWORD\")\n    }\n  });\n  cy.acceptCookie();\n  mailingListSignUp.getFirstName().type(firstName);\n  mailingListSignUp.getLastName().type(lastName);\n  mailingListSignUp.getEmailAddress().type(_this3.testData.email);\n  mailingListSignUp.getNextStep().click();\n  cy.enterEmailVerificationCodeForMailinglist();\n  mailingListSignUp.getNextStep().click();\n  cy.get(\"h1\").should(\"exist\").should(\"have.text\", \"You have already signed up to an adviser\");\n});",
              "err": {},
              "uuid": "963775b0-e843-4350-90f7-fd56963b3503",
              "parentUUID": "5c24680c-3cea-4f98-a6f5-73b39a4bfd4e",
              "isHook": false,
              "skipped": false
            },
            {
              "title": "It shows \"You’ve signed up\" ",
              "fullTitle": "Matchback feature It shows \"You’ve signed up\" ",
              "timedOut": null,
              "duration": 9137,
              "state": "passed",
              "speed": "slow",
              "pass": true,
              "fail": false,
              "pending": false,
              "context": null,
              "code": "var rnum = Math.floor(Math.random() * 10000000 + 1);\nvar firstName = \"First_\" + rnum + \"_name\";\nvar lastName = \"Last_\" + rnum + \"_name\";\nvar name = firstName + \":\" + lastName;\ncy.writeFile(\"cypress/fixtures/user.txt\", name);\ncy.visit(\"/mailinglist/signup/name\", {\n  auth: {\n    username: Cypress.env(\"HTTPAUTH_USERNAME\"),\n    password: Cypress.env(\"HTTPAUTH_PASSWORD\")\n  }\n});\ncy.acceptCookie();\nmailingListSignUp.getFirstName().type(firstName);\nmailingListSignUp.getLastName().type(lastName);\nmailingListSignUp.getEmailAddress().type(this.testData.email);\nmailingListSignUp.getNextStep().click();\ncy.degreeStage(\"Yes, I already have a degree\");\nmailingListSignUp.getNextStep().click();\nmailingListSignUp.getStage().select(this.testInputData.howCloseAreYoutoApplyingForTeacherTraining);\nmailingListSignUp.getNextStep().click();\nmailingListSignUp.getSubjectToTeach().select(this.testInputData.whichSubjectdoYouWantToTeach);\nmailingListSignUp.getNextStep().click();\nmailingListSignUp.getPostcode().type(this.testInputData.postCode);\nmailingListSignUp.getNextStep().click();\ncy.acceptPrivacyPolicy();\nmailingListSignUp.getCompleteSignUpButton().click();\nmailingListSignUp.getContent().should(\"have.text\", \"You've signed up\");",
              "err": {},
              "uuid": "bd7bb18a-879d-4ab6-9b2e-c930cf85012a",
              "parentUUID": "5c24680c-3cea-4f98-a6f5-73b39a4bfd4e",
              "isHook": false,
              "skipped": false
            },
            {
              "title": "It should allow user to sign up for teacher training adviser service if he already signed up for mailing list",
              "fullTitle": "Matchback feature It should allow user to sign up for teacher training adviser service if he already signed up for mailing list",
              "timedOut": null,
              "duration": 17827,
              "state": "passed",
              "speed": "slow",
              "pass": true,
              "fail": false,
              "pending": false,
              "context": null,
              "code": "var _this4 = this;\ncy.readFile(\"cypress/fixtures/user.txt\").then(function (value) {\n  var name = value;\n  firstName = name.split(\":\")[0];\n  lastName = name.split(\":\")[1];\n  cy.visit(Cypress.env(\"baseurl_tta_flow\"), {\n    auth: {\n      username: Cypress.env(\"HTTPAUTH_USERNAME\"),\n      password: Cypress.env(\"HTTPAUTH_PASSWORD\")\n    }\n  });\n  cy.acceptAllCookies();\n  cy.clickOnStartNowButton();\n  teacherTrainingAdviser.getFirstName().type(firstName);\n  teacherTrainingAdviser.getLastName().type(lastName);\n  teacherTrainingAdviser.getEmailAddress().type(_this4.testData.email);\n  teacherTrainingAdviser.getContinueButton().click();\n  cy.enterEmailVerificationCodeForTeacherTrainingAdviser();\n  cy.clickOnContinueButton();\n  cy.returningToTeaching(true);\n  cy.havePreviousTeacherReferenceNumber(true);\n  cy.enterPreviousTeacherReferenceNumber(23478463);\n  cy.selectPreviuosMainSubject(\"Computing\");\n  cy.selectSubjectLikeToTeach(\"Physics\");\n  cy.enterDateOfBirth(\"25\", \"02\", \"1986\");\n  cy.doYouLiveInTheUk(true);\n  cy.get(\"#teacher-training-adviser-steps-uk-address-address-postcode-field\").should(\"have.value\", \"TF3 2BT\");\n  cy.enterUKCandidateAddress(\"55\", \"Hollinswood\", \"Telford\", \"TF3 2BT\");\n  cy.get(\"#teacher-training-adviser-steps-uk-telephone-telephone-field\").type(_this4.testInputData.phone);\n  cy.clickOnContinueButton();\n  cy.get(\".govuk-heading-l\").should(\"exist\").should(\"have.text\", \"Check your answers before you continue\");\n  cy.contains(\"Name\").next().contains(firstName + \" \" + lastName);\n  cy.contains(\"Date of birth\").next().contains(\"25 02 1986\");\n  cy.contains(\"Address\").next().contains(\"55 Hollinswood Telford TF3 2BT\");\n  cy.contains(\"Email\").next().contains(_this4.testData.email);\n  cy.contains(\"Telephone\").next().contains(_this4.testInputData.phone);\n  cy.contains(\"Are you returning to teaching?\").next().contains(\"Yes\");\n  cy.contains(\"What is your previous teacher reference number?\").next().contains(\"23478463\");\n  cy.contains(\"Which main subject did you previously teach?\").next().contains(\"Computing\");\n  cy.contains(\"Which subject would you like to teach if you return to teaching?\").next().contains(\"Physics\");\n  cy.contains(\"Where do you live?\").next().contains(\"UK\");\n  cy.clickOnContinueButton();\n  cy.acceptPolicy();\n  cy.get(\".govuk-panel__title\").then(function (signuptext) {\n    signuptext = signuptext.text().trim();\n    expect(signuptext).to.equal(\"Thank you  Sign up complete\");\n  });\n});",
              "err": {},
              "uuid": "0b640f48-1873-4783-8a84-0ff2170a14e2",
              "parentUUID": "5c24680c-3cea-4f98-a6f5-73b39a4bfd4e",
              "isHook": false,
              "skipped": false
            }
          ],
          "suites": [],
          "passes": [
            "8d6106ec-e72e-437d-9a6d-454fa895e206",
            "963775b0-e843-4350-90f7-fd56963b3503",
            "bd7bb18a-879d-4ab6-9b2e-c930cf85012a",
            "0b640f48-1873-4783-8a84-0ff2170a14e2"
          ],
          "failures": [],
          "pending": [],
          "skipped": [],
          "duration": 48321,
          "root": false,
          "rootEmpty": false,
          "_timeout": 2000
        },
        {
          "uuid": "93faebd5-e92b-4e47-be3a-6a3276cb172a",
          "title": "Feature - 404 Not Found unknown_route : Mon Nov 30 2020 10:26:45 GMT+0000 (Greenwich Mean Time)",
          "fullFile": "",
          "file": "",
          "beforeHooks": [],
          "afterHooks": [],
          "tests": [
            {
              "title": "It should show \"404\tNot Found unknown_route\" if the user enters a bad URL",
              "fullTitle": "Feature - 404 Not Found unknown_route : Mon Nov 30 2020 10:26:45 GMT+0000 (Greenwich Mean Time) It should show \"404\tNot Found unknown_route\" if the user enters a bad URL",
              "timedOut": null,
              "duration": 193,
              "state": "passed",
              "speed": "slow",
              "pass": true,
              "fail": false,
              "pending": false,
              "context": null,
              "code": "cy.visit({\n  url: \"https://get-teacher-training-adviser-services-test.london.cloudapps.digital/\",\n  method: \"GET\",\n  failOnStatusCode: false\n});\ncy.verify404ErrorMessage();",
              "err": {},
              "uuid": "6779b985-7531-4372-ae10-7c19acbbfbb3",
              "parentUUID": "93faebd5-e92b-4e47-be3a-6a3276cb172a",
              "isHook": false,
              "skipped": false
            }
          ],
          "suites": [],
          "passes": [
            "6779b985-7531-4372-ae10-7c19acbbfbb3"
          ],
          "failures": [],
          "pending": [],
          "skipped": [],
          "duration": 193,
          "root": false,
          "rootEmpty": false,
          "_timeout": 2000
        }
      ],
      "passes": [],
      "failures": [],
      "pending": [],
      "skipped": [],
      "duration": 0,
      "root": true,
      "rootEmpty": true,
      "_timeout": 2000
    }
  ],
  "meta": {
    "mocha": {
      "version": "7.0.1"
    },
    "mochawesome": {
      "options": {
        "quiet": false,
        "reportFilename": "testreport",
        "saveHtml": false,
        "saveJson": true,
        "consoleReporter": "spec",
        "useInlineDiffs": false,
        "code": true
      },
      "version": "6.2.1"
    },
    "marge": {
      "options": {
        "id": "default",
        "reportDir": "cypress/reports",
        "reportFilename": "testreport",
        "quite": true,
        "overwrite": false,
        "html": false,
        "json": true
      },
      "version": "5.1.0"
    }
  }
}