{
  "stats": {
    "suites": 2,
    "tests": 11,
    "passes": 11,
    "pending": 0,
    "failures": 0,
    "start": "2020-11-30T10:16:00.923Z",
    "end": "2020-11-30T10:17:39.478Z",
    "duration": 98555,
    "testsRegistered": 11,
    "passPercent": 100,
    "pendingPercent": 0,
    "other": 0,
    "hasOther": false,
    "skipped": 0,
    "hasSkipped": false
  },
  "results": [
    {
      "uuid": "a8b3c45e-3147-4148-b284-fcc89df1b1b9",
      "title": "",
      "fullFile": "cypress\\integration\\mailinglist-signup-flow.spec.js",
      "file": "cypress\\integration\\mailinglist-signup-flow.spec.js",
      "beforeHooks": [],
      "afterHooks": [],
      "tests": [],
      "suites": [
        {
          "uuid": "5c03e7de-47ab-4fd9-9bc9-368f18385583",
          "title": "Feature - Mailing list sign up : Tests execution date and time : Mon Nov 30 2020 10:16:00 GMT+0000 (Greenwich Mean Time)",
          "fullFile": "",
          "file": "",
          "beforeHooks": [],
          "afterHooks": [],
          "tests": [
            {
              "title": "It shows the Sign up page",
              "fullTitle": "Feature - Mailing list sign up : Tests execution date and time : Mon Nov 30 2020 10:16:00 GMT+0000 (Greenwich Mean Time) It shows the Sign up page",
              "timedOut": null,
              "duration": 1508,
              "state": "passed",
              "speed": "slow",
              "pass": true,
              "fail": false,
              "pending": false,
              "context": null,
              "code": "cy.get(\"#edit_mailing_list_steps_name_name\").should(\"exist\");",
              "err": {},
              "uuid": "d57cb00a-d0e8-45ef-9275-ce0395291e91",
              "parentUUID": "5c03e7de-47ab-4fd9-9bc9-368f18385583",
              "isHook": false,
              "skipped": false
            },
            {
              "title": "It shows the error message if user clicks next button without entering the mandatory details",
              "fullTitle": "Feature - Mailing list sign up : Tests execution date and time : Mon Nov 30 2020 10:16:00 GMT+0000 (Greenwich Mean Time) It shows the error message if user clicks next button without entering the mandatory details",
              "timedOut": null,
              "duration": 1489,
              "state": "passed",
              "speed": "slow",
              "pass": true,
              "fail": false,
              "pending": false,
              "context": null,
              "code": "cy.get(\"#edit_mailing_list_steps_name_name\").should(\"exist\");\nmailingListSignUp.getNextStep().click();\ncy.get(\"#error-summary-title\").should(\"exist\").should(\"have.text\", \"There is a problem\");\ncy.get(\".govuk-error-summary__list\").children().should(\"exist\").next().should(\"exist\").next().should(\"exist\");\ncy.get(\".govuk-list.govuk-error-summary__list > li:nth-child(1)\").should(\"have.text\", \"Enter your full email address\").next().should(\"have.text\", \"Enter your first name\").next().should(\"have.text\", \"Enter your last name\");",
              "err": {},
              "uuid": "fe5a3d68-403b-4157-8fc8-59f8d68d597f",
              "parentUUID": "5c03e7de-47ab-4fd9-9bc9-368f18385583",
              "isHook": false,
              "skipped": false
            },
            {
              "title": "Error message link navigates to its respective field",
              "fullTitle": "Feature - Mailing list sign up : Tests execution date and time : Mon Nov 30 2020 10:16:00 GMT+0000 (Greenwich Mean Time) Error message link navigates to its respective field",
              "timedOut": null,
              "duration": 4543,
              "state": "passed",
              "speed": "slow",
              "pass": true,
              "fail": false,
              "pending": false,
              "context": null,
              "code": "mailingListSignUp.getNextStep().click();\ncy.contains(\"Enter your full email address\").should(function (el) {\n  expect(el).to.have.attr(\"href\", \"#mailing-list-steps-name-email-field-error\");\n}).click().type(\"Test_email@gmail.com\");\nmailingListSignUp.getNextStep().click();\ncy.get(\".govuk-list.govuk-error-summary__list > li:nth-child(1)\").should(\"have.text\", \"Enter your first name\").next().should(\"have.text\", \"Enter your last name\");\ncy.contains(\"Enter your first name\").should(function (el) {\n  expect(el).to.have.attr(\"href\", \"#mailing-list-steps-name-first-name-field-error\");\n}).click().type(\"Test_First_Name\");\nmailingListSignUp.getNextStep().click();\ncy.get(\".govuk-list.govuk-error-summary__list > li:nth-child(1)\").should(\"have.text\", \"Enter your last name\");",
              "err": {},
              "uuid": "23fcbfbe-ed4f-45db-95b3-0a8aeb08c96c",
              "parentUUID": "5c03e7de-47ab-4fd9-9bc9-368f18385583",
              "isHook": false,
              "skipped": false
            },
            {
              "title": "It shows error message if user enters wrong email verification code",
              "fullTitle": "Feature - Mailing list sign up : Tests execution date and time : Mon Nov 30 2020 10:16:00 GMT+0000 (Greenwich Mean Time) It shows error message if user enters wrong email verification code",
              "timedOut": null,
              "duration": 12111,
              "state": "passed",
              "speed": "slow",
              "pass": true,
              "fail": false,
              "pending": false,
              "context": null,
              "code": "var rnum = Math.floor(Math.random() * 1000000000 + 1);\nvar firstName = \"Testuser\".concat(rnum, \"firstname\");\nvar lastName = \"Testuser\".concat(rnum, \"lastname\");\ncy.enterFirstNameLastNameAndEmailAddress(firstName, lastName, this.testInputData.emailAddress);\nmailingListSignUp.getNextStep().click();\ncy.degreeStage(\"Yes, I already have a degree\");\nmailingListSignUp.getNextStep().click();\nmailingListSignUp.getStage().select(this.testInputData.howCloseAreYoutoApplyingForTeacherTraining);\nmailingListSignUp.getNextStep().click();\nmailingListSignUp.getSubjectToTeach().select(this.testInputData.whichSubjectdoYouWantToTeach);\nmailingListSignUp.getNextStep().click();\nmailingListSignUp.getPostcode().type(this.testInputData.postCode);\nmailingListSignUp.getNextStep().click();\ncy.acceptPrivacyPolicy();\nmailingListSignUp.getCompleteSignUpButton().click();\nmailingListSignUp.getContent().should(\"have.text\", \"You've signed up\");\ncy.visit(\"/mailinglist/signup/name\", {\n  auth: {\n    username: Cypress.env(\"HTTPAUTH_USERNAME\"),\n    password: Cypress.env(\"HTTPAUTH_PASSWORD\")\n  }\n});\ncy.enterFirstNameLastNameAndEmailAddress(firstName, lastName, this.testInputData.emailAddress);\nmailingListSignUp.getNextStep().click();\ncy.get(\"#mailing-list-steps-authenticate-timed-one-time-password-field\").type(\"123456\");\nmailingListSignUp.getNextStep().click();\ncy.get(\"#mailing-list-steps-authenticate-timed-one-time-password-error\").should(\"exist\").should(\"have.text\", \"Error: Please enter the latest verification code sent to your email address\");",
              "err": {},
              "uuid": "02058c50-0b90-4ed1-90fa-7b1a2f12d813",
              "parentUUID": "5c03e7de-47ab-4fd9-9bc9-368f18385583",
              "isHook": false,
              "skipped": false
            },
            {
              "title": "It resends the verification code to users email",
              "fullTitle": "Feature - Mailing list sign up : Tests execution date and time : Mon Nov 30 2020 10:16:00 GMT+0000 (Greenwich Mean Time) It resends the verification code to users email",
              "timedOut": null,
              "duration": 22702,
              "state": "passed",
              "speed": "slow",
              "pass": true,
              "fail": false,
              "pending": false,
              "context": null,
              "code": "var rnum = Math.floor(Math.random() * 1000000000 + 1);\nvar firstName = \"Testuser\".concat(rnum, \"firstname\");\nvar lastName = \"Testuser\".concat(rnum, \"lastname\");\ncy.enterFirstNameLastNameAndEmailAddress(firstName, lastName, this.testInputData.emailAddress);\nmailingListSignUp.getNextStep().click();\ncy.degreeStage(\"Yes, I already have a degree\");\nmailingListSignUp.getNextStep().click();\nmailingListSignUp.getStage().select(this.testInputData.howCloseAreYoutoApplyingForTeacherTraining);\nmailingListSignUp.getNextStep().click();\nmailingListSignUp.getSubjectToTeach().select(this.testInputData.whichSubjectdoYouWantToTeach);\nmailingListSignUp.getNextStep().click();\nmailingListSignUp.getPostcode().type(this.testInputData.postCode);\nmailingListSignUp.getNextStep().click();\ncy.acceptPrivacyPolicy();\nmailingListSignUp.getCompleteSignUpButton().click();\nmailingListSignUp.getContent().should(\"have.text\", \"You've signed up\");\ncy.visit(\"/mailinglist/signup/name\", {\n  auth: {\n    username: Cypress.env(\"HTTPAUTH_USERNAME\"),\n    password: Cypress.env(\"HTTPAUTH_PASSWORD\")\n  }\n});\ncy.enterFirstNameLastNameAndEmailAddress(firstName, lastName, this.testInputData.emailAddress);\nmailingListSignUp.getNextStep().click();\ncy.get(\"#mailing-list-steps-authenticate-timed-one-time-password-field\").type(\"123456\");\nmailingListSignUp.getNextStep().click();\ncy.get(\"#mailing-list-steps-authenticate-timed-one-time-password-error\").should(\"exist\").should(\"have.text\", \"Error: Please enter the latest verification code sent to your email address\");\ncy.contains(\"resend verification\").click();\ncy.enterEmailVerificationCodeForMailinglist();\nmailingListSignUp.getNextStep().click();\ncy.get(\"#edit_mailing_list_steps_already_subscribed_already_subscribed > h1\").should(\"exist\").should(\"have.text\", \"You’ve already signed up\");",
              "err": {},
              "uuid": "c5def544-8ea7-427e-9558-3fca0a46718e",
              "parentUUID": "5c03e7de-47ab-4fd9-9bc9-368f18385583",
              "isHook": false,
              "skipped": false
            },
            {
              "title": "It shows 'You’ve signed up' message for new candidate",
              "fullTitle": "Feature - Mailing list sign up : Tests execution date and time : Mon Nov 30 2020 10:16:00 GMT+0000 (Greenwich Mean Time) It shows 'You’ve signed up' message for new candidate",
              "timedOut": null,
              "duration": 7620,
              "state": "passed",
              "speed": "slow",
              "pass": true,
              "fail": false,
              "pending": false,
              "context": null,
              "code": "var rnum = Math.floor(Math.random() * 1000000000 + 1);\nvar email = \"testuser\".concat(rnum.toString(), \"@mail.co.uk\");\ncy.enterFirstNameLastNameAndEmailAddress(this.testInputData.firstName, this.testInputData.lastName, email);\nmailingListSignUp.getNextStep().click();\ncy.degreeStage(\"Yes, I already have a degree\");\nmailingListSignUp.getNextStep().click();\nmailingListSignUp.getStage().select(this.testInputData.howCloseAreYoutoApplyingForTeacherTraining);\nmailingListSignUp.getNextStep().click();\nmailingListSignUp.getSubjectToTeach().select(this.testInputData.whichSubjectdoYouWantToTeach);\nmailingListSignUp.getNextStep().click();\nmailingListSignUp.getPostcode().type(this.testInputData.postCode);\nmailingListSignUp.getNextStep().click();\ncy.acceptPrivacyPolicy();\nmailingListSignUp.getCompleteSignUpButton().click();\nmailingListSignUp.getContent().should(\"have.text\", \"You've signed up\");\ncy.contains(\"Want to speak to us?\").next().children().as(\"speakToUsSection\").should(\"exist\").invoke(\"attr\", \"href\").then(function (targetLink) {\n  expect(targetLink).to.equal(\"tel:08003892501\");\n});\ncy.get(\"@speakToUsSection\").then(function (phoneNumber) {\n  cy.log();\n  expect(phoneNumber.text()).to.equal(\"0800 389 2501\");\n});",
              "err": {},
              "uuid": "2e28f0ec-c6b4-4999-bd4e-b83a480444e7",
              "parentUUID": "5c03e7de-47ab-4fd9-9bc9-368f18385583",
              "isHook": false,
              "skipped": false
            },
            {
              "title": "It shows \"Youve already signed up\" message to existing candidate",
              "fullTitle": "Feature - Mailing list sign up : Tests execution date and time : Mon Nov 30 2020 10:16:00 GMT+0000 (Greenwich Mean Time) It shows \"Youve already signed up\" message to existing candidate",
              "timedOut": null,
              "duration": 21926,
              "state": "passed",
              "speed": "slow",
              "pass": true,
              "fail": false,
              "pending": false,
              "context": null,
              "code": "var rnum = Math.floor(Math.random() * 1000000000 + 1);\nvar firstName = \"Testuser\".concat(rnum, \"firstname\");\nvar lastName = \"Testuser\".concat(rnum, \"lastname\");\ncy.enterFirstNameLastNameAndEmailAddress(firstName, lastName, this.testInputData.emailAddress);\nmailingListSignUp.getNextStep().click();\ncy.degreeStage(\"Yes, I already have a degree\");\nmailingListSignUp.getNextStep().click();\nmailingListSignUp.getStage().select(this.testInputData.howCloseAreYoutoApplyingForTeacherTraining);\nmailingListSignUp.getNextStep().click();\nmailingListSignUp.getSubjectToTeach().select(this.testInputData.whichSubjectdoYouWantToTeach);\nmailingListSignUp.getNextStep().click();\nmailingListSignUp.getPostcode().type(this.testInputData.postCode);\nmailingListSignUp.getNextStep().click();\ncy.acceptPrivacyPolicy();\nmailingListSignUp.getCompleteSignUpButton().click();\nmailingListSignUp.getContent().should(\"have.text\", \"You've signed up\");\ncy.visit(\"/mailinglist/signup/name\", {\n  auth: {\n    username: Cypress.env(\"HTTPAUTH_USERNAME\"),\n    password: Cypress.env(\"HTTPAUTH_PASSWORD\")\n  }\n});\ncy.enterFirstNameLastNameAndEmailAddress(firstName, lastName, this.testInputData.emailAddress);\nmailingListSignUp.getNextStep().click();\ncy.enterEmailVerificationCodeForMailinglist();\nmailingListSignUp.getNextStep().click();\ncy.get(\"#edit_mailing_list_steps_already_subscribed_already_subscribed > h1\").should(\"exist\").should(\"have.text\", \"You’ve already signed up\");",
              "err": {},
              "uuid": "7e20562d-d3a9-4211-963e-691f8eb5fb84",
              "parentUUID": "5c03e7de-47ab-4fd9-9bc9-368f18385583",
              "isHook": false,
              "skipped": false
            },
            {
              "title": "It shows Privacy policy details to the user if he clicks on link",
              "fullTitle": "Feature - Mailing list sign up : Tests execution date and time : Mon Nov 30 2020 10:16:00 GMT+0000 (Greenwich Mean Time) It shows Privacy policy details to the user if he clicks on link",
              "timedOut": null,
              "duration": 6764,
              "state": "passed",
              "speed": "slow",
              "pass": true,
              "fail": false,
              "pending": false,
              "context": null,
              "code": "var rnum = Math.floor(Math.random() * 1000000000 + 1);\nvar email = \"testuser\".concat(rnum.toString(), \"@mail.co.uk\");\ncy.enterFirstNameLastNameAndEmailAddress(this.testInputData.firstName, this.testInputData.lastName, email);\nmailingListSignUp.getNextStep().click();\ncy.degreeStage(\"Yes, I already have a degree\");\nmailingListSignUp.getNextStep().click();\nmailingListSignUp.getStage().select(this.testInputData.howCloseAreYoutoApplyingForTeacherTraining);\nmailingListSignUp.getNextStep().click();\nmailingListSignUp.getSubjectToTeach().select(this.testInputData.whichSubjectdoYouWantToTeach);\nmailingListSignUp.getNextStep().click();\nmailingListSignUp.getPostcode().type(this.testInputData.postCode);\nmailingListSignUp.getNextStep().click();\ncy.contains(\"a\", \"privacy policy\").invoke(\"removeAttr\", \"target\").click();\ncy.contains(\"Privacy Policy\").should(\"exist\");\ncy.contains(\"Privacy Notice: Get into Teaching Information Service\").should(\"exist\");\ncy.get(\".site-footer-top\").should(\"exist\").next().should(\"exist\");",
              "err": {},
              "uuid": "0c120975-6c4d-4109-ac1e-1537d072a1ad",
              "parentUUID": "5c03e7de-47ab-4fd9-9bc9-368f18385583",
              "isHook": false,
              "skipped": false
            },
            {
              "title": "Links through to feedback survey page",
              "fullTitle": "Feature - Mailing list sign up : Tests execution date and time : Mon Nov 30 2020 10:16:00 GMT+0000 (Greenwich Mean Time) Links through to feedback survey page",
              "timedOut": null,
              "duration": 8736,
              "state": "passed",
              "speed": "slow",
              "pass": true,
              "fail": false,
              "pending": false,
              "context": null,
              "code": "var rnum = Math.floor(Math.random() * 1000000000 + 1);\nvar email = \"testuser\".concat(rnum.toString(), \"@mail.co.uk\");\ncy.enterFirstNameLastNameAndEmailAddress(this.testInputData.firstName, this.testInputData.lastName, email);\nmailingListSignUp.getNextStep().click();\ncy.degreeStage(\"Yes, I already have a degree\");\nmailingListSignUp.getNextStep().click();\nmailingListSignUp.getStage().select(this.testInputData.howCloseAreYoutoApplyingForTeacherTraining);\nmailingListSignUp.getNextStep().click();\nmailingListSignUp.getSubjectToTeach().select(this.testInputData.whichSubjectdoYouWantToTeach);\nmailingListSignUp.getNextStep().click();\nmailingListSignUp.getPostcode().type(this.testInputData.postCode);\nmailingListSignUp.getNextStep().click();\ncy.acceptPrivacyPolicy();\nmailingListSignUp.getCompleteSignUpButton().click();\nmailingListSignUp.getContent().should(\"have.text\", \"You've signed up\");\ncy.contains(\"Want to speak to us?\").next().children().as(\"speakToUsSection\").should(\"exist\").invoke(\"attr\", \"href\").then(function (targetLink) {\n  expect(targetLink).to.equal(\"tel:08003892501\");\n});\ncy.get(\"@speakToUsSection\").then(function (phoneNumber) {\n  cy.log();\n  expect(phoneNumber.text()).to.equal(\"0800 389 2501\");\n});\ncy.contains(\"a\", \"feedback on this website\").invoke(\"removeAttr\", \"target\").click();\ncy.get(\".freebirdFormviewerViewHeaderTitle\").should(\"exist\").should(\"have.text\", \"Get into Teaching: Feedback Survey\");",
              "err": {},
              "uuid": "45f7efda-6744-4cd3-98ce-910983892d7b",
              "parentUUID": "5c03e7de-47ab-4fd9-9bc9-368f18385583",
              "isHook": false,
              "skipped": false
            },
            {
              "title": "It hides the feedback bar if user clicks on \"Hide\" link",
              "fullTitle": "Feature - Mailing list sign up : Tests execution date and time : Mon Nov 30 2020 10:16:00 GMT+0000 (Greenwich Mean Time) It hides the feedback bar if user clicks on \"Hide\" link",
              "timedOut": null,
              "duration": 8490,
              "state": "passed",
              "speed": "slow",
              "pass": true,
              "fail": false,
              "pending": false,
              "context": null,
              "code": "var rnum = Math.floor(Math.random() * 1000000000 + 1);\nvar email = \"testuser\".concat(rnum.toString(), \"@mail.co.uk\");\ncy.enterFirstNameLastNameAndEmailAddress(this.testInputData.firstName, this.testInputData.lastName, email);\nmailingListSignUp.getNextStep().click();\ncy.degreeStage(\"Yes, I already have a degree\");\nmailingListSignUp.getNextStep().click();\nmailingListSignUp.getStage().select(this.testInputData.howCloseAreYoutoApplyingForTeacherTraining);\nmailingListSignUp.getNextStep().click();\nmailingListSignUp.getSubjectToTeach().select(this.testInputData.whichSubjectdoYouWantToTeach);\nmailingListSignUp.getNextStep().click();\nmailingListSignUp.getPostcode().type(this.testInputData.postCode);\nmailingListSignUp.getNextStep().click();\ncy.acceptPrivacyPolicy();\nmailingListSignUp.getCompleteSignUpButton().click();\nmailingListSignUp.getContent().should(\"have.text\", \"You've signed up\");\ncy.contains(\"Want to speak to us?\").next().children().as(\"speakToUsSection\").should(\"exist\").invoke(\"attr\", \"href\").then(function (targetLink) {\n  expect(targetLink).to.equal(\"tel:08003892501\");\n});\ncy.get(\"@speakToUsSection\").then(function (phoneNumber) {\n  cy.log();\n  expect(phoneNumber.text()).to.equal(\"0800 389 2501\");\n});\ncy.get(\"#hide-feedback-bar\").click();\ncy.contains(\"a\", \"feedback on this website\").should(\"not.be.visible\");",
              "err": {},
              "uuid": "5fb617ec-542d-44d2-920d-68c714cdd2b6",
              "parentUUID": "5c03e7de-47ab-4fd9-9bc9-368f18385583",
              "isHook": false,
              "skipped": false
            }
          ],
          "suites": [],
          "passes": [
            "d57cb00a-d0e8-45ef-9275-ce0395291e91",
            "fe5a3d68-403b-4157-8fc8-59f8d68d597f",
            "23fcbfbe-ed4f-45db-95b3-0a8aeb08c96c",
            "02058c50-0b90-4ed1-90fa-7b1a2f12d813",
            "c5def544-8ea7-427e-9558-3fca0a46718e",
            "2e28f0ec-c6b4-4999-bd4e-b83a480444e7",
            "7e20562d-d3a9-4211-963e-691f8eb5fb84",
            "0c120975-6c4d-4109-ac1e-1537d072a1ad",
            "45f7efda-6744-4cd3-98ce-910983892d7b",
            "5fb617ec-542d-44d2-920d-68c714cdd2b6"
          ],
          "failures": [],
          "pending": [],
          "skipped": [],
          "duration": 95889,
          "root": false,
          "rootEmpty": false,
          "_timeout": 2000
        },
        {
          "uuid": "b0fcb45b-6e92-4dc3-9f2e-9abf0ad0b669",
          "title": "Feature - 404 Not Found unknown_route : Mon Nov 30 2020 10:17:39 GMT+0000 (Greenwich Mean Time)",
          "fullFile": "",
          "file": "",
          "beforeHooks": [],
          "afterHooks": [],
          "tests": [
            {
              "title": "It should show \"404\tNot Found unknown_route\" if the user enters a bad URL",
              "fullTitle": "Feature - 404 Not Found unknown_route : Mon Nov 30 2020 10:17:39 GMT+0000 (Greenwich Mean Time) It should show \"404\tNot Found unknown_route\" if the user enters a bad URL",
              "timedOut": null,
              "duration": 194,
              "state": "passed",
              "speed": "slow",
              "pass": true,
              "fail": false,
              "pending": false,
              "context": null,
              "code": "cy.visit({\n  url: \"https://get-into-teaching-app-tests.london.cloudapps.digital//mailinglist/signup/name\",\n  method: \"GET\",\n  failOnStatusCode: false\n});\ncy.verify404ErrorMessage();",
              "err": {},
              "uuid": "8da5b89c-4712-4d8e-8e82-8a9c1969a788",
              "parentUUID": "b0fcb45b-6e92-4dc3-9f2e-9abf0ad0b669",
              "isHook": false,
              "skipped": false
            }
          ],
          "suites": [],
          "passes": [
            "8da5b89c-4712-4d8e-8e82-8a9c1969a788"
          ],
          "failures": [],
          "pending": [],
          "skipped": [],
          "duration": 194,
          "root": false,
          "rootEmpty": false,
          "_timeout": 2000
        }
      ],
      "passes": [],
      "failures": [],
      "pending": [],
      "skipped": [],
      "duration": 0,
      "root": true,
      "rootEmpty": true,
      "_timeout": 2000
    }
  ],
  "meta": {
    "mocha": {
      "version": "7.0.1"
    },
    "mochawesome": {
      "options": {
        "quiet": false,
        "reportFilename": "testreport",
        "saveHtml": false,
        "saveJson": true,
        "consoleReporter": "spec",
        "useInlineDiffs": false,
        "code": true
      },
      "version": "6.2.1"
    },
    "marge": {
      "options": {
        "id": "default",
        "reportDir": "cypress/reports",
        "reportFilename": "testreport",
        "quite": true,
        "overwrite": false,
        "html": false,
        "json": true
      },
      "version": "5.1.0"
    }
  }
}