{
  "stats": {
    "suites": 2,
    "tests": 11,
    "passes": 10,
    "pending": 0,
    "failures": 1,
    "start": "2020-11-30T23:17:28.548Z",
    "end": "2020-11-30T23:19:15.150Z",
    "duration": 106602,
    "testsRegistered": 11,
    "passPercent": 90.9090909090909,
    "pendingPercent": 0,
    "other": 0,
    "hasOther": false,
    "skipped": 0,
    "hasSkipped": false
  },
  "results": [
    {
      "uuid": "e4f1b49d-770e-4a44-88e5-452171ec8efc",
      "title": "",
      "fullFile": "cypress/integration/mailinglist-signup-flow.spec.js",
      "file": "cypress/integration/mailinglist-signup-flow.spec.js",
      "beforeHooks": [],
      "afterHooks": [],
      "tests": [],
      "suites": [
        {
          "uuid": "abfce329-f4bb-4031-8c05-8ca749c4d627",
          "title": "Feature - Mailing list sign up : Tests execution date and time : Mon Nov 30 2020 23:17:28 GMT+0000 (Coordinated Universal Time)",
          "fullFile": "",
          "file": "",
          "beforeHooks": [],
          "afterHooks": [],
          "tests": [
            {
              "title": "It shows the Sign up page",
              "fullTitle": "Feature - Mailing list sign up : Tests execution date and time : Mon Nov 30 2020 23:17:28 GMT+0000 (Coordinated Universal Time) It shows the Sign up page",
              "timedOut": null,
              "duration": 1443,
              "state": "passed",
              "speed": "slow",
              "pass": true,
              "fail": false,
              "pending": false,
              "context": null,
              "code": "cy.get(\"#edit_mailing_list_steps_name_name\").should(\"exist\");",
              "err": {},
              "uuid": "19ff5781-577d-4aa3-ab43-7ff9d6f873a7",
              "parentUUID": "abfce329-f4bb-4031-8c05-8ca749c4d627",
              "isHook": false,
              "skipped": false
            },
            {
              "title": "It shows the error message if user clicks next button without entering the mandatory details",
              "fullTitle": "Feature - Mailing list sign up : Tests execution date and time : Mon Nov 30 2020 23:17:28 GMT+0000 (Coordinated Universal Time) It shows the error message if user clicks next button without entering the mandatory details",
              "timedOut": null,
              "duration": 1674,
              "state": "passed",
              "speed": "slow",
              "pass": true,
              "fail": false,
              "pending": false,
              "context": null,
              "code": "cy.get(\"#edit_mailing_list_steps_name_name\").should(\"exist\");\nmailingListSignUp.getNextStep().click();\ncy.get(\"#error-summary-title\").should(\"exist\").should(\"have.text\", \"There is a problem\");\ncy.get(\".govuk-error-summary__list\").children().should(\"exist\").next().should(\"exist\").next().should(\"exist\");\ncy.get(\".govuk-list.govuk-error-summary__list > li:nth-child(1)\").should(\"have.text\", \"Enter your full email address\").next().should(\"have.text\", \"Enter your first name\").next().should(\"have.text\", \"Enter your last name\");",
              "err": {},
              "uuid": "2d1d130a-91f0-4f67-93b8-57856b9f6b13",
              "parentUUID": "abfce329-f4bb-4031-8c05-8ca749c4d627",
              "isHook": false,
              "skipped": false
            },
            {
              "title": "Error message link navigates to its respective field",
              "fullTitle": "Feature - Mailing list sign up : Tests execution date and time : Mon Nov 30 2020 23:17:28 GMT+0000 (Coordinated Universal Time) Error message link navigates to its respective field",
              "timedOut": null,
              "duration": 4451,
              "state": "passed",
              "speed": "slow",
              "pass": true,
              "fail": false,
              "pending": false,
              "context": null,
              "code": "mailingListSignUp.getNextStep().click();\ncy.contains(\"Enter your full email address\").should(function (el) {\n  expect(el).to.have.attr(\"href\", \"#mailing-list-steps-name-email-field-error\");\n}).click().type(\"Test_email@gmail.com\");\nmailingListSignUp.getNextStep().click();\ncy.get(\".govuk-list.govuk-error-summary__list > li:nth-child(1)\").should(\"have.text\", \"Enter your first name\").next().should(\"have.text\", \"Enter your last name\");\ncy.contains(\"Enter your first name\").should(function (el) {\n  expect(el).to.have.attr(\"href\", \"#mailing-list-steps-name-first-name-field-error\");\n}).click().type(\"Test_First_Name\");\nmailingListSignUp.getNextStep().click();\ncy.get(\".govuk-list.govuk-error-summary__list > li:nth-child(1)\").should(\"have.text\", \"Enter your last name\");",
              "err": {},
              "uuid": "868eb7bc-2e9f-4dae-b723-176eb5dc3be3",
              "parentUUID": "abfce329-f4bb-4031-8c05-8ca749c4d627",
              "isHook": false,
              "skipped": false
            },
            {
              "title": "It shows error message if user enters wrong email verification code",
              "fullTitle": "Feature - Mailing list sign up : Tests execution date and time : Mon Nov 30 2020 23:17:28 GMT+0000 (Coordinated Universal Time) It shows error message if user enters wrong email verification code",
              "timedOut": null,
              "duration": 17449,
              "state": "failed",
              "speed": null,
              "pass": false,
              "fail": true,
              "pending": false,
              "context": null,
              "code": "var rnum = Math.floor(Math.random() * 1000000000 + 1);\nvar firstName = \"Testuser\".concat(rnum, \"firstname\");\nvar lastName = \"Testuser\".concat(rnum, \"lastname\");\ncy.enterFirstNameLastNameAndEmailAddress(firstName, lastName, this.testInputData.emailAddress);\nmailingListSignUp.getNextStep().click();\ncy.degreeStage(\"Yes, I already have a degree\");\nmailingListSignUp.getNextStep().click();\nmailingListSignUp.getStage().select(this.testInputData.howCloseAreYoutoApplyingForTeacherTraining);\nmailingListSignUp.getNextStep().click();\nmailingListSignUp.getSubjectToTeach().select(this.testInputData.whichSubjectdoYouWantToTeach);\nmailingListSignUp.getNextStep().click();\nmailingListSignUp.getPostcode().type(this.testInputData.postCode);\nmailingListSignUp.getNextStep().click();\ncy.acceptPrivacyPolicy();\nmailingListSignUp.getCompleteSignUpButton().click();\nmailingListSignUp.getContent().should(\"have.text\", \"You've signed up\");\ncy.visit(\"/mailinglist/signup/name\", {\n  auth: {\n    username: Cypress.env(\"HTTPAUTH_USERNAME\"),\n    password: Cypress.env(\"HTTPAUTH_PASSWORD\")\n  }\n});\ncy.enterFirstNameLastNameAndEmailAddress(firstName, lastName, this.testInputData.emailAddress);\nmailingListSignUp.getNextStep().click();\ncy.get(\"#mailing-list-steps-authenticate-timed-one-time-password-field\").type(\"123456\");\nmailingListSignUp.getNextStep().click();\ncy.get(\"#mailing-list-steps-authenticate-timed-one-time-password-error\").should(\"exist\").should(\"have.text\", \"Error: Please enter the latest verification code sent to your email address\");",
              "err": {
                "message": "AssertionError: Timed out retrying: Expected to find element: `#mailing-list-steps-authenticate-timed-one-time-password-field`, but never found it.",
                "estack": "AssertionError: Timed out retrying: Expected to find element: `#mailing-list-steps-authenticate-timed-one-time-password-field`, but never found it.\n    at Context.eval (https://get-into-teaching-app-test.london.cloudapps.digital/__cypress/tests?p=cypress/integration/mailinglist-signup-flow.spec.js:228:8)",
                "diff": null
              },
              "uuid": "fe0a1e3a-5e9c-4f20-bd9b-2cc9f0c83317",
              "parentUUID": "abfce329-f4bb-4031-8c05-8ca749c4d627",
              "isHook": false,
              "skipped": false
            },
            {
              "title": "It resends the verification code to users email",
              "fullTitle": "Feature - Mailing list sign up : Tests execution date and time : Mon Nov 30 2020 23:17:28 GMT+0000 (Coordinated Universal Time) It resends the verification code to users email",
              "timedOut": null,
              "duration": 21617,
              "state": "passed",
              "speed": "slow",
              "pass": true,
              "fail": false,
              "pending": false,
              "context": null,
              "code": "var rnum = Math.floor(Math.random() * 1000000000 + 1);\nvar firstName = \"Testuser\".concat(rnum, \"firstname\");\nvar lastName = \"Testuser\".concat(rnum, \"lastname\");\ncy.enterFirstNameLastNameAndEmailAddress(firstName, lastName, this.testInputData.emailAddress);\nmailingListSignUp.getNextStep().click();\ncy.degreeStage(\"Yes, I already have a degree\");\nmailingListSignUp.getNextStep().click();\nmailingListSignUp.getStage().select(this.testInputData.howCloseAreYoutoApplyingForTeacherTraining);\nmailingListSignUp.getNextStep().click();\nmailingListSignUp.getSubjectToTeach().select(this.testInputData.whichSubjectdoYouWantToTeach);\nmailingListSignUp.getNextStep().click();\nmailingListSignUp.getPostcode().type(this.testInputData.postCode);\nmailingListSignUp.getNextStep().click();\ncy.acceptPrivacyPolicy();\nmailingListSignUp.getCompleteSignUpButton().click();\nmailingListSignUp.getContent().should(\"have.text\", \"You've signed up\");\ncy.visit(\"/mailinglist/signup/name\", {\n  auth: {\n    username: Cypress.env(\"HTTPAUTH_USERNAME\"),\n    password: Cypress.env(\"HTTPAUTH_PASSWORD\")\n  }\n});\ncy.enterFirstNameLastNameAndEmailAddress(firstName, lastName, this.testInputData.emailAddress);\nmailingListSignUp.getNextStep().click();\ncy.get(\"#mailing-list-steps-authenticate-timed-one-time-password-field\").type(\"123456\");\nmailingListSignUp.getNextStep().click();\ncy.get(\"#mailing-list-steps-authenticate-timed-one-time-password-error\").should(\"exist\").should(\"have.text\", \"Error: Please enter the latest verification code sent to your email address\");\ncy.contains(\"resend verification\").click();\ncy.enterEmailVerificationCodeForMailinglist();\nmailingListSignUp.getNextStep().click();\ncy.get(\"#edit_mailing_list_steps_already_subscribed_already_subscribed > h1\").should(\"exist\").should(\"have.text\", \"You’ve already signed up\");",
              "err": {},
              "uuid": "4f0a6f2d-e42b-4bc2-9cf3-4e20c9b4ce1e",
              "parentUUID": "abfce329-f4bb-4031-8c05-8ca749c4d627",
              "isHook": false,
              "skipped": false
            },
            {
              "title": "It shows 'You’ve signed up' message for new candidate",
              "fullTitle": "Feature - Mailing list sign up : Tests execution date and time : Mon Nov 30 2020 23:17:28 GMT+0000 (Coordinated Universal Time) It shows 'You’ve signed up' message for new candidate",
              "timedOut": null,
              "duration": 10900,
              "state": "passed",
              "speed": "slow",
              "pass": true,
              "fail": false,
              "pending": false,
              "context": null,
              "code": "var rnum = Math.floor(Math.random() * 1000000000 + 1);\nvar email = \"testuser\".concat(rnum.toString(), \"@mail.co.uk\");\ncy.enterFirstNameLastNameAndEmailAddress(this.testInputData.firstName, this.testInputData.lastName, email);\nmailingListSignUp.getNextStep().click();\ncy.degreeStage(\"Yes, I already have a degree\");\nmailingListSignUp.getNextStep().click();\nmailingListSignUp.getStage().select(this.testInputData.howCloseAreYoutoApplyingForTeacherTraining);\nmailingListSignUp.getNextStep().click();\nmailingListSignUp.getSubjectToTeach().select(this.testInputData.whichSubjectdoYouWantToTeach);\nmailingListSignUp.getNextStep().click();\nmailingListSignUp.getPostcode().type(this.testInputData.postCode);\nmailingListSignUp.getNextStep().click();\ncy.acceptPrivacyPolicy();\nmailingListSignUp.getCompleteSignUpButton().click();\nmailingListSignUp.getContent().should(\"have.text\", \"You've signed up\");\ncy.contains(\"Want to speak to us?\").next().children().as(\"speakToUsSection\").should(\"exist\").invoke(\"attr\", \"href\").then(function (targetLink) {\n  expect(targetLink).to.equal(\"tel:08003892501\");\n});\ncy.get(\"@speakToUsSection\").then(function (phoneNumber) {\n  cy.log();\n  expect(phoneNumber.text()).to.equal(\"0800 389 2501\");\n});",
              "err": {},
              "uuid": "621733c5-82e5-41cc-aa5f-13e8691dfe4a",
              "parentUUID": "abfce329-f4bb-4031-8c05-8ca749c4d627",
              "isHook": false,
              "skipped": false
            },
            {
              "title": "It shows \"Youve already signed up\" message to existing candidate",
              "fullTitle": "Feature - Mailing list sign up : Tests execution date and time : Mon Nov 30 2020 23:17:28 GMT+0000 (Coordinated Universal Time) It shows \"Youve already signed up\" message to existing candidate",
              "timedOut": null,
              "duration": 20993,
              "state": "passed",
              "speed": "slow",
              "pass": true,
              "fail": false,
              "pending": false,
              "context": null,
              "code": "var rnum = Math.floor(Math.random() * 1000000000 + 1);\nvar firstName = \"Testuser\".concat(rnum, \"firstname\");\nvar lastName = \"Testuser\".concat(rnum, \"lastname\");\ncy.enterFirstNameLastNameAndEmailAddress(firstName, lastName, this.testInputData.emailAddress);\nmailingListSignUp.getNextStep().click();\ncy.degreeStage(\"Yes, I already have a degree\");\nmailingListSignUp.getNextStep().click();\nmailingListSignUp.getStage().select(this.testInputData.howCloseAreYoutoApplyingForTeacherTraining);\nmailingListSignUp.getNextStep().click();\nmailingListSignUp.getSubjectToTeach().select(this.testInputData.whichSubjectdoYouWantToTeach);\nmailingListSignUp.getNextStep().click();\nmailingListSignUp.getPostcode().type(this.testInputData.postCode);\nmailingListSignUp.getNextStep().click();\ncy.acceptPrivacyPolicy();\nmailingListSignUp.getCompleteSignUpButton().click();\nmailingListSignUp.getContent().should(\"have.text\", \"You've signed up\");\ncy.visit(\"/mailinglist/signup/name\", {\n  auth: {\n    username: Cypress.env(\"HTTPAUTH_USERNAME\"),\n    password: Cypress.env(\"HTTPAUTH_PASSWORD\")\n  }\n});\ncy.enterFirstNameLastNameAndEmailAddress(firstName, lastName, this.testInputData.emailAddress);\nmailingListSignUp.getNextStep().click();\ncy.enterEmailVerificationCodeForMailinglist();\nmailingListSignUp.getNextStep().click();\ncy.get(\"#edit_mailing_list_steps_already_subscribed_already_subscribed > h1\").should(\"exist\").should(\"have.text\", \"You’ve already signed up\");",
              "err": {},
              "uuid": "ae01c161-a1bf-4885-9e1e-c08fd60c6f7e",
              "parentUUID": "abfce329-f4bb-4031-8c05-8ca749c4d627",
              "isHook": false,
              "skipped": false
            },
            {
              "title": "It shows Privacy policy details to the user if he clicks on link",
              "fullTitle": "Feature - Mailing list sign up : Tests execution date and time : Mon Nov 30 2020 23:17:28 GMT+0000 (Coordinated Universal Time) It shows Privacy policy details to the user if he clicks on link",
              "timedOut": null,
              "duration": 6383,
              "state": "passed",
              "speed": "slow",
              "pass": true,
              "fail": false,
              "pending": false,
              "context": null,
              "code": "var rnum = Math.floor(Math.random() * 1000000000 + 1);\nvar email = \"testuser\".concat(rnum.toString(), \"@mail.co.uk\");\ncy.enterFirstNameLastNameAndEmailAddress(this.testInputData.firstName, this.testInputData.lastName, email);\nmailingListSignUp.getNextStep().click();\ncy.degreeStage(\"Yes, I already have a degree\");\nmailingListSignUp.getNextStep().click();\nmailingListSignUp.getStage().select(this.testInputData.howCloseAreYoutoApplyingForTeacherTraining);\nmailingListSignUp.getNextStep().click();\nmailingListSignUp.getSubjectToTeach().select(this.testInputData.whichSubjectdoYouWantToTeach);\nmailingListSignUp.getNextStep().click();\nmailingListSignUp.getPostcode().type(this.testInputData.postCode);\nmailingListSignUp.getNextStep().click();\ncy.contains(\"a\", \"privacy policy\").invoke(\"removeAttr\", \"target\").click();\ncy.contains(\"Privacy Policy\").should(\"exist\");\ncy.contains(\"Privacy Notice: Get into Teaching Information Service\").should(\"exist\");\ncy.get(\".site-footer-top\").should(\"exist\").next().should(\"exist\");",
              "err": {},
              "uuid": "221c25c4-ed91-4335-95c5-36d4b7341011",
              "parentUUID": "abfce329-f4bb-4031-8c05-8ca749c4d627",
              "isHook": false,
              "skipped": false
            },
            {
              "title": "Links through to feedback survey page",
              "fullTitle": "Feature - Mailing list sign up : Tests execution date and time : Mon Nov 30 2020 23:17:28 GMT+0000 (Coordinated Universal Time) Links through to feedback survey page",
              "timedOut": null,
              "duration": 9692,
              "state": "passed",
              "speed": "slow",
              "pass": true,
              "fail": false,
              "pending": false,
              "context": null,
              "code": "var rnum = Math.floor(Math.random() * 1000000000 + 1);\nvar email = \"testuser\".concat(rnum.toString(), \"@mail.co.uk\");\ncy.enterFirstNameLastNameAndEmailAddress(this.testInputData.firstName, this.testInputData.lastName, email);\nmailingListSignUp.getNextStep().click();\ncy.degreeStage(\"Yes, I already have a degree\");\nmailingListSignUp.getNextStep().click();\nmailingListSignUp.getStage().select(this.testInputData.howCloseAreYoutoApplyingForTeacherTraining);\nmailingListSignUp.getNextStep().click();\nmailingListSignUp.getSubjectToTeach().select(this.testInputData.whichSubjectdoYouWantToTeach);\nmailingListSignUp.getNextStep().click();\nmailingListSignUp.getPostcode().type(this.testInputData.postCode);\nmailingListSignUp.getNextStep().click();\ncy.acceptPrivacyPolicy();\nmailingListSignUp.getCompleteSignUpButton().click();\nmailingListSignUp.getContent().should(\"have.text\", \"You've signed up\");\ncy.contains(\"Want to speak to us?\").next().children().as(\"speakToUsSection\").should(\"exist\").invoke(\"attr\", \"href\").then(function (targetLink) {\n  expect(targetLink).to.equal(\"tel:08003892501\");\n});\ncy.get(\"@speakToUsSection\").then(function (phoneNumber) {\n  cy.log();\n  expect(phoneNumber.text()).to.equal(\"0800 389 2501\");\n});\ncy.contains(\"a\", \"feedback on this website\").invoke(\"removeAttr\", \"target\").click();\ncy.get(\".freebirdFormviewerViewHeaderTitle\").should(\"exist\").should(\"have.text\", \"Get into Teaching: Feedback Survey\");",
              "err": {},
              "uuid": "1e67e36a-b73c-47e6-9f2d-8c2a3db730a0",
              "parentUUID": "abfce329-f4bb-4031-8c05-8ca749c4d627",
              "isHook": false,
              "skipped": false
            },
            {
              "title": "It hides the feedback bar if user clicks on \"Hide\" link",
              "fullTitle": "Feature - Mailing list sign up : Tests execution date and time : Mon Nov 30 2020 23:17:28 GMT+0000 (Coordinated Universal Time) It hides the feedback bar if user clicks on \"Hide\" link",
              "timedOut": null,
              "duration": 8604,
              "state": "passed",
              "speed": "slow",
              "pass": true,
              "fail": false,
              "pending": false,
              "context": null,
              "code": "var rnum = Math.floor(Math.random() * 1000000000 + 1);\nvar email = \"testuser\".concat(rnum.toString(), \"@mail.co.uk\");\ncy.enterFirstNameLastNameAndEmailAddress(this.testInputData.firstName, this.testInputData.lastName, email);\nmailingListSignUp.getNextStep().click();\ncy.degreeStage(\"Yes, I already have a degree\");\nmailingListSignUp.getNextStep().click();\nmailingListSignUp.getStage().select(this.testInputData.howCloseAreYoutoApplyingForTeacherTraining);\nmailingListSignUp.getNextStep().click();\nmailingListSignUp.getSubjectToTeach().select(this.testInputData.whichSubjectdoYouWantToTeach);\nmailingListSignUp.getNextStep().click();\nmailingListSignUp.getPostcode().type(this.testInputData.postCode);\nmailingListSignUp.getNextStep().click();\ncy.acceptPrivacyPolicy();\nmailingListSignUp.getCompleteSignUpButton().click();\nmailingListSignUp.getContent().should(\"have.text\", \"You've signed up\");\ncy.contains(\"Want to speak to us?\").next().children().as(\"speakToUsSection\").should(\"exist\").invoke(\"attr\", \"href\").then(function (targetLink) {\n  expect(targetLink).to.equal(\"tel:08003892501\");\n});\ncy.get(\"@speakToUsSection\").then(function (phoneNumber) {\n  cy.log();\n  expect(phoneNumber.text()).to.equal(\"0800 389 2501\");\n});\ncy.get(\"#hide-feedback-bar\").click();\ncy.contains(\"a\", \"feedback on this website\").should(\"not.be.visible\");",
              "err": {},
              "uuid": "54c8031d-4bc5-4aa5-aed0-df6fdc184d4c",
              "parentUUID": "abfce329-f4bb-4031-8c05-8ca749c4d627",
              "isHook": false,
              "skipped": false
            }
          ],
          "suites": [],
          "passes": [
            "19ff5781-577d-4aa3-ab43-7ff9d6f873a7",
            "2d1d130a-91f0-4f67-93b8-57856b9f6b13",
            "868eb7bc-2e9f-4dae-b723-176eb5dc3be3",
            "4f0a6f2d-e42b-4bc2-9cf3-4e20c9b4ce1e",
            "621733c5-82e5-41cc-aa5f-13e8691dfe4a",
            "ae01c161-a1bf-4885-9e1e-c08fd60c6f7e",
            "221c25c4-ed91-4335-95c5-36d4b7341011",
            "1e67e36a-b73c-47e6-9f2d-8c2a3db730a0",
            "54c8031d-4bc5-4aa5-aed0-df6fdc184d4c"
          ],
          "failures": [
            "fe0a1e3a-5e9c-4f20-bd9b-2cc9f0c83317"
          ],
          "pending": [],
          "skipped": [],
          "duration": 103206,
          "root": false,
          "rootEmpty": false,
          "_timeout": 2000
        },
        {
          "uuid": "e8de65e7-cda4-4d78-8043-0e5f5fb024f0",
          "title": "Feature - 404 Not Found unknown_route : Mon Nov 30 2020 23:19:14 GMT+0000 (Coordinated Universal Time)",
          "fullFile": "",
          "file": "",
          "beforeHooks": [],
          "afterHooks": [],
          "tests": [
            {
              "title": "It should show \"404\tNot Found unknown_route\" if the user enters a bad URL",
              "fullTitle": "Feature - 404 Not Found unknown_route : Mon Nov 30 2020 23:19:14 GMT+0000 (Coordinated Universal Time) It should show \"404\tNot Found unknown_route\" if the user enters a bad URL",
              "timedOut": null,
              "duration": 306,
              "state": "passed",
              "speed": "slow",
              "pass": true,
              "fail": false,
              "pending": false,
              "context": null,
              "code": "cy.visit({\n  url: \"https://get-into-teaching-app-tests.london.cloudapps.digital//mailinglist/signup/name\",\n  method: \"GET\",\n  failOnStatusCode: false\n});\ncy.verify404ErrorMessage();",
              "err": {},
              "uuid": "3e26273a-ee94-4207-be40-9f39a5dfdd82",
              "parentUUID": "e8de65e7-cda4-4d78-8043-0e5f5fb024f0",
              "isHook": false,
              "skipped": false
            }
          ],
          "suites": [],
          "passes": [
            "3e26273a-ee94-4207-be40-9f39a5dfdd82"
          ],
          "failures": [],
          "pending": [],
          "skipped": [],
          "duration": 306,
          "root": false,
          "rootEmpty": false,
          "_timeout": 2000
        }
      ],
      "passes": [],
      "failures": [],
      "pending": [],
      "skipped": [],
      "duration": 0,
      "root": true,
      "rootEmpty": true,
      "_timeout": 2000
    }
  ],
  "meta": {
    "mocha": {
      "version": "7.0.1"
    },
    "mochawesome": {
      "options": {
        "quiet": false,
        "reportFilename": "testreport",
        "saveHtml": false,
        "saveJson": true,
        "consoleReporter": "spec",
        "useInlineDiffs": false,
        "code": true
      },
      "version": "6.2.1"
    },
    "marge": {
      "options": {
        "id": "default",
        "reportDir": "cypress/reports",
        "reportFilename": "testreport",
        "quite": true,
        "overwrite": false,
        "html": false,
        "json": true
      },
      "version": "5.1.0"
    }
  }
}