{
  "stats": {
    "suites": 4,
    "tests": 73,
    "passes": 73,
    "pending": 0,
    "failures": 0,
    "start": "2020-11-30T23:19:44.119Z",
    "end": "2020-11-30T23:30:55.828Z",
    "duration": 671709,
    "testsRegistered": 73,
    "passPercent": 100,
    "pendingPercent": 0,
    "other": 0,
    "hasOther": false,
    "skipped": 0,
    "hasSkipped": false
  },
  "results": [
    {
      "uuid": "2af5b903-ade4-4a40-a141-d3f72f7f6add",
      "title": "",
      "fullFile": "cypress/integration/teacher-training-adviser.spec.js",
      "file": "cypress/integration/teacher-training-adviser.spec.js",
      "beforeHooks": [],
      "afterHooks": [],
      "tests": [],
      "suites": [
        {
          "uuid": "bcf62e83-d1f6-4841-b5c9-6e80aaec9d6e",
          "title": "Feature - Get an adviser : Tests execution date and time : Mon Nov 30 2020 23:19:46 GMT+0000 (Coordinated Universal Time)",
          "fullFile": "",
          "file": "",
          "beforeHooks": [],
          "afterHooks": [],
          "tests": [
            {
              "title": "Has no detectable a11y violations on load",
              "fullTitle": "Feature - Get an adviser : Tests execution date and time : Mon Nov 30 2020 23:19:46 GMT+0000 (Coordinated Universal Time) Has no detectable a11y violations on load",
              "timedOut": null,
              "duration": 1602,
              "state": "passed",
              "speed": "slow",
              "pass": true,
              "fail": false,
              "pending": false,
              "context": null,
              "code": "// Test the page at initial load\ncy.checkA11y();",
              "err": {},
              "uuid": "802674d0-da5c-4831-905c-bf73e704906c",
              "parentUUID": "bcf62e83-d1f6-4841-b5c9-6e80aaec9d6e",
              "isHook": false,
              "skipped": false
            },
            {
              "title": "Has no detectable a11y violations on load (filtering to only include critical impact violations)",
              "fullTitle": "Feature - Get an adviser : Tests execution date and time : Mon Nov 30 2020 23:19:46 GMT+0000 (Coordinated Universal Time) Has no detectable a11y violations on load (filtering to only include critical impact violations)",
              "timedOut": null,
              "duration": 907,
              "state": "passed",
              "speed": "slow",
              "pass": true,
              "fail": false,
              "pending": false,
              "context": null,
              "code": "// Test on initial load, only report and assert for critical impact items\ncy.checkA11y(null, {\n  includedImpacts: [\"critical\"]\n});",
              "err": {},
              "uuid": "50e8d388-c906-4cd8-be73-a15f261fbafd",
              "parentUUID": "bcf62e83-d1f6-4841-b5c9-6e80aaec9d6e",
              "isHook": false,
              "skipped": false
            },
            {
              "title": "Logs violations to the terminal",
              "fullTitle": "Feature - Get an adviser : Tests execution date and time : Mon Nov 30 2020 23:19:46 GMT+0000 (Coordinated Universal Time) Logs violations to the terminal",
              "timedOut": null,
              "duration": 791,
              "state": "passed",
              "speed": "slow",
              "pass": true,
              "fail": false,
              "pending": false,
              "context": null,
              "code": "cy.checkA11y(null, null, terminalLog);",
              "err": {},
              "uuid": "f6e5d005-d91a-4221-b686-6c641dfe70cb",
              "parentUUID": "bcf62e83-d1f6-4841-b5c9-6e80aaec9d6e",
              "isHook": false,
              "skipped": false
            },
            {
              "title": "It shows \"Thank you  Sign up complete\" message to UK returner user",
              "fullTitle": "Feature - Get an adviser : Tests execution date and time : Mon Nov 30 2020 23:19:46 GMT+0000 (Coordinated Universal Time) It shows \"Thank you  Sign up complete\" message to UK returner user",
              "timedOut": null,
              "duration": 8791,
              "state": "passed",
              "speed": "slow",
              "pass": true,
              "fail": false,
              "pending": false,
              "context": null,
              "code": "var rnum = Math.floor(Math.random() * 10000000 + 1);\nvar firstName = \"First_\" + rnum + \"_name\";\nvar lastName = \"Last_\" + rnum + \"_name\";\nteacherTrainingAdviser.getFirstName().type(firstName);\nteacherTrainingAdviser.getLastName().type(lastName);\nteacherTrainingAdviser.getEmailAddress().type(this.testData.email);\nteacherTrainingAdviser.getContinueButton().click();\ncy.returningToTeaching(true);\ncy.havePreviousTeacherReferenceNumber(true);\ncy.enterPreviousTeacherReferenceNumber(23478463);\ncy.selectPreviuosMainSubject(\"Computing\");\ncy.selectSubjectLikeToTeach(\"Physics\");\ncy.enterDateOfBirth(\"25\", \"02\", \"1986\");\ncy.doYouLiveInTheUk(true);\ncy.enterUKCandidateAddress(\"55\", \"Hollinswood\", \"Telford\", \"TF3 2BT\");\ncy.enterUKTelephoneNumber(\"012345678\");\ncy.verifyCheckYourAnswersMessage();\ncy.contains(\"Name\").next().contains(firstName + \" \" + lastName);\ncy.contains(\"Date of birth\").next().contains(\"25 02 1986\");\ncy.contains(\"Address\").next().contains(\"55 Hollinswood Telford TF3 2BT\");\ncy.contains(\"Email\").next().contains(this.testData.email);\ncy.contains(\"Telephone\").next().contains(\"012345678\");\ncy.contains(\"Are you returning to teaching?\").next().contains(\"Yes\");\ncy.contains(\"What is your previous teacher reference number?\").next().contains(\"23478463\");\ncy.contains(\"Which main subject did you previously teach?\").next().contains(\"Computing\");\ncy.contains(\"Which subject would you like to teach if you return to teaching?\").next().contains(\"Physics\");\ncy.contains(\"Where do you live?\").next().contains(\"UK\");\ncy.clickOnContinueButton();\ncy.acceptPolicy();\ncy.verifySignUpCompleteMessage();",
              "err": {},
              "uuid": "9fc68887-84b4-4720-aa2c-88fab208027e",
              "parentUUID": "bcf62e83-d1f6-4841-b5c9-6e80aaec9d6e",
              "isHook": false,
              "skipped": false
            },
            {
              "title": "It shows \"Get support\" message to the UK returner if he selects subject as \"Other\"",
              "fullTitle": "Feature - Get an adviser : Tests execution date and time : Mon Nov 30 2020 23:19:46 GMT+0000 (Coordinated Universal Time) It shows \"Get support\" message to the UK returner if he selects subject as \"Other\"",
              "timedOut": null,
              "duration": 4557,
              "state": "passed",
              "speed": "slow",
              "pass": true,
              "fail": false,
              "pending": false,
              "context": null,
              "code": "cy.enterFirstNameLastNameandEmail(this.testData.firstName, this.testData.lastName, this.testData.email);\ncy.returningToTeaching(true);\ncy.havePreviousTeacherReferenceNumber(true);\ncy.enterPreviousTeacherReferenceNumber(23478463);\ncy.selectPreviuosMainSubject(\"Computing\");\ncy.selectSubjectLikeToTeach(\"Other\");\ncy.get(\".govuk-heading-l\").should(\"exist\").should(\"have.text\", \"Get support\");",
              "err": {},
              "uuid": "153e2096-7425-4c9e-b1f2-9bc3eb95cafa",
              "parentUUID": "bcf62e83-d1f6-4841-b5c9-6e80aaec9d6e",
              "isHook": false,
              "skipped": false
            },
            {
              "title": "It navigates to mailinglist sign up page if user clicks on \"send you information via email \" link",
              "fullTitle": "Feature - Get an adviser : Tests execution date and time : Mon Nov 30 2020 23:19:46 GMT+0000 (Coordinated Universal Time) It navigates to mailinglist sign up page if user clicks on \"send you information via email \" link",
              "timedOut": null,
              "duration": 4637,
              "state": "passed",
              "speed": "slow",
              "pass": true,
              "fail": false,
              "pending": false,
              "context": null,
              "code": "cy.enterFirstNameLastNameandEmail(this.testData.firstName, this.testData.lastName, this.testData.email);\ncy.returningToTeaching(true);\ncy.havePreviousTeacherReferenceNumber(true);\ncy.enterPreviousTeacherReferenceNumber(23478463);\ncy.selectPreviuosMainSubject(\"Computing\");\ncy.selectSubjectLikeToTeach(\"Other\");\ncy.get(\".govuk-heading-l\").should(\"exist\").should(\"have.text\", \"Get support\");\ncy.contains(\"a\", \"send you information via email\").invoke(\"attr\", \"href\").then(function (val) {\n  cy.request({\n    url: val,\n    method: \"GET\",\n    auth: {\n      username: Cypress.env(\"HTTPAUTH_USERNAME\"),\n      password: Cypress.env(\"HTTPAUTH_PASSWORD\")\n    }\n  });\n}).as(\"linkResponse\");\ncy.get(\"@linkResponse\").then(function (response) {\n  expect(response.status).to.eq(200);\n});",
              "err": {},
              "uuid": "47f35c71-2cfe-406b-b9e1-aafbd9f9cf34",
              "parentUUID": "bcf62e83-d1f6-4841-b5c9-6e80aaec9d6e",
              "isHook": false,
              "skipped": false
            },
            {
              "title": "It navigates to \"Find an event near you\" page if user clicks on \"attending a return to teaching event\" link",
              "fullTitle": "Feature - Get an adviser : Tests execution date and time : Mon Nov 30 2020 23:19:46 GMT+0000 (Coordinated Universal Time) It navigates to \"Find an event near you\" page if user clicks on \"attending a return to teaching event\" link",
              "timedOut": null,
              "duration": 4521,
              "state": "passed",
              "speed": "slow",
              "pass": true,
              "fail": false,
              "pending": false,
              "context": null,
              "code": "cy.enterFirstNameLastNameandEmail(this.testData.firstName, this.testData.lastName, this.testData.email);\ncy.returningToTeaching(true);\ncy.havePreviousTeacherReferenceNumber(true);\ncy.enterPreviousTeacherReferenceNumber(23478463);\ncy.selectPreviuosMainSubject(\"Computing\");\ncy.selectSubjectLikeToTeach(\"Other\");\ncy.get(\".govuk-heading-l\").should(\"exist\").should(\"have.text\", \"Get support\");\ncy.contains(\"a\", \"attending a return to teaching event\").invoke(\"attr\", \"href\").then(function (val) {\n  cy.request({\n    url: val,\n    method: \"GET\",\n    auth: {\n      username: Cypress.env(\"HTTPAUTH_USERNAME\"),\n      password: Cypress.env(\"HTTPAUTH_PASSWORD\")\n    }\n  });\n}).as(\"linkResponse\");\ncy.get(\"@linkResponse\").then(function (response) {\n  expect(response.status).to.eq(200);\n});",
              "err": {},
              "uuid": "562877d8-b611-4b4f-9db9-6c8a21ba9b62",
              "parentUUID": "bcf62e83-d1f6-4841-b5c9-6e80aaec9d6e",
              "isHook": false,
              "skipped": false
            },
            {
              "title": "It shows the error message if user clicks continiue button without selecting subject",
              "fullTitle": "Feature - Get an adviser : Tests execution date and time : Mon Nov 30 2020 23:19:46 GMT+0000 (Coordinated Universal Time) It shows the error message if user clicks continiue button without selecting subject",
              "timedOut": null,
              "duration": 4316,
              "state": "passed",
              "speed": "slow",
              "pass": true,
              "fail": false,
              "pending": false,
              "context": null,
              "code": "cy.enterFirstNameLastNameandEmail(this.testData.firstName, this.testData.lastName, this.testData.email);\ncy.returningToTeaching(true);\ncy.havePreviousTeacherReferenceNumber(true);\ncy.enterPreviousTeacherReferenceNumber(23478463);\ncy.selectPreviuosMainSubject(\"Computing\");\ncy.clickOnContinueButton();\ncy.get(\"#error-summary-title\").should(\"exist\").should(\"have.text\", \"There is a problem\").next().should(\"have.text\", \"Choose a subject or other\");",
              "err": {},
              "uuid": "ac139041-21cc-45f6-9f61-a832f2d75d31",
              "parentUUID": "bcf62e83-d1f6-4841-b5c9-6e80aaec9d6e",
              "isHook": false,
              "skipped": false
            },
            {
              "title": "It shows \"Thank you  Sign up complete\" message to overseas returner user",
              "fullTitle": "Feature - Get an adviser : Tests execution date and time : Mon Nov 30 2020 23:19:46 GMT+0000 (Coordinated Universal Time) It shows \"Thank you  Sign up complete\" message to overseas returner user",
              "timedOut": null,
              "duration": 7829,
              "state": "passed",
              "speed": "slow",
              "pass": true,
              "fail": false,
              "pending": false,
              "context": null,
              "code": "cy.enterFirstNameLastNameandEmail(this.testData.firstName, this.testData.lastName, this.testData.email);\ncy.returningToTeaching(true);\ncy.havePreviousTeacherReferenceNumber(true);\ncy.enterPreviousTeacherReferenceNumber(23478463);\ncy.selectPreviuosMainSubject(\"Biology\");\ncy.selectSubjectLikeToTeach(\"Maths\");\ncy.enterDateOfBirth(\"20\", \"07\", \"2000\");\ncy.doYouLiveInTheUk(false);\ncy.whichCountryDoYouLiveIn(\"Switzerland\");\ncy.enterOverseasTelephoneNumber(\"0012354758\");\ncy.verifyCheckYourAnswersMessage();\ncy.clickOnContinueButton();\ncy.acceptPolicy();\ncy.verifySignUpCompleteMessage();",
              "err": {},
              "uuid": "24c1f03f-cc62-484d-b91e-c3c2e2c915fc",
              "parentUUID": "bcf62e83-d1f6-4841-b5c9-6e80aaec9d6e",
              "isHook": false,
              "skipped": false
            },
            {
              "title": "It shows \"Thank you  Sign up complete\" to non-returner UK user, interesed in primary stage teaching, have grade 4 (C) or above in english, maths and science GCSE",
              "fullTitle": "Feature - Get an adviser : Tests execution date and time : Mon Nov 30 2020 23:19:46 GMT+0000 (Coordinated Universal Time) It shows \"Thank you  Sign up complete\" to non-returner UK user, interesed in primary stage teaching, have grade 4 (C) or above in english, maths and science GCSE",
              "timedOut": null,
              "duration": 14595,
              "state": "passed",
              "speed": "slow",
              "pass": true,
              "fail": false,
              "pending": false,
              "context": null,
              "code": "/*Are you returning to teaching? - No\n  Do you have a degree? - Yes\n  Which stage are you interested in teaching? - primary \n  Do you have grade 4 (C) or above in English and maths GCSEs, or equivalent? -Yes\n  Do you have grade 4 (C) or above in GCSE science, or equivalent? - Yes\n  UK user\n*/\ncy.enterFirstNameLastNameandEmail(this.testData.firstName, this.testData.lastName, this.testData.email);\ncy.returningToTeaching(false);\ncy.doYouHaveDegree(\"Yes\");\ncy.selectWhatSubjectIsYourDegree(\"Dance\");\ncy.selectWhichClassIsYourDegree(\"2:2\");\ncy.wait(1000);\ncy.selectStage(\"Primary\");\ncy.gcseMathsAndEnglish(true);\ncy.gcseScience(true);\ncy.whenDoYouWantToStartYourTeacherTraining(\"2021\");\ncy.enterDateOfBirth(\"31\", \"03\", \"1985\");\ncy.doYouLiveInTheUk(true);\ncy.enterUKCandidateAddress(\"21\", \"Victoria Embankment\", \"Darlington\", \"DL1 5JR\");\ncy.enterUKTelephoneNumber(\"0125234490\");\ncy.verifyCheckYourAnswersMessage();\ncy.clickOnContinueButton();\ncy.acceptPolicy();\ncy.verifySignUpCompleteMessage();",
              "err": {},
              "uuid": "f216d862-4819-411a-9233-eac1f65213db",
              "parentUUID": "bcf62e83-d1f6-4841-b5c9-6e80aaec9d6e",
              "isHook": false,
              "skipped": false
            },
            {
              "title": "It shows \"Thank you  Sign up complete\" to non-returner overseas user, interesed in primary stage teaching, have grade 4 (C) or above in english, maths and science GCSE",
              "fullTitle": "Feature - Get an adviser : Tests execution date and time : Mon Nov 30 2020 23:19:46 GMT+0000 (Coordinated Universal Time) It shows \"Thank you  Sign up complete\" to non-returner overseas user, interesed in primary stage teaching, have grade 4 (C) or above in english, maths and science GCSE",
              "timedOut": null,
              "duration": 13452,
              "state": "passed",
              "speed": "slow",
              "pass": true,
              "fail": false,
              "pending": false,
              "context": null,
              "code": "/*Are you returning to teaching? - No\n  Do you have a degree? - Yes\n  Which stage are you interested in teaching? - primary\n  Do you have grade 4 (C) or above in English and maths GCSEs, or equivalent? -Yes\n  Do you have grade 4 (C) or above in GCSE science, or equivalent? - Yes\n  Overseas user\n*/\ncy.enterFirstNameLastNameandEmail(this.testData.firstName, this.testData.lastName, this.testData.email);\ncy.returningToTeaching(false);\ncy.doYouHaveDegree(\"Yes\");\ncy.selectWhatSubjectIsYourDegree(\"Dance\");\ncy.selectWhichClassIsYourDegree(\"2:2\");\ncy.wait(1000);\ncy.selectStage(\"Primary\");\ncy.gcseMathsAndEnglish(true);\ncy.gcseScience(true);\ncy.whenDoYouWantToStartYourTeacherTraining(\"2021\");\ncy.enterDateOfBirth(\"31\", \"03\", \"1985\");\ncy.doYouLiveInTheUk(false);\ncy.whichCountryDoYouLiveIn(\"Brazil\");\ncy.enterOverseasTelephoneNumber(this.testData.phoneNumber);\ncy.verifyCheckYourAnswersMessage();\ncy.clickOnContinueButton();\ncy.acceptPolicy();\ncy.verifySignUpCompleteMessage();",
              "err": {},
              "uuid": "a1c79245-0b25-483c-8cf3-61933143318b",
              "parentUUID": "bcf62e83-d1f6-4841-b5c9-6e80aaec9d6e",
              "isHook": false,
              "skipped": false
            },
            {
              "title": "It shows \"Thank you  Sign up complete\" to non-returner UK user, interesed in primary stage teaching, have grade 4 (C) or above in English and maths GCSE not in science GCSE but planning to retake science GCSE",
              "fullTitle": "Feature - Get an adviser : Tests execution date and time : Mon Nov 30 2020 23:19:46 GMT+0000 (Coordinated Universal Time) It shows \"Thank you  Sign up complete\" to non-returner UK user, interesed in primary stage teaching, have grade 4 (C) or above in English and maths GCSE not in science GCSE but planning to retake science GCSE",
              "timedOut": null,
              "duration": 15166,
              "state": "passed",
              "speed": "slow",
              "pass": true,
              "fail": false,
              "pending": false,
              "context": null,
              "code": "/*Are you returning to teaching? - No\n  Do you have a degree? - Yes\n  Which stage are you interested in teaching? - primary\n  Do you have grade 4 (C) or above in English and maths GCSEs, or equivalent? -Yes\n  Do you have grade 4 (C) or above in GCSE science, or equivalent? - No\n  Are you planning to retake your science GCSE? - Yes\n  UK user\n*/\ncy.enterFirstNameLastNameandEmail(this.testData.firstName, this.testData.lastName, this.testData.email);\ncy.returningToTeaching(false);\ncy.doYouHaveDegree(\"Yes\");\ncy.selectWhatSubjectIsYourDegree(\"Dance\");\ncy.selectWhichClassIsYourDegree(\"2:2\");\ncy.wait(1000);\ncy.selectStage(\"Primary\");\ncy.gcseMathsAndEnglish(true);\ncy.gcseScience(false);\ncy.retakeGcseScience(true);\ncy.whenDoYouWantToStartYourTeacherTraining(\"2021\");\ncy.enterDateOfBirth(\"31\", \"03\", \"1985\");\ncy.doYouLiveInTheUk(true);\ncy.enterUKCandidateAddress(\"21\", \"Victoria Embankment\", \"Darlington\", \"DL1 5JR\");\ncy.enterUKTelephoneNumber(\"0125234490\");\ncy.verifyCheckYourAnswersMessage();\ncy.clickOnContinueButton();\ncy.acceptPolicy();\ncy.verifySignUpCompleteMessage();",
              "err": {},
              "uuid": "8c5afeca-4ede-4630-8d76-164a447011c4",
              "parentUUID": "bcf62e83-d1f6-4841-b5c9-6e80aaec9d6e",
              "isHook": false,
              "skipped": false
            },
            {
              "title": "It shows \"Thank you  Sign up complete\" to non-returner overseas user, interesed in primary stage teaching, have grade 4 (C) or above in English and maths GCSE not in science GCSE but planning to retake science GCSE",
              "fullTitle": "Feature - Get an adviser : Tests execution date and time : Mon Nov 30 2020 23:19:46 GMT+0000 (Coordinated Universal Time) It shows \"Thank you  Sign up complete\" to non-returner overseas user, interesed in primary stage teaching, have grade 4 (C) or above in English and maths GCSE not in science GCSE but planning to retake science GCSE",
              "timedOut": null,
              "duration": 13832,
              "state": "passed",
              "speed": "slow",
              "pass": true,
              "fail": false,
              "pending": false,
              "context": null,
              "code": "/*Are you returning to teaching? - No\n  Do you have a degree? - Yes\n  Which stage are you interested in teaching? - primary\n  Do you have grade 4 (C) or above in English and maths GCSEs, or equivalent? -Yes\n  Do you have grade 4 (C) or above in GCSE science, or equivalent? - No\n  Are you planning to retake your science GCSE? - Yes\n  Overseas user\n*/\ncy.enterFirstNameLastNameandEmail(this.testData.firstName, this.testData.lastName, this.testData.email);\ncy.returningToTeaching(false);\ncy.doYouHaveDegree(\"Yes\");\ncy.selectWhatSubjectIsYourDegree(\"Dance\");\ncy.selectWhichClassIsYourDegree(\"2:2\");\ncy.wait(1000);\ncy.selectStage(\"Primary\");\ncy.gcseMathsAndEnglish(true);\ncy.gcseScience(false);\ncy.retakeGcseScience(true);\ncy.whenDoYouWantToStartYourTeacherTraining(\"2021\");\ncy.enterDateOfBirth(\"31\", \"03\", \"1985\");\ncy.doYouLiveInTheUk(false);\ncy.whichCountryDoYouLiveIn(\"Poland\");\ncy.enterOverseasTelephoneNumber(\"38494102834\");\ncy.verifyCheckYourAnswersMessage();\ncy.clickOnContinueButton();\ncy.acceptPolicy();\ncy.verifySignUpCompleteMessage();",
              "err": {},
              "uuid": "bd674b7d-47c6-47d7-8238-aa85f8e02495",
              "parentUUID": "bcf62e83-d1f6-4841-b5c9-6e80aaec9d6e",
              "isHook": false,
              "skipped": false
            },
            {
              "title": "It shows \"Get the right GCSEs or equivalent qualifications message\" to non-returner user, interesed in primary stage teaching, have grade 4 (C) or above in English and maths and not in science GCSE  nor planning to retake",
              "fullTitle": "Feature - Get an adviser : Tests execution date and time : Mon Nov 30 2020 23:19:46 GMT+0000 (Coordinated Universal Time) It shows \"Get the right GCSEs or equivalent qualifications message\" to non-returner user, interesed in primary stage teaching, have grade 4 (C) or above in English and maths and not in science GCSE  nor planning to retake",
              "timedOut": null,
              "duration": 7688,
              "state": "passed",
              "speed": "slow",
              "pass": true,
              "fail": false,
              "pending": false,
              "context": null,
              "code": "/*Are you returning to teaching? - No\n  Do you have a degree? - Yes\n  Which stage are you interested in teaching? - primary\n  Do you have grade 4 (C) or above in English and maths GCSEs, or equivalent? -Yes\n  Do you have grade 4 (C) or above in GCSE science, or equivalent? - No\n  Are you planning to retake your science GCSE? - No\n  //Expected page - Get the right GCSEs or equivalent qualifications\n \n*/\ncy.enterFirstNameLastNameandEmail(this.testData.firstName, this.testData.lastName, this.testData.email);\ncy.returningToTeaching(false);\ncy.doYouHaveDegree(\"Yes\");\ncy.selectWhatSubjectIsYourDegree(\"Dance\");\ncy.selectWhichClassIsYourDegree(\"2:2\");\ncy.wait(1000);\ncy.selectStage(\"Primary\");\ncy.gcseMathsAndEnglish(true);\ncy.gcseScience(false);\ncy.retakeGcseScience(false);\ncy.get(\".govuk-heading-l\").should(\"exist\").should(\"have.text\", \"Get the right GCSEs or equivalent qualifications\");",
              "err": {},
              "uuid": "cedfb291-8db6-470d-b3f7-2eb75306927a",
              "parentUUID": "bcf62e83-d1f6-4841-b5c9-6e80aaec9d6e",
              "isHook": false,
              "skipped": false
            },
            {
              "title": "It shows \"Thank you  Sign up complete\" to non-returner UK user, interesed in primary stage teaching, have no grade 4 (C) or above in English and maths GCSEs but planning to retake, have grade 4 (C) or above in GCSE science",
              "fullTitle": "Feature - Get an adviser : Tests execution date and time : Mon Nov 30 2020 23:19:46 GMT+0000 (Coordinated Universal Time) It shows \"Thank you  Sign up complete\" to non-returner UK user, interesed in primary stage teaching, have no grade 4 (C) or above in English and maths GCSEs but planning to retake, have grade 4 (C) or above in GCSE science",
              "timedOut": null,
              "duration": 15373,
              "state": "passed",
              "speed": "slow",
              "pass": true,
              "fail": false,
              "pending": false,
              "context": null,
              "code": "/*Are you returning to teaching? - No\n  Do you have a degree? - Yes\n  Which stage are you interested in teaching? - primary\n  Do you have grade 4 (C) or above in English and maths GCSEs, or equivalent? - No\n  Are you planning to retake either English or maths (or both) GCSEs, or equivalent? - Yes\n  Do you have grade 4 (C) or above in GCSE science, or equivalent? - Yes\n  UK user\n*/\ncy.enterFirstNameLastNameandEmail(this.testData.firstName, this.testData.lastName, this.testData.email);\ncy.returningToTeaching(false);\ncy.doYouHaveDegree(\"Yes\");\ncy.selectWhatSubjectIsYourDegree(\"Dance\");\ncy.selectWhichClassIsYourDegree(\"2:2\");\ncy.wait(1000);\ncy.selectStage(\"Primary\");\ncy.gcseMathsAndEnglish(false);\ncy.retakeGcseMathsAndEnglish(true);\ncy.gcseScience(true);\ncy.whenDoYouWantToStartYourTeacherTraining(\"2021\");\ncy.enterDateOfBirth(\"31\", \"03\", \"1985\");\ncy.doYouLiveInTheUk(true);\ncy.enterUKCandidateAddress(\"21\", \"Victoria Embankment\", \"Darlington\", \"DL1 5JR\");\ncy.enterUKTelephoneNumber(\"0125234490\");\ncy.verifyCheckYourAnswersMessage();\ncy.clickOnContinueButton();\ncy.acceptPolicy();\ncy.verifySignUpCompleteMessage();",
              "err": {},
              "uuid": "afd4eb8e-3e31-483e-8d9f-e17d37218fe7",
              "parentUUID": "bcf62e83-d1f6-4841-b5c9-6e80aaec9d6e",
              "isHook": false,
              "skipped": false
            },
            {
              "title": "It shows \"Thank you  Sign up complete\" to non-returner overseas user, interesed in primary stage teaching, have no grade 4 (C) or above in English and maths GCSEs but planning to retake, have grade 4 (C) or above in GCSE science",
              "fullTitle": "Feature - Get an adviser : Tests execution date and time : Mon Nov 30 2020 23:19:46 GMT+0000 (Coordinated Universal Time) It shows \"Thank you  Sign up complete\" to non-returner overseas user, interesed in primary stage teaching, have no grade 4 (C) or above in English and maths GCSEs but planning to retake, have grade 4 (C) or above in GCSE science",
              "timedOut": null,
              "duration": 13806,
              "state": "passed",
              "speed": "slow",
              "pass": true,
              "fail": false,
              "pending": false,
              "context": null,
              "code": "/*Are you returning to teaching? - No\n  Do you have a degree? - Yes\n  Which stage are you interested in teaching? - primary\n  Do you have grade 4 (C) or above in English and maths GCSEs, or equivalent? - No\n  Are you planning to retake either English or maths (or both) GCSEs, or equivalent? - Yes\n  Do you have grade 4 (C) or above in GCSE science, or equivalent? - Yes\n  Overseas user\n*/\ncy.enterFirstNameLastNameandEmail(this.testData.firstName, this.testData.lastName, this.testData.email);\ncy.returningToTeaching(false);\ncy.doYouHaveDegree(\"Yes\");\ncy.selectWhatSubjectIsYourDegree(\"Dance\");\ncy.selectWhichClassIsYourDegree(\"2:2\");\ncy.wait(1000);\ncy.selectStage(\"Primary\");\ncy.gcseMathsAndEnglish(false);\ncy.retakeGcseMathsAndEnglish(true);\ncy.gcseScience(true);\ncy.whenDoYouWantToStartYourTeacherTraining(\"2021\");\ncy.enterDateOfBirth(\"31\", \"03\", \"1985\");\ncy.doYouLiveInTheUk(false);\ncy.whichCountryDoYouLiveIn(\"Cuba\");\ncy.enterOverseasTelephoneNumber(\"38484102834\");\ncy.verifyCheckYourAnswersMessage();\ncy.clickOnContinueButton();\ncy.acceptPolicy();\ncy.verifySignUpCompleteMessage();",
              "err": {},
              "uuid": "1a756dcc-9826-4f72-a813-3474e0d33814",
              "parentUUID": "bcf62e83-d1f6-4841-b5c9-6e80aaec9d6e",
              "isHook": false,
              "skipped": false
            },
            {
              "title": "It shows \"Thank you  Sign up complete\" to non-returner UK user, interesed in primary stage teaching,have no grade 4 (C) or above in English and maths GCSEs but planning to retake, have no grade 4 (C) or above in GCSE science but planning to retake",
              "fullTitle": "Feature - Get an adviser : Tests execution date and time : Mon Nov 30 2020 23:19:46 GMT+0000 (Coordinated Universal Time) It shows \"Thank you  Sign up complete\" to non-returner UK user, interesed in primary stage teaching,have no grade 4 (C) or above in English and maths GCSEs but planning to retake, have no grade 4 (C) or above in GCSE science but planning to retake",
              "timedOut": null,
              "duration": 15884,
              "state": "passed",
              "speed": "slow",
              "pass": true,
              "fail": false,
              "pending": false,
              "context": null,
              "code": "/*Are you returning to teaching? - No\n  Do you have a degree? - Yes\n  Which stage are you interested in teaching? - primary\n  Do you have grade 4 (C) or above in English and maths GCSEs, or equivalent? - No\n  Are you planning to retake either English or maths (or both) GCSEs, or equivalent? - Yes\n  Do you have grade 4 (C) or above in GCSE science, or equivalent? - No\n  Are you planning to retake your science GCSE? - Yes\n  UK user\n*/\ncy.enterFirstNameLastNameandEmail(this.testData.firstName, this.testData.lastName, this.testData.email);\ncy.returningToTeaching(false);\ncy.doYouHaveDegree(\"Yes\");\ncy.selectWhatSubjectIsYourDegree(\"Dance\");\ncy.selectWhichClassIsYourDegree(\"2:2\");\ncy.wait(1000);\ncy.selectStage(\"Primary\");\ncy.gcseMathsAndEnglish(false);\ncy.retakeGcseMathsAndEnglish(true);\ncy.gcseScience(false);\ncy.retakeGcseScience(true);\ncy.whenDoYouWantToStartYourTeacherTraining(\"2021\");\ncy.enterDateOfBirth(\"31\", \"03\", \"1985\");\ncy.doYouLiveInTheUk(true);\ncy.enterUKCandidateAddress(\"21\", \"Victoria Embankment\", \"Darlington\", \"DL1 5JR\");\ncy.enterUKTelephoneNumber(\"0125234490\");\ncy.verifyCheckYourAnswersMessage();\ncy.clickOnContinueButton();\ncy.acceptPolicy();\ncy.verifySignUpCompleteMessage();",
              "err": {},
              "uuid": "bcd01dc5-c92a-4de1-8fca-ca13c0e37ca7",
              "parentUUID": "bcf62e83-d1f6-4841-b5c9-6e80aaec9d6e",
              "isHook": false,
              "skipped": false
            },
            {
              "title": "It shows \"Thank you  Sign up complete\" to non-returner overseas user, interesed in primary stage teaching,have no grade 4 (C) or above in English and maths GCSEs but planning to retake, have no grade 4 (C) or above in GCSE science but planning to retake",
              "fullTitle": "Feature - Get an adviser : Tests execution date and time : Mon Nov 30 2020 23:19:46 GMT+0000 (Coordinated Universal Time) It shows \"Thank you  Sign up complete\" to non-returner overseas user, interesed in primary stage teaching,have no grade 4 (C) or above in English and maths GCSEs but planning to retake, have no grade 4 (C) or above in GCSE science but planning to retake",
              "timedOut": null,
              "duration": 14142,
              "state": "passed",
              "speed": "slow",
              "pass": true,
              "fail": false,
              "pending": false,
              "context": null,
              "code": "/*Are you returning to teaching? - No\n  Do you have a degree? - Yes\n  Which stage are you interested in teaching? - primary\n  Do you have grade 4 (C) or above in English and maths GCSEs, or equivalent? - No\n  Are you planning to retake either English or maths (or both) GCSEs, or equivalent? - Yes\n  Do you have grade 4 (C) or above in GCSE science, or equivalent? - No\n  Are you planning to retake your science GCSE? - Yes\n  Overseas user\n*/\ncy.enterFirstNameLastNameandEmail(this.testData.firstName, this.testData.lastName, this.testData.email);\ncy.returningToTeaching(false);\ncy.doYouHaveDegree(\"Yes\");\ncy.selectWhatSubjectIsYourDegree(\"Dance\");\ncy.selectWhichClassIsYourDegree(\"2:2\");\ncy.wait(1000);\ncy.selectStage(\"Primary\");\ncy.gcseMathsAndEnglish(false);\ncy.retakeGcseMathsAndEnglish(true);\ncy.gcseScience(false);\ncy.retakeGcseScience(true);\ncy.whenDoYouWantToStartYourTeacherTraining(\"2021\");\ncy.enterDateOfBirth(\"31\", \"03\", \"1985\");\ncy.doYouLiveInTheUk(false);\ncy.whichCountryDoYouLiveIn(\"Cuba\");\ncy.enterOverseasTelephoneNumber(\"839494102834\");\ncy.verifyCheckYourAnswersMessage();\ncy.clickOnContinueButton();\ncy.acceptPolicy();\ncy.verifySignUpCompleteMessage();",
              "err": {},
              "uuid": "94e0e3ca-9eb7-40d2-876e-65ff72e3db42",
              "parentUUID": "bcf62e83-d1f6-4841-b5c9-6e80aaec9d6e",
              "isHook": false,
              "skipped": false
            },
            {
              "title": "It shows \"Get the right GCSEs or equivalent qualifications message\" to non-returner user, interesed in primary stage teaching,have no grade 4 (C) or above in English and maths GCSEs nor planning to retake, have no grade 4 (C) or above in GCSE science nor planning to retake",
              "fullTitle": "Feature - Get an adviser : Tests execution date and time : Mon Nov 30 2020 23:19:46 GMT+0000 (Coordinated Universal Time) It shows \"Get the right GCSEs or equivalent qualifications message\" to non-returner user, interesed in primary stage teaching,have no grade 4 (C) or above in English and maths GCSEs nor planning to retake, have no grade 4 (C) or above in GCSE science nor planning to retake",
              "timedOut": null,
              "duration": 8343,
              "state": "passed",
              "speed": "slow",
              "pass": true,
              "fail": false,
              "pending": false,
              "context": null,
              "code": "/*Are you returning to teaching? - No\n  Do you have a degree? - Yes\n  Which stage are you interested in teaching? - primary\n  Do you have grade 4 (C) or above in English and maths GCSEs, or equivalent? - No\n  Are you planning to retake either English or maths (or both) GCSEs, or equivalent? - Yes\n  Do you have grade 4 (C) or above in GCSE science, or equivalent? - No\n  Are you planning to retake your science GCSE? - No \n  Expected - Get the right GCSEs or equivalent qualifications page\n \n*/\ncy.enterFirstNameLastNameandEmail(this.testData.firstName, this.testData.lastName, this.testData.email);\ncy.returningToTeaching(false);\ncy.doYouHaveDegree(\"Yes\");\ncy.selectWhatSubjectIsYourDegree(\"Dance\");\ncy.selectWhichClassIsYourDegree(\"2:2\");\ncy.wait(1000);\ncy.selectStage(\"Primary\");\ncy.gcseMathsAndEnglish(false);\ncy.retakeGcseMathsAndEnglish(true);\ncy.gcseScience(false);\ncy.retakeGcseScience(false);\ncy.get(\".govuk-heading-l\").should(\"exist\").should(\"have.text\", \"Get the right GCSEs or equivalent qualifications\");",
              "err": {},
              "uuid": "6826de40-fdce-4faa-9ad2-7fd7a7872e6f",
              "parentUUID": "bcf62e83-d1f6-4841-b5c9-6e80aaec9d6e",
              "isHook": false,
              "skipped": false
            },
            {
              "title": "It shows \"Get the right GCSEs or equivalent qualifications\" to non-returner overseas user, have a degree, interesed in primary stage teaching,have no grade 4 (C) or above in English and maths GCSEs nor planning to retake",
              "fullTitle": "Feature - Get an adviser : Tests execution date and time : Mon Nov 30 2020 23:19:46 GMT+0000 (Coordinated Universal Time) It shows \"Get the right GCSEs or equivalent qualifications\" to non-returner overseas user, have a degree, interesed in primary stage teaching,have no grade 4 (C) or above in English and maths GCSEs nor planning to retake",
              "timedOut": null,
              "duration": 6972,
              "state": "passed",
              "speed": "slow",
              "pass": true,
              "fail": false,
              "pending": false,
              "context": null,
              "code": "/*\n  Are you returning to teaching? - No\n  Do you have a degree? - Yes\n  Which stage are you interested in teaching? - primary\n  Do you have grade 4 (C) or above in English and maths GCSEs, or equivalent? - No\n  Are you planning to retake either English or maths (or both) GCSEs, or equivalent? - No\n  Overseas user\n  Expected - Get the right GCSEs or equivalent qualifications page\n \n*/\ncy.enterFirstNameLastNameandEmail(this.testData.firstName, this.testData.lastName, this.testData.email);\ncy.returningToTeaching(false);\ncy.doYouHaveDegree(\"Yes\");\ncy.selectWhatSubjectIsYourDegree(\"Dance\");\ncy.selectWhichClassIsYourDegree(\"2:2\");\ncy.wait(1000);\ncy.selectStage(\"Primary\");\ncy.gcseMathsAndEnglish(false);\ncy.retakeGcseMathsAndEnglish(false);\ncy.get(\".govuk-heading-l\").should(\"exist\").should(\"have.text\", \"Get the right GCSEs or equivalent qualifications\");",
              "err": {},
              "uuid": "1aca3bde-51c0-41b5-8494-a6bc3986c8df",
              "parentUUID": "bcf62e83-d1f6-4841-b5c9-6e80aaec9d6e",
              "isHook": false,
              "skipped": false
            },
            {
              "title": "It shows \"Thank you  Sign up complete\" to non-returner UK user, interesed in teaching secondary stage ,have grade 4 (C) or above in English and maths GCSEs",
              "fullTitle": "Feature - Get an adviser : Tests execution date and time : Mon Nov 30 2020 23:19:46 GMT+0000 (Coordinated Universal Time) It shows \"Thank you  Sign up complete\" to non-returner UK user, interesed in teaching secondary stage ,have grade 4 (C) or above in English and maths GCSEs",
              "timedOut": null,
              "duration": 14364,
              "state": "passed",
              "speed": "slow",
              "pass": true,
              "fail": false,
              "pending": false,
              "context": null,
              "code": "/*\n  Are you returning to teaching? - No\n  Do you have a degree? - Yes\n  Which stage are you interested in teaching? - secondary\n  Do you have grade 4 (C) or above in English and maths GCSEs, or equivalent? - Yes\n  UK user\t\t \n*/\ncy.enterFirstNameLastNameandEmail(this.testData.firstName, this.testData.lastName, this.testData.email);\ncy.returningToTeaching(false);\ncy.doYouHaveDegree(\"Yes\");\ncy.selectWhatSubjectIsYourDegree(\"Dance\");\ncy.selectWhichClassIsYourDegree(\"2:2\");\ncy.wait(1000);\ncy.selectStage(\"Secondary\");\ncy.gcseMathsAndEnglish(true);\ncy.whichSubjectAreYouInterestedInTeaching(\"Computing\");\ncy.whenDoYouWantToStartYourTeacherTraining(\"2021\");\ncy.enterDateOfBirth(\"31\", \"03\", \"1985\");\ncy.doYouLiveInTheUk(true);\ncy.enterUKCandidateAddress(\"21\", \"Victoria Embankment\", \"Darlington\", \"DL1 5JR\");\ncy.enterUKTelephoneNumber(\"0125234490\");\ncy.verifyCheckYourAnswersMessage();\ncy.clickOnContinueButton();\ncy.acceptPolicy();\ncy.verifySignUpCompleteMessage();",
              "err": {},
              "uuid": "19f3eb7d-a14b-45e6-ae5c-8dd6fb69b3cf",
              "parentUUID": "bcf62e83-d1f6-4841-b5c9-6e80aaec9d6e",
              "isHook": false,
              "skipped": false
            },
            {
              "title": "It shows \"Thank you  Sign up complete\" to non-returner overseas user, interesed in teaching secondary stage, have grade 4 (C) or above in English and maths GCSEs",
              "fullTitle": "Feature - Get an adviser : Tests execution date and time : Mon Nov 30 2020 23:19:46 GMT+0000 (Coordinated Universal Time) It shows \"Thank you  Sign up complete\" to non-returner overseas user, interesed in teaching secondary stage, have grade 4 (C) or above in English and maths GCSEs",
              "timedOut": null,
              "duration": 13031,
              "state": "passed",
              "speed": "slow",
              "pass": true,
              "fail": false,
              "pending": false,
              "context": null,
              "code": "/*\n  Are you returning to teaching? - No\n  Do you have a degree? - Yes\n  Which stage are you interested in teaching? - secondary\n  Do you have grade 4 (C) or above in English and maths GCSEs, or equivalent? - Yes\n  Overseas user\t\t \n*/\ncy.enterFirstNameLastNameandEmail(this.testData.firstName, this.testData.lastName, this.testData.email);\ncy.returningToTeaching(false);\ncy.doYouHaveDegree(\"Yes\");\ncy.selectWhatSubjectIsYourDegree(\"Dance\");\ncy.selectWhichClassIsYourDegree(\"2:2\");\ncy.wait(1000);\ncy.selectStage(\"Secondary\");\ncy.gcseMathsAndEnglish(true);\ncy.whichSubjectAreYouInterestedInTeaching(\"Computing\");\ncy.whenDoYouWantToStartYourTeacherTraining(\"2021\");\ncy.enterDateOfBirth(\"31\", \"03\", \"1985\");\ncy.doYouLiveInTheUk(false);\ncy.whichCountryDoYouLiveIn(\"Cyprus\");\ncy.enterOverseasTelephoneNumber(\"36347485102834\");\ncy.verifyCheckYourAnswersMessage();\ncy.clickOnContinueButton();\ncy.acceptPolicy();\ncy.verifySignUpCompleteMessage();",
              "err": {},
              "uuid": "5886bfeb-4f7b-47a0-a25a-8da26cd9e2fc",
              "parentUUID": "bcf62e83-d1f6-4841-b5c9-6e80aaec9d6e",
              "isHook": false,
              "skipped": false
            },
            {
              "title": "It shows \"Thank you  Sign up complete\" to non-returner UK user, interesed in teaching secondary stage, have no grade 4 (C) or above in English and maths GCSEs but planning to retake",
              "fullTitle": "Feature - Get an adviser : Tests execution date and time : Mon Nov 30 2020 23:19:46 GMT+0000 (Coordinated Universal Time) It shows \"Thank you  Sign up complete\" to non-returner UK user, interesed in teaching secondary stage, have no grade 4 (C) or above in English and maths GCSEs but planning to retake",
              "timedOut": null,
              "duration": 15523,
              "state": "passed",
              "speed": "slow",
              "pass": true,
              "fail": false,
              "pending": false,
              "context": null,
              "code": "/*\n  Are you returning to teaching? - No\n  Do you have a degree? - Yes\n  Which stage are you interested in teaching? - secondary\n  Do you have grade 4 (C) or above in English and maths GCSEs, or equivalent? - No\n  Are you planning to retake either English or maths (or both) GCSEs, or equivalent? - Yes\n  UK user\t\t \n*/\ncy.enterFirstNameLastNameandEmail(this.testData.firstName, this.testData.lastName, this.testData.email);\ncy.returningToTeaching(false);\ncy.doYouHaveDegree(\"Yes\");\ncy.selectWhatSubjectIsYourDegree(\"Dance\");\ncy.selectWhichClassIsYourDegree(\"2:2\");\ncy.wait(1000);\ncy.selectStage(\"Secondary\");\ncy.gcseMathsAndEnglish(false);\ncy.retakeGcseMathsAndEnglish(true);\ncy.whichSubjectAreYouInterestedInTeaching(\"Dance\");\ncy.whenDoYouWantToStartYourTeacherTraining(\"2021\");\ncy.enterDateOfBirth(\"31\", \"03\", \"1985\");\ncy.doYouLiveInTheUk(true);\ncy.enterUKCandidateAddress(\"21\", \"Victoria Embankment\", \"Darlington\", \"DL1 5JR\");\ncy.enterUKTelephoneNumber(\"0125234490\");\ncy.verifyCheckYourAnswersMessage();\ncy.clickOnContinueButton();\ncy.acceptPolicy();\ncy.verifySignUpCompleteMessage();",
              "err": {},
              "uuid": "d8ec41c8-bd78-44b8-b2de-66ec99aa60e1",
              "parentUUID": "bcf62e83-d1f6-4841-b5c9-6e80aaec9d6e",
              "isHook": false,
              "skipped": false
            },
            {
              "title": "It shows \"Thank you  Sign up complete\" to non-returner overseas user, interesed in teaching secondary stage, have no grade 4 (C) or above in English and maths GCSEs but planning to retake",
              "fullTitle": "Feature - Get an adviser : Tests execution date and time : Mon Nov 30 2020 23:19:46 GMT+0000 (Coordinated Universal Time) It shows \"Thank you  Sign up complete\" to non-returner overseas user, interesed in teaching secondary stage, have no grade 4 (C) or above in English and maths GCSEs but planning to retake",
              "timedOut": null,
              "duration": 14098,
              "state": "passed",
              "speed": "slow",
              "pass": true,
              "fail": false,
              "pending": false,
              "context": null,
              "code": "/*\n  Are you returning to teaching? - No\n  Do you have a degree? - Yes\n  Which stage are you interested in teaching? - secondary\n  Do you have grade 4 (C) or above in English and maths GCSEs, or equivalent? - No\n  Are you planning to retake either English or maths (or both) GCSEs, or equivalent? - Yes\n  Overseas user\t\t \n*/\ncy.enterFirstNameLastNameandEmail(this.testData.firstName, this.testData.lastName, this.testData.email);\ncy.returningToTeaching(false);\ncy.doYouHaveDegree(\"Yes\");\ncy.selectWhatSubjectIsYourDegree(\"Dance\");\ncy.selectWhichClassIsYourDegree(\"2:2\");\ncy.wait(1000);\ncy.selectStage(\"Secondary\");\ncy.gcseMathsAndEnglish(false);\ncy.retakeGcseMathsAndEnglish(true);\ncy.whichSubjectAreYouInterestedInTeaching(\"Dance\");\ncy.whenDoYouWantToStartYourTeacherTraining(\"2021\");\ncy.enterDateOfBirth(\"31\", \"03\", \"1985\");\ncy.doYouLiveInTheUk(false);\ncy.whichCountryDoYouLiveIn(\"Cyprus\");\ncy.enterOverseasTelephoneNumber(\"1028343784\");\ncy.verifyCheckYourAnswersMessage();\ncy.clickOnContinueButton();\ncy.acceptPolicy();\ncy.verifySignUpCompleteMessage();",
              "err": {},
              "uuid": "9aceee48-aacd-4655-acae-5549d16c4d4e",
              "parentUUID": "bcf62e83-d1f6-4841-b5c9-6e80aaec9d6e",
              "isHook": false,
              "skipped": false
            },
            {
              "title": "It shows \"Get the right GCSEs or equivalent qualifications\" to non-returner user, interesed in teaching secondary stage, have no grade 4 (C) or above in English and maths GCSEs nor planning to retake",
              "fullTitle": "Feature - Get an adviser : Tests execution date and time : Mon Nov 30 2020 23:19:46 GMT+0000 (Coordinated Universal Time) It shows \"Get the right GCSEs or equivalent qualifications\" to non-returner user, interesed in teaching secondary stage, have no grade 4 (C) or above in English and maths GCSEs nor planning to retake",
              "timedOut": null,
              "duration": 7145,
              "state": "passed",
              "speed": "slow",
              "pass": true,
              "fail": false,
              "pending": false,
              "context": null,
              "code": "/*\n  Are you returning to teaching? - No\n  Do you have a degree? - Yes\n  Which stage are you interested in teaching? - secondary\n  Do you have grade 4 (C) or above in English and maths GCSEs, or equivalent? - No\n  Are you planning to retake either English or maths (or both) GCSEs, or equivalent? - No\n  Expected - Get the right GCSEs or equivalent qualifications page\t \n*/\ncy.enterFirstNameLastNameandEmail(this.testData.firstName, this.testData.lastName, this.testData.email);\ncy.returningToTeaching(false);\ncy.doYouHaveDegree(\"Yes\");\ncy.selectWhatSubjectIsYourDegree(\"Dance\");\ncy.selectWhichClassIsYourDegree(\"2:2\");\ncy.wait(1000);\ncy.selectStage(\"Secondary\");\ncy.gcseMathsAndEnglish(false);\ncy.retakeGcseMathsAndEnglish(false);\ncy.get(\".govuk-heading-l\").should(\"exist\").should(\"have.text\", \"Get the right GCSEs or equivalent qualifications\");",
              "err": {},
              "uuid": "096a63dc-33e2-4344-81e6-6de0867851ba",
              "parentUUID": "bcf62e83-d1f6-4841-b5c9-6e80aaec9d6e",
              "isHook": false,
              "skipped": false
            },
            {
              "title": "It shows \"If you do not have a degree page\" if non-returner user has no degree",
              "fullTitle": "Feature - Get an adviser : Tests execution date and time : Mon Nov 30 2020 23:19:46 GMT+0000 (Coordinated Universal Time) It shows \"If you do not have a degree page\" if non-returner user has no degree",
              "timedOut": null,
              "duration": 3194,
              "state": "passed",
              "speed": "slow",
              "pass": true,
              "fail": false,
              "pending": false,
              "context": null,
              "code": "/*\n  Are you returning to teaching? - No\n  Do you have a degree? - No\n  Expected - \tIf you do not have a degree page\t   \n*/\ncy.enterFirstNameLastNameandEmail(this.testData.firstName, this.testData.lastName, this.testData.email);\ncy.returningToTeaching(false);\ncy.doYouHaveDegree(\"No\");\ncy.get(\".govuk-heading-l\").should(\"exist\").should(\"have.text\", \"If you do not have a degree\");",
              "err": {},
              "uuid": "19dac504-1875-463e-af05-04fab9b4fab4",
              "parentUUID": "bcf62e83-d1f6-4841-b5c9-6e80aaec9d6e",
              "isHook": false,
              "skipped": false
            },
            {
              "title": "It shows \"Thank you  Sign up complete\" to non-returner UK user, studying for a degree, interesed in teaching primary stage, have grade 4 (C) or above in English, maths and science GCSEs",
              "fullTitle": "Feature - Get an adviser : Tests execution date and time : Mon Nov 30 2020 23:19:46 GMT+0000 (Coordinated Universal Time) It shows \"Thank you  Sign up complete\" to non-returner UK user, studying for a degree, interesed in teaching primary stage, have grade 4 (C) or above in English, maths and science GCSEs",
              "timedOut": null,
              "duration": 9923,
              "state": "passed",
              "speed": "slow",
              "pass": true,
              "fail": false,
              "pending": false,
              "context": null,
              "code": "/*\n  Are you returning to teaching? - No\n  Do you have a degree? - I'm studying for a degree\n  Which stage are you interested in teaching? - primary\n  Do you have grade 4 (C) or above in English and maths GCSEs, or equivalent? -Yes\n  Do you have grade 4 (C) or above in GCSE science, or equivalent? - Yes\n  UK user\n \t   \n*/\ncy.enterFirstNameLastNameandEmail(this.testData.firstName, this.testData.lastName, this.testData.email);\ncy.returningToTeaching(false);\ncy.doYouHaveDegree(\"I'm studying for a degree\");\ncy.inWhichYearAreYouStudying(\"Final year\");\ncy.selectWhatSubjectIsYourDegree(\"Computing\");\ncy.whatDegreeClassAreYouPredictedToGet(\"2:2\");\ncy.selectStage(\"Primary\");\ncy.gcseMathsAndEnglish(true);\ncy.gcseScience(true);\ncy.whenDoYouWantToStartYourTeacherTraining(\"2021\");\ncy.enterDateOfBirth(\"31\", \"03\", \"1985\");\ncy.doYouLiveInTheUk(true);\ncy.enterUKCandidateAddress(\"21\", \"Victoria Embankment\", \"Darlington\", \"DL1 5JR\");\ncy.enterUKTelephoneNumber(\"0125234490\");\ncy.verifyCheckYourAnswersMessage();\ncy.clickOnContinueButton();\ncy.acceptPolicy();\ncy.verifySignUpCompleteMessage();",
              "err": {},
              "uuid": "8150c99f-d2cc-48cf-87ee-0ca51956f5bb",
              "parentUUID": "bcf62e83-d1f6-4841-b5c9-6e80aaec9d6e",
              "isHook": false,
              "skipped": false
            },
            {
              "title": "It shows \"Thank you  Sign up complete\" to non-returner overseas user, studying for a degree, interesed in teaching primary stage, have grade 4 (C) or above in English, maths and science GCSEs",
              "fullTitle": "Feature - Get an adviser : Tests execution date and time : Mon Nov 30 2020 23:19:46 GMT+0000 (Coordinated Universal Time) It shows \"Thank you  Sign up complete\" to non-returner overseas user, studying for a degree, interesed in teaching primary stage, have grade 4 (C) or above in English, maths and science GCSEs",
              "timedOut": null,
              "duration": 9292,
              "state": "passed",
              "speed": "slow",
              "pass": true,
              "fail": false,
              "pending": false,
              "context": null,
              "code": "/*\n  Are you returning to teaching? - No\n  Do you have a degree? - I'm studying for a degree\n  Which stage are you interested in teaching? - primary\n  Do you have grade 4 (C) or above in English and maths GCSEs, or equivalent? -Yes\n  Do you have grade 4 (C) or above in GCSE science, or equivalent? - Yes\n  Overseas use\n \t   \n*/\ncy.enterFirstNameLastNameandEmail(this.testData.firstName, this.testData.lastName, this.testData.email);\ncy.returningToTeaching(false);\ncy.doYouHaveDegree(\"I'm studying for a degree\");\ncy.inWhichYearAreYouStudying(\"Final year\");\ncy.selectWhatSubjectIsYourDegree(\"Computing\");\ncy.whatDegreeClassAreYouPredictedToGet(\"2:2\");\ncy.selectStage(\"Primary\");\ncy.gcseMathsAndEnglish(true);\ncy.gcseScience(true);\ncy.whenDoYouWantToStartYourTeacherTraining(\"2021\");\ncy.enterDateOfBirth(\"31\", \"03\", \"1985\");\ncy.doYouLiveInTheUk(false);\ncy.whichCountryDoYouLiveIn(\"Denmark\");\ncy.enterOverseasTelephoneNumber(\"02637485859\");\ncy.verifyCheckYourAnswersMessage();\ncy.clickOnContinueButton();\ncy.acceptPolicy();\ncy.verifySignUpCompleteMessage();",
              "err": {},
              "uuid": "e6668762-eb72-43e5-aa54-7ae2d0bbe15e",
              "parentUUID": "bcf62e83-d1f6-4841-b5c9-6e80aaec9d6e",
              "isHook": false,
              "skipped": false
            },
            {
              "title": "It shows \"Thank you  Sign up complete\" to non-returner UK user, studying for a degree, interesed in teaching primary stage, have grade 4 (C) or above in English and maths GCSEs, have no grade 4 (C) or above in GCSE science but planning to retake",
              "fullTitle": "Feature - Get an adviser : Tests execution date and time : Mon Nov 30 2020 23:19:46 GMT+0000 (Coordinated Universal Time) It shows \"Thank you  Sign up complete\" to non-returner UK user, studying for a degree, interesed in teaching primary stage, have grade 4 (C) or above in English and maths GCSEs, have no grade 4 (C) or above in GCSE science but planning to retake",
              "timedOut": null,
              "duration": 10476,
              "state": "passed",
              "speed": "slow",
              "pass": true,
              "fail": false,
              "pending": false,
              "context": null,
              "code": "/*\n  Are you returning to teaching? - No\n  Do you have a degree? - I'm studying for a degree\n  Which stage are you interested in teaching? - primary\n  Do you have grade 4 (C) or above in English and maths GCSEs, or equivalent? -Yes\n  Do you have grade 4 (C) or above in GCSE science, or equivalent? - No\n  Are you planning to retake your science GCSE? - Yes\n  UK user\n \t   \n*/\ncy.enterFirstNameLastNameandEmail(this.testData.firstName, this.testData.lastName, this.testData.email);\ncy.returningToTeaching(false);\ncy.doYouHaveDegree(\"I'm studying for a degree\");\ncy.inWhichYearAreYouStudying(\"Final year\");\ncy.selectWhatSubjectIsYourDegree(\"Computing\");\ncy.whatDegreeClassAreYouPredictedToGet(\"2:2\");\ncy.selectStage(\"Primary\");\ncy.gcseMathsAndEnglish(true);\ncy.gcseScience(false);\ncy.retakeGcseScience(true);\ncy.whenDoYouWantToStartYourTeacherTraining(\"2021\");\ncy.enterDateOfBirth(\"31\", \"03\", \"1985\");\ncy.doYouLiveInTheUk(true);\ncy.enterUKCandidateAddress(\"21\", \"Victoria Embankment\", \"Darlington\", \"DL1 5JR\");\ncy.enterUKTelephoneNumber(\"0125234490\");\ncy.verifyCheckYourAnswersMessage();\ncy.clickOnContinueButton();\ncy.acceptPolicy();\ncy.verifySignUpCompleteMessage();",
              "err": {},
              "uuid": "419f38dd-d86d-4db1-8fff-95a06242fb1d",
              "parentUUID": "bcf62e83-d1f6-4841-b5c9-6e80aaec9d6e",
              "isHook": false,
              "skipped": false
            },
            {
              "title": "It shows \"Thank you  Sign up complete\" to non-returner overseas user, studying for a degree, interesed in teaching primary stage, have grade 4 (C) or above in English and maths GCSEs, have no grade 4 (C) or above in GCSE science but planning to retake",
              "fullTitle": "Feature - Get an adviser : Tests execution date and time : Mon Nov 30 2020 23:19:46 GMT+0000 (Coordinated Universal Time) It shows \"Thank you  Sign up complete\" to non-returner overseas user, studying for a degree, interesed in teaching primary stage, have grade 4 (C) or above in English and maths GCSEs, have no grade 4 (C) or above in GCSE science but planning to retake",
              "timedOut": null,
              "duration": 9567,
              "state": "passed",
              "speed": "slow",
              "pass": true,
              "fail": false,
              "pending": false,
              "context": null,
              "code": "/*\n  Are you returning to teaching? - No\n  Do you have a degree? - I'm studying for a degree\n  Which stage are you interested in teaching? - primary\n  Do you have grade 4 (C) or above in English and maths GCSEs, or equivalent? -Yes\n  Do you have grade 4 (C) or above in GCSE science, or equivalent? - No\n  Are you planning to retake your science GCSE? - Yes\n  Overseas user\n \t   \n*/\ncy.enterFirstNameLastNameandEmail(this.testData.firstName, this.testData.lastName, this.testData.email);\ncy.returningToTeaching(false);\ncy.doYouHaveDegree(\"I'm studying for a degree\");\ncy.inWhichYearAreYouStudying(\"Final year\");\ncy.selectWhatSubjectIsYourDegree(\"Computing\");\ncy.whatDegreeClassAreYouPredictedToGet(\"2:2\");\ncy.selectStage(\"Primary\");\ncy.gcseMathsAndEnglish(true);\ncy.gcseScience(false);\ncy.retakeGcseScience(true);\ncy.whenDoYouWantToStartYourTeacherTraining(\"2021\");\ncy.enterDateOfBirth(\"31\", \"03\", \"1985\");\ncy.doYouLiveInTheUk(false);\ncy.whichCountryDoYouLiveIn(\"India\");\ncy.enterOverseasTelephoneNumber(\"+91-9663717251\");\ncy.verifyCheckYourAnswersMessage();\ncy.clickOnContinueButton();\ncy.acceptPolicy();\ncy.verifySignUpCompleteMessage();",
              "err": {},
              "uuid": "4e76d8dc-000b-4fd7-a7f9-fcbf59bb2437",
              "parentUUID": "bcf62e83-d1f6-4841-b5c9-6e80aaec9d6e",
              "isHook": false,
              "skipped": false
            },
            {
              "title": "It shows \"Get the right GCSEs or equivalent qualifications\" to non-returner, studying for a degree, interesed in teaching primary stage, have grade 4 (C) or above in English and maths GCSEs, have no grade 4 (C) or above in GCSE science nor planning to retake",
              "fullTitle": "Feature - Get an adviser : Tests execution date and time : Mon Nov 30 2020 23:19:46 GMT+0000 (Coordinated Universal Time) It shows \"Get the right GCSEs or equivalent qualifications\" to non-returner, studying for a degree, interesed in teaching primary stage, have grade 4 (C) or above in English and maths GCSEs, have no grade 4 (C) or above in GCSE science nor planning to retake",
              "timedOut": null,
              "duration": 5954,
              "state": "passed",
              "speed": "slow",
              "pass": true,
              "fail": false,
              "pending": false,
              "context": null,
              "code": "/*\n  Are you returning to teaching? - No\n  Do you have a degree? - I'm studying for a degree\n  Which stage are you interested in teaching? - primary\n  Do you have grade 4 (C) or above in English and maths GCSEs, or equivalent? -Yes\n  Do you have grade 4 (C) or above in GCSE science, or equivalent? - No\n  Are you planning to retake your science GCSE? - No\n  //Expected page - Get the right GCSEs or equivalent qualifications\t  \n \t   \n*/\ncy.enterFirstNameLastNameandEmail(this.testData.firstName, this.testData.lastName, this.testData.email);\ncy.returningToTeaching(false);\ncy.doYouHaveDegree(\"I'm studying for a degree\");\ncy.inWhichYearAreYouStudying(\"Final year\");\ncy.selectWhatSubjectIsYourDegree(\"Computing\");\ncy.whatDegreeClassAreYouPredictedToGet(\"2:2\");\ncy.selectStage(\"Primary\");\ncy.gcseMathsAndEnglish(true);\ncy.gcseScience(false);\ncy.retakeGcseScience(false);\ncy.get(\".govuk-heading-l\").should(\"exist\").should(\"have.text\", \"Get the right GCSEs or equivalent qualifications\");",
              "err": {},
              "uuid": "20c17197-b001-46a1-aeae-0da9b52d58d9",
              "parentUUID": "bcf62e83-d1f6-4841-b5c9-6e80aaec9d6e",
              "isHook": false,
              "skipped": false
            },
            {
              "title": "It shows \"Thank you  Sign up complete\" to non-returner UK user, studying for a degree, interesed in teaching primary stage, have no grade 4 (C) or above in English and maths GCSEs and planning to retake, have grade 4 (C) or above in GCSE science",
              "fullTitle": "Feature - Get an adviser : Tests execution date and time : Mon Nov 30 2020 23:19:46 GMT+0000 (Coordinated Universal Time) It shows \"Thank you  Sign up complete\" to non-returner UK user, studying for a degree, interesed in teaching primary stage, have no grade 4 (C) or above in English and maths GCSEs and planning to retake, have grade 4 (C) or above in GCSE science",
              "timedOut": null,
              "duration": 10169,
              "state": "passed",
              "speed": "slow",
              "pass": true,
              "fail": false,
              "pending": false,
              "context": null,
              "code": "/*\n  Are you returning to teaching? - No\n  Do you have a degree? - I'm studying for a degree\n  Which stage are you interested in teaching? - primary\n Do you have grade 4 (C) or above in English and maths GCSEs, or equivalent? - No\n  Are you planning to retake either English or maths (or both) GCSEs, or equivalent? - Yes\n  Do you have grade 4 (C) or above in GCSE science, or equivalent? - Yes\n  UK user\t  \n \t   \n*/\ncy.enterFirstNameLastNameandEmail(this.testData.firstName, this.testData.lastName, this.testData.email);\ncy.returningToTeaching(false);\ncy.doYouHaveDegree(\"I'm studying for a degree\");\ncy.inWhichYearAreYouStudying(\"Final year\");\ncy.selectWhatSubjectIsYourDegree(\"Computing\");\ncy.whatDegreeClassAreYouPredictedToGet(\"2:2\");\ncy.selectStage(\"Primary\");\ncy.gcseMathsAndEnglish(false);\ncy.retakeGcseMathsAndEnglish(true);\ncy.gcseScience(true);\ncy.whenDoYouWantToStartYourTeacherTraining(\"2021\");\ncy.enterDateOfBirth(\"31\", \"03\", \"1985\");\ncy.doYouLiveInTheUk(true);\ncy.enterUKCandidateAddress(\"21\", \"Victoria Embankment\", \"Darlington\", \"DL1 5JR\");\ncy.enterUKTelephoneNumber(\"0125234490\");\ncy.verifyCheckYourAnswersMessage();\ncy.clickOnContinueButton();\ncy.acceptPolicy();\ncy.verifySignUpCompleteMessage();",
              "err": {},
              "uuid": "47bb2c5c-3b5f-4bf3-8883-88fc0c6e5263",
              "parentUUID": "bcf62e83-d1f6-4841-b5c9-6e80aaec9d6e",
              "isHook": false,
              "skipped": false
            },
            {
              "title": "It shows \"Thank you  Sign up complete\" to non-returner overseas user, studying for a degree, interesed in teaching primary stage, have no grade 4 (C) or above in English and maths GCSEs and planning to retake, have grade 4 (C) or above in GCSE science",
              "fullTitle": "Feature - Get an adviser : Tests execution date and time : Mon Nov 30 2020 23:19:46 GMT+0000 (Coordinated Universal Time) It shows \"Thank you  Sign up complete\" to non-returner overseas user, studying for a degree, interesed in teaching primary stage, have no grade 4 (C) or above in English and maths GCSEs and planning to retake, have grade 4 (C) or above in GCSE science",
              "timedOut": null,
              "duration": 9597,
              "state": "passed",
              "speed": "slow",
              "pass": true,
              "fail": false,
              "pending": false,
              "context": null,
              "code": "/*\n  Are you returning to teaching? - No\n  Do you have a degree? - I'm studying for a degree\n  Which stage are you interested in teaching? - primary\n Do you have grade 4 (C) or above in English and maths GCSEs, or equivalent? - No\n  Are you planning to retake either English or maths (or both) GCSEs, or equivalent? - Yes\n  Do you have grade 4 (C) or above in GCSE science, or equivalent? - Yes\n  Overseas user\t  \n \t   \n*/\ncy.enterFirstNameLastNameandEmail(this.testData.firstName, this.testData.lastName, this.testData.email);\ncy.returningToTeaching(false);\ncy.doYouHaveDegree(\"I'm studying for a degree\");\ncy.inWhichYearAreYouStudying(\"Final year\");\ncy.selectWhatSubjectIsYourDegree(\"Computing\");\ncy.whatDegreeClassAreYouPredictedToGet(\"2:2\");\ncy.selectStage(\"Primary\");\ncy.gcseMathsAndEnglish(false);\ncy.retakeGcseMathsAndEnglish(true);\ncy.gcseScience(true);\ncy.whenDoYouWantToStartYourTeacherTraining(\"2021\");\ncy.enterDateOfBirth(\"31\", \"03\", \"1985\");\ncy.doYouLiveInTheUk(false);\ncy.whichCountryDoYouLiveIn(\"Estonia\");\ncy.enterOverseasTelephoneNumber(this.testData.phoneNumber);\ncy.verifyCheckYourAnswersMessage();\ncy.clickOnContinueButton();\ncy.acceptPolicy();\ncy.verifySignUpCompleteMessage();",
              "err": {},
              "uuid": "6dd2ef6f-60e5-41b0-97af-00d23524d5ad",
              "parentUUID": "bcf62e83-d1f6-4841-b5c9-6e80aaec9d6e",
              "isHook": false,
              "skipped": false
            },
            {
              "title": "It shows \"Thank you  Sign up complete\" to non-returner UK user, studying for a degree- Final year, interesed in teaching primary stage, have no grade 4 (C) or above in English and maths GCSEs and planning to retake, have no grade 4 (C) or above in GCSE science but planning to retake",
              "fullTitle": "Feature - Get an adviser : Tests execution date and time : Mon Nov 30 2020 23:19:46 GMT+0000 (Coordinated Universal Time) It shows \"Thank you  Sign up complete\" to non-returner UK user, studying for a degree- Final year, interesed in teaching primary stage, have no grade 4 (C) or above in English and maths GCSEs and planning to retake, have no grade 4 (C) or above in GCSE science but planning to retake",
              "timedOut": null,
              "duration": 10973,
              "state": "passed",
              "speed": "slow",
              "pass": true,
              "fail": false,
              "pending": false,
              "context": null,
              "code": "/*\n  Are you returning to teaching? - No\n  Do you have a degree? - I'm studying for a degree\n  Which stage are you interested in teaching? - primary\n  Do you have grade 4 (C) or above in English and maths GCSEs, or equivalent? - No\n  Are you planning to retake either English or maths (or both) GCSEs, or equivalent? - Yes\n  Do you have grade 4 (C) or above in GCSE science, or equivalent? - No\n  Are you planning to retake your science GCSE? - Yes\n  UK user\t  \n \t   \n*/\ncy.enterFirstNameLastNameandEmail(this.testData.firstName, this.testData.lastName, this.testData.email);\ncy.returningToTeaching(false);\ncy.doYouHaveDegree(\"I'm studying for a degree\");\ncy.inWhichYearAreYouStudying(\"Final year\");\ncy.selectWhatSubjectIsYourDegree(\"Computing\");\ncy.whatDegreeClassAreYouPredictedToGet(\"2:2\");\ncy.selectStage(\"Primary\");\ncy.gcseMathsAndEnglish(false);\ncy.retakeGcseMathsAndEnglish(true);\ncy.gcseScience(false);\ncy.retakeGcseScience(true);\ncy.whenDoYouWantToStartYourTeacherTraining(\"2021\");\ncy.enterDateOfBirth(\"31\", \"03\", \"1985\");\ncy.doYouLiveInTheUk(true);\ncy.enterUKCandidateAddress(\"21\", \"Victoria Embankment\", \"Darlington\", \"DL1 5JR\");\ncy.enterUKTelephoneNumber(\"0125234490\");\ncy.verifyCheckYourAnswersMessage();\ncy.clickOnContinueButton();\ncy.acceptPolicy();\ncy.verifySignUpCompleteMessage();",
              "err": {},
              "uuid": "3ff3c084-a7d3-4841-966f-3c20817816d5",
              "parentUUID": "bcf62e83-d1f6-4841-b5c9-6e80aaec9d6e",
              "isHook": false,
              "skipped": false
            },
            {
              "title": "It shows \"Thank you  Sign up complete\" to non-returner UK user, studying for a degree- Second year, interesed in teaching primary stage, have no grade 4 (C) or above in English and maths GCSEs and planning to retake, have no grade 4 (C) or above in GCSE science but planning to retake",
              "fullTitle": "Feature - Get an adviser : Tests execution date and time : Mon Nov 30 2020 23:19:46 GMT+0000 (Coordinated Universal Time) It shows \"Thank you  Sign up complete\" to non-returner UK user, studying for a degree- Second year, interesed in teaching primary stage, have no grade 4 (C) or above in English and maths GCSEs and planning to retake, have no grade 4 (C) or above in GCSE science but planning to retake",
              "timedOut": null,
              "duration": 11010,
              "state": "passed",
              "speed": "slow",
              "pass": true,
              "fail": false,
              "pending": false,
              "context": null,
              "code": "/*\n  Are you returning to teaching? - No\n  Do you have a degree? - I'm studying for a degree\n  Which stage are you interested in teaching? - primary\n  Do you have grade 4 (C) or above in English and maths GCSEs, or equivalent? - No\n  Are you planning to retake either English or maths (or both) GCSEs, or equivalent? - Yes\n  Do you have grade 4 (C) or above in GCSE science, or equivalent? - No\n  Are you planning to retake your science GCSE? - Yes\n  UK user\t  \n \t   \n*/\ncy.enterFirstNameLastNameandEmail(this.testData.firstName, this.testData.lastName, this.testData.email);\ncy.returningToTeaching(false);\ncy.doYouHaveDegree(\"I'm studying for a degree\");\ncy.inWhichYearAreYouStudying(\"Second year\");\ncy.selectWhatSubjectIsYourDegree(\"Computing\");\ncy.whatDegreeClassAreYouPredictedToGet(\"2:2\");\ncy.selectStage(\"Primary\");\ncy.gcseMathsAndEnglish(false);\ncy.retakeGcseMathsAndEnglish(true);\ncy.gcseScience(false);\ncy.retakeGcseScience(true);\ncy.whenDoYouWantToStartYourTeacherTraining(\"2021\");\ncy.enterDateOfBirth(\"31\", \"03\", \"1985\");\ncy.doYouLiveInTheUk(true);\ncy.enterUKCandidateAddress(\"21\", \"Victoria Embankment\", \"Darlington\", \"DL1 5JR\");\ncy.enterUKTelephoneNumber(\"0125234490\");\ncy.verifyCheckYourAnswersMessage();\ncy.clickOnContinueButton();\ncy.acceptPolicy();\ncy.verifySignUpCompleteMessage();",
              "err": {},
              "uuid": "411e8fc0-1a6f-4df4-8604-2f4ea86904aa",
              "parentUUID": "bcf62e83-d1f6-4841-b5c9-6e80aaec9d6e",
              "isHook": false,
              "skipped": false
            },
            {
              "title": "It shows \"Thank you  Sign up complete\" to non-returner UK user, studying for a degree- First year, interesed in teaching primary stage, have no grade 4 (C) or above in English and maths GCSEs and planning to retake, have no grade 4 (C) or above in GCSE science but planning to retake",
              "fullTitle": "Feature - Get an adviser : Tests execution date and time : Mon Nov 30 2020 23:19:46 GMT+0000 (Coordinated Universal Time) It shows \"Thank you  Sign up complete\" to non-returner UK user, studying for a degree- First year, interesed in teaching primary stage, have no grade 4 (C) or above in English and maths GCSEs and planning to retake, have no grade 4 (C) or above in GCSE science but planning to retake",
              "timedOut": null,
              "duration": 10774,
              "state": "passed",
              "speed": "slow",
              "pass": true,
              "fail": false,
              "pending": false,
              "context": null,
              "code": "/*\n  Are you returning to teaching? - No\n  Do you have a degree? - I'm studying for a degree\n  Which stage are you interested in teaching? - primary\n  Do you have grade 4 (C) or above in English and maths GCSEs, or equivalent? - No\n  Are you planning to retake either English or maths (or both) GCSEs, or equivalent? - Yes\n  Do you have grade 4 (C) or above in GCSE science, or equivalent? - No\n  Are you planning to retake your science GCSE? - Yes\n  UK user\t  \n \t   \n*/\ncy.enterFirstNameLastNameandEmail(this.testData.firstName, this.testData.lastName, this.testData.email);\ncy.returningToTeaching(false);\ncy.doYouHaveDegree(\"I'm studying for a degree\");\ncy.inWhichYearAreYouStudying(\"First year\");\ncy.selectWhatSubjectIsYourDegree(\"Computing\");\ncy.whatDegreeClassAreYouPredictedToGet(\"2:2\");\ncy.selectStage(\"Primary\");\ncy.gcseMathsAndEnglish(false);\ncy.retakeGcseMathsAndEnglish(true);\ncy.gcseScience(false);\ncy.retakeGcseScience(true);\ncy.whenDoYouWantToStartYourTeacherTraining(\"2021\");\ncy.enterDateOfBirth(\"31\", \"03\", \"1985\");\ncy.doYouLiveInTheUk(true);\ncy.enterUKCandidateAddress(\"21\", \"Victoria Embankment\", \"Darlington\", \"DL1 5JR\");\ncy.enterUKTelephoneNumber(\"0125234490\");\ncy.verifyCheckYourAnswersMessage();\ncy.clickOnContinueButton();\ncy.acceptPolicy();\ncy.verifySignUpCompleteMessage();",
              "err": {},
              "uuid": "943e652b-a37f-4403-919a-51138c43ec52",
              "parentUUID": "bcf62e83-d1f6-4841-b5c9-6e80aaec9d6e",
              "isHook": false,
              "skipped": false
            },
            {
              "title": "It shows \"Thank you  Sign up complete\" to non-returner UK user, studying for a degree- Other, interesed in teaching primary stage, have no grade 4 (C) or above in English and maths GCSEs and planning to retake, have no grade 4 (C) or above in GCSE science but planning to retake",
              "fullTitle": "Feature - Get an adviser : Tests execution date and time : Mon Nov 30 2020 23:19:46 GMT+0000 (Coordinated Universal Time) It shows \"Thank you  Sign up complete\" to non-returner UK user, studying for a degree- Other, interesed in teaching primary stage, have no grade 4 (C) or above in English and maths GCSEs and planning to retake, have no grade 4 (C) or above in GCSE science but planning to retake",
              "timedOut": null,
              "duration": 10962,
              "state": "passed",
              "speed": "slow",
              "pass": true,
              "fail": false,
              "pending": false,
              "context": null,
              "code": "/*\n  Are you returning to teaching? - No\n  Do you have a degree? - I'm studying for a degree\n  Which stage are you interested in teaching? - primary\n  Do you have grade 4 (C) or above in English and maths GCSEs, or equivalent? - No\n  Are you planning to retake either English or maths (or both) GCSEs, or equivalent? - Yes\n  Do you have grade 4 (C) or above in GCSE science, or equivalent? - No\n  Are you planning to retake your science GCSE? - Yes\n  UK user\t  \n \t   \n*/\ncy.enterFirstNameLastNameandEmail(this.testData.firstName, this.testData.lastName, this.testData.email);\ncy.returningToTeaching(false);\ncy.doYouHaveDegree(\"I'm studying for a degree\");\ncy.inWhichYearAreYouStudying(\"Other\");\ncy.selectWhatSubjectIsYourDegree(\"Computing\");\ncy.whatDegreeClassAreYouPredictedToGet(\"2:2\");\ncy.selectStage(\"Primary\");\ncy.gcseMathsAndEnglish(false);\ncy.retakeGcseMathsAndEnglish(true);\ncy.gcseScience(false);\ncy.retakeGcseScience(true);\ncy.whenDoYouWantToStartYourTeacherTraining(\"2021\");\ncy.enterDateOfBirth(\"31\", \"03\", \"1985\");\ncy.doYouLiveInTheUk(true);\ncy.enterUKCandidateAddress(\"21\", \"Victoria Embankment\", \"Darlington\", \"DL1 5JR\");\ncy.enterUKTelephoneNumber(\"0125234490\");\ncy.verifyCheckYourAnswersMessage();\ncy.clickOnContinueButton();\ncy.acceptPolicy();\ncy.verifySignUpCompleteMessage();",
              "err": {},
              "uuid": "b55e072a-88ad-45fa-9499-3e6daa8dc620",
              "parentUUID": "bcf62e83-d1f6-4841-b5c9-6e80aaec9d6e",
              "isHook": false,
              "skipped": false
            },
            {
              "title": "It shows \"Thank you  Sign up complete\" to non-returner overseas user, studying for a degree - Final year, interesed in teaching primary stage, have no grade 4 (C) or above in English and maths GCSEs and planning to retake, have no grade 4 (C) or above in GCSE science but planning to retake",
              "fullTitle": "Feature - Get an adviser : Tests execution date and time : Mon Nov 30 2020 23:19:46 GMT+0000 (Coordinated Universal Time) It shows \"Thank you  Sign up complete\" to non-returner overseas user, studying for a degree - Final year, interesed in teaching primary stage, have no grade 4 (C) or above in English and maths GCSEs and planning to retake, have no grade 4 (C) or above in GCSE science but planning to retake",
              "timedOut": null,
              "duration": 10059,
              "state": "passed",
              "speed": "slow",
              "pass": true,
              "fail": false,
              "pending": false,
              "context": null,
              "code": "/*\n  Are you returning to teaching? - No\n  Do you have a degree? - I'm studying for a degree\n  Which stage are you interested in teaching? - primary\n  Do you have grade 4 (C) or above in English and maths GCSEs, or equivalent? - No\n  Are you planning to retake either English or maths (or both) GCSEs, or equivalent? - Yes\n  Do you have grade 4 (C) or above in GCSE science, or equivalent? - No\n  Are you planning to retake your science GCSE? - Yes\n  Overseas user\t  \n \t   \n*/\ncy.enterFirstNameLastNameandEmail(this.testData.firstName, this.testData.lastName, this.testData.email);\ncy.returningToTeaching(false);\ncy.doYouHaveDegree(\"I'm studying for a degree\");\ncy.inWhichYearAreYouStudying(\"Final year\");\ncy.selectWhatSubjectIsYourDegree(\"Computing\");\ncy.whatDegreeClassAreYouPredictedToGet(\"2:2\");\ncy.selectStage(\"Primary\");\ncy.gcseMathsAndEnglish(false);\ncy.retakeGcseMathsAndEnglish(true);\ncy.gcseScience(false);\ncy.retakeGcseScience(true);\ncy.whenDoYouWantToStartYourTeacherTraining(\"2021\");\ncy.enterDateOfBirth(\"31\", \"03\", \"1985\");\ncy.doYouLiveInTheUk(false);\ncy.whichCountryDoYouLiveIn(\"Chile\");\ncy.enterOverseasTelephoneNumber(this.testData.phoneNumber);\ncy.verifyCheckYourAnswersMessage();\ncy.clickOnContinueButton();\ncy.acceptPolicy();\ncy.verifySignUpCompleteMessage();",
              "err": {},
              "uuid": "1b127f65-3429-4c1d-af31-32b1884abe0f",
              "parentUUID": "bcf62e83-d1f6-4841-b5c9-6e80aaec9d6e",
              "isHook": false,
              "skipped": false
            },
            {
              "title": "It shows \"Thank you  Sign up complete\" to non-returner overseas user, studying for a degree - Second year, interesed in teaching primary stage, have no grade 4 (C) or above in English and maths GCSEs and planning to retake, have no grade 4 (C) or above in GCSE science but planning to retake",
[...]
            "096a63dc-33e2-4344-81e6-6de0867851ba",
            "19dac504-1875-463e-af05-04fab9b4fab4",
            "8150c99f-d2cc-48cf-87ee-0ca51956f5bb",
            "e6668762-eb72-43e5-aa54-7ae2d0bbe15e",
            "419f38dd-d86d-4db1-8fff-95a06242fb1d",
            "4e76d8dc-000b-4fd7-a7f9-fcbf59bb2437",
            "20c17197-b001-46a1-aeae-0da9b52d58d9",
            "47bb2c5c-3b5f-4bf3-8883-88fc0c6e5263",
            "6dd2ef6f-60e5-41b0-97af-00d23524d5ad",
            "3ff3c084-a7d3-4841-966f-3c20817816d5",
            "411e8fc0-1a6f-4df4-8604-2f4ea86904aa",
            "943e652b-a37f-4403-919a-51138c43ec52",
            "b55e072a-88ad-45fa-9499-3e6daa8dc620",
            "1b127f65-3429-4c1d-af31-32b1884abe0f",
            "39822d7b-3514-43ee-a901-9adcabef814a",
            "abcff542-75de-4782-bb2d-20e0b7dbdd00",
            "da836e47-a91b-4fe8-82b0-36b73b9d266c",
            "ddecfc31-560a-424a-a55e-dd4c9498e281",
            "43e2ee90-6ce6-4d2c-b165-f4042cd0c4ee",
            "3159e782-9f02-438c-9f6c-8ead71a57bb7",
            "83156c52-d409-4c27-a9de-44100928cd3e",
            "0fe848bf-5b1e-40e3-b994-873c9931f4e5",
            "8ba4cecf-69c6-4b80-b558-aeda47f7a8f7",
            "2ac8b019-ac61-42af-902b-b58c9a090f0d",
            "c1ed65e8-8bb3-4653-ba00-4afa6f8fc9d5",
            "28036ba7-6623-41ae-89e2-fca22c90a9d6",
            "4e47ebd2-b419-4c0c-a80a-35d4fe20be5f",
            "513790df-044b-45bf-8504-076479eebecb",
            "10f345cb-ee07-4f5e-beba-72c07c6a7334",
            "6e236c22-b43f-41f1-9aac-76eb2f8b2e9c",
            "43c90d3f-4bd1-421c-842b-44b3e55d4027",
            "a74b5cf9-8967-443d-b350-f54e644da1b7",
            "c28f381f-afc9-437d-b1ff-0a67924a15df",
            "7b111774-6f7a-454e-be89-ead7e38fdbed",
            "8c22c1c9-6d66-4c40-b6f7-ee365ef95605",
            "c0b63a9e-7488-47ff-a89b-b8486054c02c",
            "7d907a7c-8af6-4121-b565-9080a467d26e",
            "3e18af87-12e9-4110-b5e0-0e54956c7fb3",
            "81820734-f61a-4e48-9a31-55bc0d56e7b7",
            "6da12b28-1e5a-44ae-93e6-d29c074d4317"
          ],
          "failures": [],
          "pending": [],
          "skipped": [],
          "duration": 599570,
          "root": false,
          "rootEmpty": false,
          "_timeout": 2000
        },
        {
          "uuid": "6d6ac664-5258-4129-b3fe-0ce9126a7093",
          "title": "Hyperlink navigation check : Tests execution date and time : Mon Nov 30 2020 23:19:46 GMT+0000 (Coordinated Universal Time)",
          "fullFile": "",
          "file": "",
          "beforeHooks": [],
          "afterHooks": [],
          "tests": [
            {
              "title": "Links through to \"Scotland\" page",
              "fullTitle": "Hyperlink navigation check : Tests execution date and time : Mon Nov 30 2020 23:19:46 GMT+0000 (Coordinated Universal Time) Links through to \"Scotland\" page",
              "timedOut": null,
              "duration": 2619,
              "state": "passed",
              "speed": "slow",
              "pass": true,
              "fail": false,
              "pending": false,
              "context": null,
              "code": "cy.goToUrl(\"\");\ncy.contains(\"a\", \"Scotland\").invoke(\"removeAttr\", \"target\").click();\ncy.url().then(function (url) {\n  expect(url).equal(_Navlinks[\"default\"].teachInScotland);\n});",
              "err": {},
              "uuid": "978bceaf-9498-424f-947d-a2c32cd5d9c0",
              "parentUUID": "6d6ac664-5258-4129-b3fe-0ce9126a7093",
              "isHook": false,
              "skipped": false
            },
            {
              "title": "Links through to \"Wales\" page",
              "fullTitle": "Hyperlink navigation check : Tests execution date and time : Mon Nov 30 2020 23:19:46 GMT+0000 (Coordinated Universal Time) Links through to \"Wales\" page",
              "timedOut": null,
              "duration": 3445,
              "state": "passed",
              "speed": "slow",
              "pass": true,
              "fail": false,
              "pending": false,
              "context": null,
              "code": "cy.goToUrl(\"\");\ncy.contains(\"a\", \"Wales\").invoke(\"removeAttr\", \"target\").click();\ncy.url().then(function (url) {\n  expect(url).equal(_Navlinks[\"default\"].teachInWales);\n});",
              "err": {},
              "uuid": "6dbe7dcd-386d-4d25-9f64-8565c8d6cd84",
              "parentUUID": "6d6ac664-5258-4129-b3fe-0ce9126a7093",
              "isHook": false,
              "skipped": false
            },
            {
              "title": "Links through to \"Northern Ireland\" page",
              "fullTitle": "Hyperlink navigation check : Tests execution date and time : Mon Nov 30 2020 23:19:46 GMT+0000 (Coordinated Universal Time) Links through to \"Northern Ireland\" page",
              "timedOut": null,
              "duration": 2873,
              "state": "passed",
              "speed": "slow",
              "pass": true,
              "fail": false,
              "pending": false,
              "context": null,
              "code": "cy.goToUrl(\"\");\ncy.contains(\"a\", \"Northern Ireland\").invoke(\"removeAttr\", \"target\").click();\ncy.url().then(function (url) {\n  expect(url).equal(_Navlinks[\"default\"].teachInNorthernIreland);\n});",
              "err": {},
              "uuid": "9420ada1-500c-4cef-b1eb-e7a61f373d01",
              "parentUUID": "6d6ac664-5258-4129-b3fe-0ce9126a7093",
              "isHook": false,
              "skipped": false
            },
            {
              "title": "Links through to \"What did you think of this service? \"",
              "fullTitle": "Hyperlink navigation check : Tests execution date and time : Mon Nov 30 2020 23:19:46 GMT+0000 (Coordinated Universal Time) Links through to \"What did you think of this service? \"",
              "timedOut": null,
              "duration": 2338,
              "state": "passed",
              "speed": "slow",
              "pass": true,
              "fail": false,
              "pending": false,
              "context": null,
              "code": "cy.goToUrl(\"teacher_training_adviser/sign_up/completed\");\ncy.contains(\"a\", \"What did you think of this service?\").invoke(\"removeAttr\", \"target\").click();\ncy.get(\".govuk-caption-xl\").should(\"exist\").should(\"include.text\", \"Service assessments and applying the Service Standard\").next().should(\"exist\").should(\"include.text\", \"Get a GOV.UK feedback page\");",
              "err": {},
              "uuid": "5484e961-c652-42c5-8b9f-302f20cabe85",
              "parentUUID": "6d6ac664-5258-4129-b3fe-0ce9126a7093",
              "isHook": false,
              "skipped": false
            }
          ],
          "suites": [],
          "passes": [
            "978bceaf-9498-424f-947d-a2c32cd5d9c0",
            "6dbe7dcd-386d-4d25-9f64-8565c8d6cd84",
            "9420ada1-500c-4cef-b1eb-e7a61f373d01",
            "5484e961-c652-42c5-8b9f-302f20cabe85"
          ],
          "failures": [],
          "pending": [],
          "skipped": [],
          "duration": 11275,
          "root": false,
          "rootEmpty": false,
          "_timeout": 2000
        },
        {
          "uuid": "f4cb4149-e291-4612-9d31-42f09dcfdc68",
          "title": "Matchback feature",
          "fullFile": "",
          "file": "",
          "beforeHooks": [],
          "afterHooks": [],
          "tests": [
            {
              "title": "It shows \"Thank you  Sign up complete\" ",
              "fullTitle": "Matchback feature It shows \"Thank you  Sign up complete\" ",
              "timedOut": null,
              "duration": 8535,
              "state": "passed",
              "speed": "slow",
              "pass": true,
              "fail": false,
              "pending": false,
              "context": null,
              "code": "var rnum = Math.floor(Math.random() * 10000000 + 1);\nfirstName = \"First_\" + rnum + \"_name\";\nlastName = \"Last_\" + rnum + \"_name\";\nvar name = firstName + \":\" + lastName;\ncy.writeFile(\"cypress/fixtures/user.txt\", name);\ncy.visit(Cypress.env(\"baseurl_tta_flow\"), {\n  auth: {\n    username: Cypress.env(\"HTTPAUTH_USERNAME\"),\n    password: Cypress.env(\"HTTPAUTH_PASSWORD\")\n  }\n});\ncy.acceptAllCookies();\ncy.clickOnStartNowButton();\nteacherTrainingAdviser.getFirstName().type(firstName);\nteacherTrainingAdviser.getLastName().type(lastName);\nteacherTrainingAdviser.getEmailAddress().type(this.testData.email);\nteacherTrainingAdviser.getContinueButton().click();\ncy.returningToTeaching(true);\ncy.havePreviousTeacherReferenceNumber(true);\ncy.enterPreviousTeacherReferenceNumber(23478463);\ncy.selectPreviuosMainSubject(\"Computing\");\ncy.selectSubjectLikeToTeach(\"Physics\");\ncy.enterDateOfBirth(\"25\", \"02\", \"1986\");\ncy.doYouLiveInTheUk(true);\ncy.enterUKCandidateAddress(\"55\", \"Hollinswood\", \"Telford\", \"TF3 2BT\");\ncy.enterUKTelephoneNumber(\"012345678\");\ncy.verifyCheckYourAnswersMessage();\ncy.contains(\"Name\").next().contains(firstName + \" \" + lastName);\ncy.contains(\"Date of birth\").next().contains(\"25 02 1986\");\ncy.contains(\"Address\").next().contains(\"55 Hollinswood Telford TF3 2BT\");\ncy.contains(\"Email\").next().contains(this.testData.email);\ncy.contains(\"Telephone\").next().contains(\"012345678\");\ncy.contains(\"Are you returning to teaching?\").next().contains(\"Yes\");\ncy.contains(\"What is your previous teacher reference number?\").next().contains(\"23478463\");\ncy.contains(\"Which main subject did you previously teach?\").next().contains(\"Computing\");\ncy.contains(\"Which subject would you like to teach if you return to teaching?\").next().contains(\"Physics\");\ncy.contains(\"Where do you live?\").next().contains(\"UK\");\ncy.clickOnContinueButton();\ncy.acceptPolicy();\ncy.verifySignUpCompleteMessage();",
              "err": {},
              "uuid": "44606da6-af09-4d0f-ad04-425d3dc82713",
              "parentUUID": "f4cb4149-e291-4612-9d31-42f09dcfdc68",
              "isHook": false,
              "skipped": false
            },
            {
              "title": "It prevents mailing list sign up if user already signed up for a teacher training adviser service",
              "fullTitle": "Matchback feature It prevents mailing list sign up if user already signed up for a teacher training adviser service",
              "timedOut": null,
              "duration": 11579,
              "state": "passed",
              "speed": "slow",
              "pass": true,
              "fail": false,
              "pending": false,
              "context": null,
              "code": "var _this3 = this;\ncy.readFile(\"cypress/fixtures/user.txt\").then(function (value) {\n  var name = value;\n  firstName = name.split(\":\")[0];\n  lastName = name.split(\":\")[1];\n  cy.visit(\"/mailinglist/signup/name\", {\n    auth: {\n      username: Cypress.env(\"HTTPAUTH_USERNAME\"),\n      password: Cypress.env(\"HTTPAUTH_PASSWORD\")\n    }\n  });\n  cy.acceptCookie();\n  mailingListSignUp.getFirstName().type(firstName);\n  mailingListSignUp.getLastName().type(lastName);\n  mailingListSignUp.getEmailAddress().type(_this3.testData.email);\n  mailingListSignUp.getNextStep().click();\n  cy.enterEmailVerificationCodeForMailinglist();\n  mailingListSignUp.getNextStep().click();\n  cy.get(\"h1\").should(\"exist\").should(\"have.text\", \"You have already signed up to an adviser\");\n});",
              "err": {},
              "uuid": "9603b0af-bd6b-4915-9eb3-5fb08b2cfa8c",
              "parentUUID": "f4cb4149-e291-4612-9d31-42f09dcfdc68",
              "isHook": false,
              "skipped": false
            },
            {
              "title": "It shows \"You’ve signed up\" ",
              "fullTitle": "Matchback feature It shows \"You’ve signed up\" ",
              "timedOut": null,
              "duration": 6902,
              "state": "passed",
              "speed": "slow",
              "pass": true,
              "fail": false,
              "pending": false,
              "context": null,
              "code": "var rnum = Math.floor(Math.random() * 10000000 + 1);\nvar firstName = \"First_\" + rnum + \"_name\";\nvar lastName = \"Last_\" + rnum + \"_name\";\nvar name = firstName + \":\" + lastName;\ncy.writeFile(\"cypress/fixtures/user.txt\", name);\ncy.visit(\"/mailinglist/signup/name\", {\n  auth: {\n    username: Cypress.env(\"HTTPAUTH_USERNAME\"),\n    password: Cypress.env(\"HTTPAUTH_PASSWORD\")\n  }\n});\ncy.acceptCookie();\nmailingListSignUp.getFirstName().type(firstName);\nmailingListSignUp.getLastName().type(lastName);\nmailingListSignUp.getEmailAddress().type(this.testData.email);\nmailingListSignUp.getNextStep().click();\ncy.degreeStage(\"Yes, I already have a degree\");\nmailingListSignUp.getNextStep().click();\nmailingListSignUp.getStage().select(this.testInputData.howCloseAreYoutoApplyingForTeacherTraining);\nmailingListSignUp.getNextStep().click();\nmailingListSignUp.getSubjectToTeach().select(this.testInputData.whichSubjectdoYouWantToTeach);\nmailingListSignUp.getNextStep().click();\nmailingListSignUp.getPostcode().type(this.testInputData.postCode);\nmailingListSignUp.getNextStep().click();\ncy.acceptPrivacyPolicy();\nmailingListSignUp.getCompleteSignUpButton().click();\nmailingListSignUp.getContent().should(\"have.text\", \"You've signed up\");",
              "err": {},
              "uuid": "1449df12-f06d-4700-aecb-50d319fc6163",
              "parentUUID": "f4cb4149-e291-4612-9d31-42f09dcfdc68",
              "isHook": false,
              "skipped": false
            },
            {
              "title": "It should allow user to sign up for teacher training adviser service if he already signed up for mailing list",
              "fullTitle": "Matchback feature It should allow user to sign up for teacher training adviser service if he already signed up for mailing list",
              "timedOut": null,
              "duration": 21504,
              "state": "passed",
              "speed": "slow",
              "pass": true,
              "fail": false,
              "pending": false,
              "context": null,
              "code": "var _this4 = this;\ncy.readFile(\"cypress/fixtures/user.txt\").then(function (value) {\n  var name = value;\n  firstName = name.split(\":\")[0];\n  lastName = name.split(\":\")[1];\n  cy.visit(Cypress.env(\"baseurl_tta_flow\"), {\n    auth: {\n      username: Cypress.env(\"HTTPAUTH_USERNAME\"),\n      password: Cypress.env(\"HTTPAUTH_PASSWORD\")\n    }\n  });\n  cy.acceptAllCookies();\n  cy.clickOnStartNowButton();\n  teacherTrainingAdviser.getFirstName().type(firstName);\n  teacherTrainingAdviser.getLastName().type(lastName);\n  teacherTrainingAdviser.getEmailAddress().type(_this4.testData.email);\n  teacherTrainingAdviser.getContinueButton().click();\n  cy.enterEmailVerificationCodeForTeacherTrainingAdviser();\n  cy.clickOnContinueButton();\n  cy.returningToTeaching(true);\n  cy.havePreviousTeacherReferenceNumber(true);\n  cy.enterPreviousTeacherReferenceNumber(23478463);\n  cy.selectPreviuosMainSubject(\"Computing\");\n  cy.selectSubjectLikeToTeach(\"Physics\");\n  cy.enterDateOfBirth(\"25\", \"02\", \"1986\");\n  cy.doYouLiveInTheUk(true);\n  cy.get(\"#teacher-training-adviser-steps-uk-address-address-postcode-field\").should(\"have.value\", \"TF3 2BT\");\n  cy.enterUKCandidateAddress(\"55\", \"Hollinswood\", \"Telford\", \"TF3 2BT\");\n  cy.get(\"#teacher-training-adviser-steps-uk-telephone-telephone-field\").type(_this4.testInputData.phone);\n  cy.clickOnContinueButton();\n  cy.get(\".govuk-heading-l\").should(\"exist\").should(\"have.text\", \"Check your answers before you continue\");\n  cy.contains(\"Name\").next().contains(firstName + \" \" + lastName);\n  cy.contains(\"Date of birth\").next().contains(\"25 02 1986\");\n  cy.contains(\"Address\").next().contains(\"55 Hollinswood Telford TF3 2BT\");\n  cy.contains(\"Email\").next().contains(_this4.testData.email);\n  cy.contains(\"Telephone\").next().contains(_this4.testInputData.phone);\n  cy.contains(\"Are you returning to teaching?\").next().contains(\"Yes\");\n  cy.contains(\"What is your previous teacher reference number?\").next().contains(\"23478463\");\n  cy.contains(\"Which main subject did you previously teach?\").next().contains(\"Computing\");\n  cy.contains(\"Which subject would you like to teach if you return to teaching?\").next().contains(\"Physics\");\n  cy.contains(\"Where do you live?\").next().contains(\"UK\");\n  cy.clickOnContinueButton();\n  cy.acceptPolicy();\n  cy.get(\".govuk-panel__title\").then(function (signuptext) {\n    signuptext = signuptext.text().trim();\n    expect(signuptext).to.equal(\"Thank you  Sign up complete\");\n  });\n});",
              "err": {},
              "uuid": "4d7708cc-53e0-405f-a65e-288c7e5c81f6",
              "parentUUID": "f4cb4149-e291-4612-9d31-42f09dcfdc68",
              "isHook": false,
              "skipped": false
            }
          ],
          "suites": [],
          "passes": [
            "44606da6-af09-4d0f-ad04-425d3dc82713",
            "9603b0af-bd6b-4915-9eb3-5fb08b2cfa8c",
            "1449df12-f06d-4700-aecb-50d319fc6163",
            "4d7708cc-53e0-405f-a65e-288c7e5c81f6"
          ],
          "failures": [],
          "pending": [],
          "skipped": [],
          "duration": 48520,
          "root": false,
          "rootEmpty": false,
          "_timeout": 2000
        },
        {
          "uuid": "d6408310-5996-45d2-a093-c13ca570f01f",
          "title": "Feature - 404 Not Found unknown_route : Mon Nov 30 2020 23:30:55 GMT+0000 (Coordinated Universal Time)",
          "fullFile": "",
          "file": "",
          "beforeHooks": [],
          "afterHooks": [],
          "tests": [
            {
              "title": "It should show \"404\tNot Found unknown_route\" if the user enters a bad URL",
              "fullTitle": "Feature - 404 Not Found unknown_route : Mon Nov 30 2020 23:30:55 GMT+0000 (Coordinated Universal Time) It should show \"404\tNot Found unknown_route\" if the user enters a bad URL",
              "timedOut": null,
              "duration": 283,
              "state": "passed",
              "speed": "slow",
              "pass": true,
              "fail": false,
              "pending": false,
              "context": null,
              "code": "cy.visit({\n  url: \"https://get-teacher-training-adviser-services-test.london.cloudapps.digital/\",\n  method: \"GET\",\n  failOnStatusCode: false\n});\ncy.verify404ErrorMessage();",
              "err": {},
              "uuid": "f8d85483-e4b1-484c-a968-8cd4e3c5f267",
              "parentUUID": "d6408310-5996-45d2-a093-c13ca570f01f",
              "isHook": false,
              "skipped": false
            }
          ],
          "suites": [],
          "passes": [
            "f8d85483-e4b1-484c-a968-8cd4e3c5f267"
          ],
          "failures": [],
          "pending": [],
          "skipped": [],
          "duration": 283,
          "root": false,
          "rootEmpty": false,
          "_timeout": 2000
        }
      ],
      "passes": [],
      "failures": [],
      "pending": [],
      "skipped": [],
      "duration": 0,
      "root": true,
      "rootEmpty": true,
      "_timeout": 2000
    }
  ],
  "meta": {
    "mocha": {
      "version": "7.0.1"
    },
    "mochawesome": {
      "options": {
        "quiet": false,
        "reportFilename": "testreport",
        "saveHtml": false,
        "saveJson": true,
        "consoleReporter": "spec",
        "useInlineDiffs": false,
        "code": true
      },
      "version": "6.2.1"
    },
    "marge": {
      "options": {
        "id": "default",
        "reportDir": "cypress/reports",
        "reportFilename": "testreport",
        "quite": true,
        "overwrite": false,
        "html": false,
        "json": true
      },
      "version": "5.1.0"
    }
  }
}